[0.531s] [34mcolcon[0m [1;30mDEBUG[0m [32mCommand line arguments: ['/opt/anaconda3/envs/ros2/bin/colcon', 'build'][0m
[0.531s] [34mcolcon[0m [1;30mDEBUG[0m [32mParsed command line arguments: Namespace(log_base=None, log_level=None, verb_name='build', build_base='build', install_base='install', merge_install=False, symlink_install=False, test_result_base=None, continue_on_error=False, executor='parallel', parallel_workers=10, event_handlers=None, ignore_user_meta=False, metas=['./colcon.meta'], base_paths=['.'], packages_ignore=None, packages_ignore_regex=None, paths=None, packages_up_to=None, packages_up_to_regex=None, packages_above=None, packages_above_and_dependencies=None, packages_above_depth=None, packages_select_by_dep=None, packages_skip_by_dep=None, packages_skip_up_to=None, packages_select_build_failed=False, packages_skip_build_finished=False, packages_select_test_failures=False, packages_skip_test_passed=False, packages_select=None, packages_skip=None, packages_select_regex=None, packages_skip_regex=None, packages_start=None, packages_end=None, cmake_args=None, cmake_target=None, cmake_target_skip_unavailable=False, cmake_clean_cache=False, cmake_clean_first=False, cmake_force_configure=False, ament_cmake_args=None, catkin_cmake_args=None, catkin_skip_building_tests=False, verb_parser=<colcon_defaults.argument_parser.defaults.DefaultArgumentsDecorator object at 0x103db6890>, verb_extension=<colcon_core.verb.build.BuildVerb object at 0x103db6320>, main=<bound method BuildVerb.main of <colcon_core.verb.build.BuildVerb object at 0x103db6320>>)[0m
[0.568s] [34mcolcon.colcon_core.package_discovery[0m [1;30mLevel 1[0m discover_packages(colcon_meta) check parameters
[0.568s] [34mcolcon.colcon_core.package_discovery[0m [1;30mLevel 1[0m discover_packages(recursive) check parameters
[0.568s] [34mcolcon.colcon_core.package_discovery[0m [1;30mLevel 1[0m discover_packages(ignore) check parameters
[0.568s] [34mcolcon.colcon_core.package_discovery[0m [1;30mLevel 1[0m discover_packages(path) check parameters
[0.568s] [34mcolcon.colcon_core.package_discovery[0m [1;30mLevel 1[0m discover_packages(colcon_meta) discover
[0.568s] [34mcolcon.colcon_core.package_discovery[0m [1;30mLevel 1[0m discover_packages(recursive) discover
[0.568s] [34mcolcon.colcon_core.package_discovery[0m [1;30mINFO[0m Crawling recursively for packages in '/Users/amitgedj/Library/CloudStorage/OneDrive-Personal/University/MsC/Thesis/GitHub/ROS_files'
[0.568s] [34mcolcon.colcon_core.package_identification[0m [1;30mLevel 1[0m _identify(.) by extensions ['ignore', 'ignore_ament_install']
[0.568s] [34mcolcon.colcon_core.package_identification[0m [1;30mLevel 1[0m _identify(.) by extension 'ignore'
[0.568s] [34mcolcon.colcon_core.package_identification[0m [1;30mLevel 1[0m _identify(.) by extension 'ignore_ament_install'
[0.568s] [34mcolcon.colcon_core.package_identification[0m [1;30mLevel 1[0m _identify(.) by extensions ['colcon_pkg']
[0.568s] [34mcolcon.colcon_core.package_identification[0m [1;30mLevel 1[0m _identify(.) by extension 'colcon_pkg'
[0.568s] [34mcolcon.colcon_core.package_identification[0m [1;30mLevel 1[0m _identify(.) by extensions ['colcon_meta']
[0.568s] [34mcolcon.colcon_core.package_identification[0m [1;30mLevel 1[0m _identify(.) by extension 'colcon_meta'
[0.568s] [34mcolcon.colcon_core.package_identification[0m [1;30mLevel 1[0m _identify(.) by extensions ['ros']
[0.568s] [34mcolcon.colcon_core.package_identification[0m [1;30mLevel 1[0m _identify(.) by extension 'ros'
[0.583s] [34mcolcon.colcon_core.package_identification[0m [1;30mLevel 1[0m _identify(.) by extensions ['cmake', 'python']
[0.584s] [34mcolcon.colcon_core.package_identification[0m [1;30mLevel 1[0m _identify(.) by extension 'cmake'
[0.584s] [34mcolcon.colcon_core.package_identification[0m [1;30mLevel 1[0m _identify(.) by extension 'python'
[0.584s] [34mcolcon.colcon_core.package_identification[0m [1;30mLevel 1[0m _identify(.) by extensions ['python_setup_py']
[0.584s] [34mcolcon.colcon_core.package_identification[0m [1;30mLevel 1[0m _identify(.) by extension 'python_setup_py'
[0.584s] [34mcolcon.colcon_core.package_identification[0m [1;30mLevel 1[0m _identify(build) by extensions ['ignore', 'ignore_ament_install']
[0.584s] [34mcolcon.colcon_core.package_identification[0m [1;30mLevel 1[0m _identify(build) by extension 'ignore'
[0.584s] [34mcolcon.colcon_core.package_identification[0m [1;30mLevel 1[0m _identify(build) ignored
[0.584s] [34mcolcon.colcon_core.package_identification[0m [1;30mLevel 1[0m _identify(install) by extensions ['ignore', 'ignore_ament_install']
[0.584s] [34mcolcon.colcon_core.package_identification[0m [1;30mLevel 1[0m _identify(install) by extension 'ignore'
[0.584s] [34mcolcon.colcon_core.package_identification[0m [1;30mLevel 1[0m _identify(install) ignored
[0.584s] [34mcolcon.colcon_core.package_identification[0m [1;30mLevel 1[0m _identify(log) by extensions ['ignore', 'ignore_ament_install']
[0.584s] [34mcolcon.colcon_core.package_identification[0m [1;30mLevel 1[0m _identify(log) by extension 'ignore'
[0.584s] [34mcolcon.colcon_core.package_identification[0m [1;30mLevel 1[0m _identify(log) ignored
[0.584s] [34mcolcon.colcon_core.package_identification[0m [1;30mLevel 1[0m _identify(src) by extensions ['ignore', 'ignore_ament_install']
[0.584s] [34mcolcon.colcon_core.package_identification[0m [1;30mLevel 1[0m _identify(src) by extension 'ignore'
[0.584s] [34mcolcon.colcon_core.package_identification[0m [1;30mLevel 1[0m _identify(src) by extension 'ignore_ament_install'
[0.584s] [34mcolcon.colcon_core.package_identification[0m [1;30mLevel 1[0m _identify(src) by extensions ['colcon_pkg']
[0.584s] [34mcolcon.colcon_core.package_identification[0m [1;30mLevel 1[0m _identify(src) by extension 'colcon_pkg'
[0.584s] [34mcolcon.colcon_core.package_identification[0m [1;30mLevel 1[0m _identify(src) by extensions ['colcon_meta']
[0.584s] [34mcolcon.colcon_core.package_identification[0m [1;30mLevel 1[0m _identify(src) by extension 'colcon_meta'
[0.584s] [34mcolcon.colcon_core.package_identification[0m [1;30mLevel 1[0m _identify(src) by extensions ['ros']
[0.584s] [34mcolcon.colcon_core.package_identification[0m [1;30mLevel 1[0m _identify(src) by extension 'ros'
[0.584s] [34mcolcon.colcon_core.package_identification[0m [1;30mLevel 1[0m _identify(src) by extensions ['cmake', 'python']
[0.584s] [34mcolcon.colcon_core.package_identification[0m [1;30mLevel 1[0m _identify(src) by extension 'cmake'
[0.584s] [34mcolcon.colcon_core.package_identification[0m [1;30mLevel 1[0m _identify(src) by extension 'python'
[0.584s] [34mcolcon.colcon_core.package_identification[0m [1;30mLevel 1[0m _identify(src) by extensions ['python_setup_py']
[0.584s] [34mcolcon.colcon_core.package_identification[0m [1;30mLevel 1[0m _identify(src) by extension 'python_setup_py'
[0.584s] [34mcolcon.colcon_core.package_identification[0m [1;30mLevel 1[0m _identify(src/drone_c) by extensions ['ignore', 'ignore_ament_install']
[0.584s] [34mcolcon.colcon_core.package_identification[0m [1;30mLevel 1[0m _identify(src/drone_c) by extension 'ignore'
[0.584s] [34mcolcon.colcon_core.package_identification[0m [1;30mLevel 1[0m _identify(src/drone_c) by extension 'ignore_ament_install'
[0.585s] [34mcolcon.colcon_core.package_identification[0m [1;30mLevel 1[0m _identify(src/drone_c) by extensions ['colcon_pkg']
[0.585s] [34mcolcon.colcon_core.package_identification[0m [1;30mLevel 1[0m _identify(src/drone_c) by extension 'colcon_pkg'
[0.585s] [34mcolcon.colcon_core.package_identification[0m [1;30mLevel 1[0m _identify(src/drone_c) by extensions ['colcon_meta']
[0.585s] [34mcolcon.colcon_core.package_identification[0m [1;30mLevel 1[0m _identify(src/drone_c) by extension 'colcon_meta'
[0.585s] [34mcolcon.colcon_core.package_identification[0m [1;30mLevel 1[0m _identify(src/drone_c) by extensions ['ros']
[0.585s] [34mcolcon.colcon_core.package_identification[0m [1;30mLevel 1[0m _identify(src/drone_c) by extension 'ros'
[0.587s] [34mcolcon.colcon_core.package_identification[0m [1;30mDEBUG[0m [32mPackage 'src/drone_c' with type 'ros.ament_cmake' and name 'drone_c'[0m
[0.587s] [34mcolcon.colcon_core.package_identification[0m [1;30mLevel 1[0m _identify(src/drone_tuner) by extensions ['ignore', 'ignore_ament_install']
[0.587s] [34mcolcon.colcon_core.package_identification[0m [1;30mLevel 1[0m _identify(src/drone_tuner) by extension 'ignore'
[0.587s] [34mcolcon.colcon_core.package_identification[0m [1;30mLevel 1[0m _identify(src/drone_tuner) by extension 'ignore_ament_install'
[0.587s] [34mcolcon.colcon_core.package_identification[0m [1;30mLevel 1[0m _identify(src/drone_tuner) by extensions ['colcon_pkg']
[0.587s] [34mcolcon.colcon_core.package_identification[0m [1;30mLevel 1[0m _identify(src/drone_tuner) by extension 'colcon_pkg'
[0.587s] [34mcolcon.colcon_core.package_identification[0m [1;30mLevel 1[0m _identify(src/drone_tuner) by extensions ['colcon_meta']
[0.587s] [34mcolcon.colcon_core.package_identification[0m [1;30mLevel 1[0m _identify(src/drone_tuner) by extension 'colcon_meta'
[0.587s] [34mcolcon.colcon_core.package_identification[0m [1;30mLevel 1[0m _identify(src/drone_tuner) by extensions ['ros']
[0.587s] [34mcolcon.colcon_core.package_identification[0m [1;30mLevel 1[0m _identify(src/drone_tuner) by extension 'ros'
[0.587s] [34mcolcon.colcon_core.package_identification[0m [1;30mDEBUG[0m [32mPackage 'src/drone_tuner' with type 'ros.ament_python' and name 'drone_tuner'[0m
[0.588s] [34mcolcon.colcon_core.package_discovery[0m [1;30mLevel 1[0m discover_packages(recursive) using defaults
[0.588s] [34mcolcon.colcon_core.package_discovery[0m [1;30mLevel 1[0m discover_packages(ignore) discover
[0.588s] [34mcolcon.colcon_core.package_discovery[0m [1;30mLevel 1[0m discover_packages(ignore) using defaults
[0.588s] [34mcolcon.colcon_core.package_discovery[0m [1;30mLevel 1[0m discover_packages(path) discover
[0.588s] [34mcolcon.colcon_core.package_discovery[0m [1;30mLevel 1[0m discover_packages(path) using defaults
[0.625s] [34mcolcon.colcon_core.verb[0m [1;30mLevel 5[0m set package 'drone_c' build argument 'cmake_args' from command line to 'None'
[0.625s] [34mcolcon.colcon_core.verb[0m [1;30mLevel 5[0m set package 'drone_c' build argument 'cmake_target' from command line to 'None'
[0.625s] [34mcolcon.colcon_core.verb[0m [1;30mLevel 5[0m set package 'drone_c' build argument 'cmake_target_skip_unavailable' from command line to 'False'
[0.625s] [34mcolcon.colcon_core.verb[0m [1;30mLevel 5[0m set package 'drone_c' build argument 'cmake_clean_cache' from command line to 'False'
[0.625s] [34mcolcon.colcon_core.verb[0m [1;30mLevel 5[0m set package 'drone_c' build argument 'cmake_clean_first' from command line to 'False'
[0.625s] [34mcolcon.colcon_core.verb[0m [1;30mLevel 5[0m set package 'drone_c' build argument 'cmake_force_configure' from command line to 'False'
[0.625s] [34mcolcon.colcon_core.verb[0m [1;30mLevel 5[0m set package 'drone_c' build argument 'ament_cmake_args' from command line to 'None'
[0.625s] [34mcolcon.colcon_core.verb[0m [1;30mLevel 5[0m set package 'drone_c' build argument 'catkin_cmake_args' from command line to 'None'
[0.625s] [34mcolcon.colcon_core.verb[0m [1;30mLevel 5[0m set package 'drone_c' build argument 'catkin_skip_building_tests' from command line to 'False'
[0.625s] [34mcolcon.colcon_core.verb[0m [1;30mDEBUG[0m [32mBuilding package 'drone_c' with the following arguments: {'ament_cmake_args': None, 'build_base': '/Users/amitgedj/Library/CloudStorage/OneDrive-Personal/University/MsC/Thesis/GitHub/ROS_files/build/drone_c', 'catkin_cmake_args': None, 'catkin_skip_building_tests': False, 'cmake_args': None, 'cmake_clean_cache': False, 'cmake_clean_first': False, 'cmake_force_configure': False, 'cmake_target': None, 'cmake_target_skip_unavailable': False, 'install_base': '/Users/amitgedj/Library/CloudStorage/OneDrive-Personal/University/MsC/Thesis/GitHub/ROS_files/install/drone_c', 'merge_install': False, 'path': '/Users/amitgedj/Library/CloudStorage/OneDrive-Personal/University/MsC/Thesis/GitHub/ROS_files/src/drone_c', 'symlink_install': False, 'test_result_base': None}[0m
[0.629s] [34mcolcon.colcon_core.verb[0m [1;30mLevel 5[0m set package 'drone_tuner' build argument 'cmake_args' from command line to 'None'
[0.629s] [34mcolcon.colcon_core.verb[0m [1;30mLevel 5[0m set package 'drone_tuner' build argument 'cmake_target' from command line to 'None'
[0.629s] [34mcolcon.colcon_core.verb[0m [1;30mLevel 5[0m set package 'drone_tuner' build argument 'cmake_target_skip_unavailable' from command line to 'False'
[0.630s] [34mcolcon.colcon_core.verb[0m [1;30mLevel 5[0m set package 'drone_tuner' build argument 'cmake_clean_cache' from command line to 'False'
[0.630s] [34mcolcon.colcon_core.verb[0m [1;30mLevel 5[0m set package 'drone_tuner' build argument 'cmake_clean_first' from command line to 'False'
[0.630s] [34mcolcon.colcon_core.verb[0m [1;30mLevel 5[0m set package 'drone_tuner' build argument 'cmake_force_configure' from command line to 'False'
[0.630s] [34mcolcon.colcon_core.verb[0m [1;30mLevel 5[0m set package 'drone_tuner' build argument 'ament_cmake_args' from command line to 'None'
[0.630s] [34mcolcon.colcon_core.verb[0m [1;30mLevel 5[0m set package 'drone_tuner' build argument 'catkin_cmake_args' from command line to 'None'
[0.630s] [34mcolcon.colcon_core.verb[0m [1;30mLevel 5[0m set package 'drone_tuner' build argument 'catkin_skip_building_tests' from command line to 'False'
[0.630s] [34mcolcon.colcon_core.verb[0m [1;30mDEBUG[0m [32mBuilding package 'drone_tuner' with the following arguments: {'ament_cmake_args': None, 'build_base': '/Users/amitgedj/Library/CloudStorage/OneDrive-Personal/University/MsC/Thesis/GitHub/ROS_files/build/drone_tuner', 'catkin_cmake_args': None, 'catkin_skip_building_tests': False, 'cmake_args': None, 'cmake_clean_cache': False, 'cmake_clean_first': False, 'cmake_force_configure': False, 'cmake_target': None, 'cmake_target_skip_unavailable': False, 'install_base': '/Users/amitgedj/Library/CloudStorage/OneDrive-Personal/University/MsC/Thesis/GitHub/ROS_files/install/drone_tuner', 'merge_install': False, 'path': '/Users/amitgedj/Library/CloudStorage/OneDrive-Personal/University/MsC/Thesis/GitHub/ROS_files/src/drone_tuner', 'symlink_install': False, 'test_result_base': None}[0m
[0.631s] [34mcolcon.colcon_core.executor[0m [1;30mINFO[0m Executing jobs using 'parallel' executor
[0.637s] [34mcolcon.colcon_parallel_executor.executor.parallel[0m [1;30mDEBUG[0m [32mrun_until_complete[0m
[0.637s] [34mcolcon.colcon_ros.task.ament_cmake.build[0m [1;30mINFO[0m Building ROS package in '/Users/amitgedj/Library/CloudStorage/OneDrive-Personal/University/MsC/Thesis/GitHub/ROS_files/src/drone_c' with build type 'ament_cmake'
[0.637s] [34mcolcon.colcon_cmake.task.cmake.build[0m [1;30mINFO[0m Building CMake package in '/Users/amitgedj/Library/CloudStorage/OneDrive-Personal/University/MsC/Thesis/GitHub/ROS_files/src/drone_c'
[0.644s] [34mcolcon.colcon_core.plugin_system[0m [1;30mINFO[0m Skipping extension 'colcon_core.shell.bat': Not used on non-Windows systems
[0.644s] [34mcolcon.colcon_core.shell[0m [1;30mINFO[0m Skip shell extension 'powershell' for command environment: Not usable outside of PowerShell
[0.644s] [34mcolcon.colcon_core.shell[0m [1;30mDEBUG[0m [32mSkip shell extension 'dsv' for command environment[0m
[0.671s] [34mcolcon.colcon_core.event_handler.log_command[0m [1;30mDEBUG[0m [32mInvoking command in '/Users/amitgedj/Library/CloudStorage/OneDrive-Personal/University/MsC/Thesis/GitHub/ROS_files/build/drone_c': CMAKE_PREFIX_PATH=${CMAKE_PREFIX_PATH}:/Users/amitgedj/Library/CloudStorage/OneDrive-Personal/University/MsC/Thesis/GitHub/ROS_files/install/drone_tuner CONDA_PROMPT_MODIFIER=(ros2) SHLVL=2 _=/opt/anaconda3/envs/ros2/bin/env __CF_USER_TEXT_ENCODING=0x1F5:0x0:0x0 /opt/anaconda3/envs/ros2/bin/cmake --build /Users/amitgedj/Library/CloudStorage/OneDrive-Personal/University/MsC/Thesis/GitHub/ROS_files/build/drone_c -- -j10 -l10[0m
[1.189s] [34mcolcon.colcon_core.event_handler.log_command[0m [1;30mDEBUG[0m [32mInvoked command in '/Users/amitgedj/Library/CloudStorage/OneDrive-Personal/University/MsC/Thesis/GitHub/ROS_files/build/drone_c' returned '0': CMAKE_PREFIX_PATH=${CMAKE_PREFIX_PATH}:/Users/amitgedj/Library/CloudStorage/OneDrive-Personal/University/MsC/Thesis/GitHub/ROS_files/install/drone_tuner CONDA_PROMPT_MODIFIER=(ros2) SHLVL=2 _=/opt/anaconda3/envs/ros2/bin/env __CF_USER_TEXT_ENCODING=0x1F5:0x0:0x0 /opt/anaconda3/envs/ros2/bin/cmake --build /Users/amitgedj/Library/CloudStorage/OneDrive-Personal/University/MsC/Thesis/GitHub/ROS_files/build/drone_c -- -j10 -l10[0m
[1.767s] [34mcolcon.colcon_core.event_handler.log_command[0m [1;30mDEBUG[0m [32mInvoking command in '/Users/amitgedj/Library/CloudStorage/OneDrive-Personal/University/MsC/Thesis/GitHub/ROS_files/build/drone_c': CMAKE_PREFIX_PATH=${CMAKE_PREFIX_PATH}:/Users/amitgedj/Library/CloudStorage/OneDrive-Personal/University/MsC/Thesis/GitHub/ROS_files/install/drone_tuner CONDA_PROMPT_MODIFIER=(ros2) SHLVL=2 _=/opt/anaconda3/envs/ros2/bin/env __CF_USER_TEXT_ENCODING=0x1F5:0x0:0x0 /opt/anaconda3/envs/ros2/bin/cmake --install /Users/amitgedj/Library/CloudStorage/OneDrive-Personal/University/MsC/Thesis/GitHub/ROS_files/build/drone_c[0m
[1.906s] [34mcolcon.colcon_core.environment[0m [1;30mLevel 1[0m create_environment_scripts_only(drone_c)
[1.908s] [34mcolcon.colcon_core.event_handler.log_command[0m [1;30mDEBUG[0m [32mInvoked command in '/Users/amitgedj/Library/CloudStorage/OneDrive-Personal/University/MsC/Thesis/GitHub/ROS_files/build/drone_c' returned '0': CMAKE_PREFIX_PATH=${CMAKE_PREFIX_PATH}:/Users/amitgedj/Library/CloudStorage/OneDrive-Personal/University/MsC/Thesis/GitHub/ROS_files/install/drone_tuner CONDA_PROMPT_MODIFIER=(ros2) SHLVL=2 _=/opt/anaconda3/envs/ros2/bin/env __CF_USER_TEXT_ENCODING=0x1F5:0x0:0x0 /opt/anaconda3/envs/ros2/bin/cmake --install /Users/amitgedj/Library/CloudStorage/OneDrive-Personal/University/MsC/Thesis/GitHub/ROS_files/build/drone_c[0m
[1.914s] [34mcolcon.colcon_core.environment[0m [1;30mLevel 1[0m checking '/Users/amitgedj/Library/CloudStorage/OneDrive-Personal/University/MsC/Thesis/GitHub/ROS_files/install/drone_c' for CMake module files
[1.915s] [34mcolcon.colcon_core.environment[0m [1;30mLevel 1[0m checking '/Users/amitgedj/Library/CloudStorage/OneDrive-Personal/University/MsC/Thesis/GitHub/ROS_files/install/drone_c' for CMake config files
[1.917s] [34mcolcon.colcon_core.shell[0m [1;30mLevel 1[0m create_environment_hook('drone_c', 'cmake_prefix_path')
[1.920s] [34mcolcon.colcon_core.shell[0m [1;30mINFO[0m Creating environment hook '/Users/amitgedj/Library/CloudStorage/OneDrive-Personal/University/MsC/Thesis/GitHub/ROS_files/install/drone_c/share/drone_c/hook/cmake_prefix_path.ps1'
[1.921s] [34mcolcon.colcon_core.shell[0m [1;30mINFO[0m Creating environment descriptor '/Users/amitgedj/Library/CloudStorage/OneDrive-Personal/University/MsC/Thesis/GitHub/ROS_files/install/drone_c/share/drone_c/hook/cmake_prefix_path.dsv'
[1.921s] [34mcolcon.colcon_core.shell[0m [1;30mINFO[0m Creating environment hook '/Users/amitgedj/Library/CloudStorage/OneDrive-Personal/University/MsC/Thesis/GitHub/ROS_files/install/drone_c/share/drone_c/hook/cmake_prefix_path.sh'
[1.922s] [34mcolcon.colcon_core.environment[0m [1;30mLevel 1[0m checking '/Users/amitgedj/Library/CloudStorage/OneDrive-Personal/University/MsC/Thesis/GitHub/ROS_files/install/drone_c/lib'
[1.922s] [34mcolcon.colcon_core.shell[0m [1;30mLevel 1[0m create_environment_hook('drone_c', 'dyld_library_path')
[1.925s] [34mcolcon.colcon_core.shell[0m [1;30mINFO[0m Creating environment hook '/Users/amitgedj/Library/CloudStorage/OneDrive-Personal/University/MsC/Thesis/GitHub/ROS_files/install/drone_c/share/drone_c/hook/dyld_library_path.ps1'
[1.925s] [34mcolcon.colcon_core.shell[0m [1;30mINFO[0m Creating environment descriptor '/Users/amitgedj/Library/CloudStorage/OneDrive-Personal/University/MsC/Thesis/GitHub/ROS_files/install/drone_c/share/drone_c/hook/dyld_library_path.dsv'
[1.925s] [34mcolcon.colcon_core.shell[0m [1;30mINFO[0m Creating environment hook '/Users/amitgedj/Library/CloudStorage/OneDrive-Personal/University/MsC/Thesis/GitHub/ROS_files/install/drone_c/share/drone_c/hook/dyld_library_path.sh'
[1.925s] [34mcolcon.colcon_core.environment[0m [1;30mLevel 1[0m checking '/Users/amitgedj/Library/CloudStorage/OneDrive-Personal/University/MsC/Thesis/GitHub/ROS_files/install/drone_c/bin'
[1.925s] [34mcolcon.colcon_core.environment[0m [1;30mLevel 1[0m checking '/Users/amitgedj/Library/CloudStorage/OneDrive-Personal/University/MsC/Thesis/GitHub/ROS_files/install/drone_c/lib/pkgconfig/drone_c.pc'
[1.925s] [34mcolcon.colcon_core.environment[0m [1;30mLevel 1[0m checking '/Users/amitgedj/Library/CloudStorage/OneDrive-Personal/University/MsC/Thesis/GitHub/ROS_files/install/drone_c/lib/python3.10/site-packages'
[1.925s] [34mcolcon.colcon_core.shell[0m [1;30mLevel 1[0m create_environment_hook('drone_c', 'pythonpath')
[1.928s] [34mcolcon.colcon_core.shell[0m [1;30mINFO[0m Creating environment hook '/Users/amitgedj/Library/CloudStorage/OneDrive-Personal/University/MsC/Thesis/GitHub/ROS_files/install/drone_c/share/drone_c/hook/pythonpath.ps1'
[1.929s] [34mcolcon.colcon_core.shell[0m [1;30mINFO[0m Creating environment descriptor '/Users/amitgedj/Library/CloudStorage/OneDrive-Personal/University/MsC/Thesis/GitHub/ROS_files/install/drone_c/share/drone_c/hook/pythonpath.dsv'
[1.929s] [34mcolcon.colcon_core.shell[0m [1;30mINFO[0m Creating environment hook '/Users/amitgedj/Library/CloudStorage/OneDrive-Personal/University/MsC/Thesis/GitHub/ROS_files/install/drone_c/share/drone_c/hook/pythonpath.sh'
[1.929s] [34mcolcon.colcon_core.environment[0m [1;30mLevel 1[0m checking '/Users/amitgedj/Library/CloudStorage/OneDrive-Personal/University/MsC/Thesis/GitHub/ROS_files/install/drone_c/bin'
[1.932s] [34mcolcon.colcon_core.shell[0m [1;30mINFO[0m Creating package script '/Users/amitgedj/Library/CloudStorage/OneDrive-Personal/University/MsC/Thesis/GitHub/ROS_files/install/drone_c/share/drone_c/package.ps1'
[1.933s] [34mcolcon.colcon_core.shell[0m [1;30mINFO[0m Creating package descriptor '/Users/amitgedj/Library/CloudStorage/OneDrive-Personal/University/MsC/Thesis/GitHub/ROS_files/install/drone_c/share/drone_c/package.dsv'
[1.933s] [34mcolcon.colcon_core.shell[0m [1;30mINFO[0m Creating package script '/Users/amitgedj/Library/CloudStorage/OneDrive-Personal/University/MsC/Thesis/GitHub/ROS_files/install/drone_c/share/drone_c/package.sh'
[1.934s] [34mcolcon.colcon_core.shell[0m [1;30mINFO[0m Creating package script '/Users/amitgedj/Library/CloudStorage/OneDrive-Personal/University/MsC/Thesis/GitHub/ROS_files/install/drone_c/share/drone_c/package.bash'
[1.934s] [34mcolcon.colcon_core.shell[0m [1;30mINFO[0m Creating package script '/Users/amitgedj/Library/CloudStorage/OneDrive-Personal/University/MsC/Thesis/GitHub/ROS_files/install/drone_c/share/drone_c/package.zsh'
[1.935s] [34mcolcon.colcon_core.environment[0m [1;30mLevel 1[0m create_file_with_runtime_dependencies(/Users/amitgedj/Library/CloudStorage/OneDrive-Personal/University/MsC/Thesis/GitHub/ROS_files/install/drone_c/share/colcon-core/packages/drone_c)
[2.481s] [34mcolcon.colcon_core.environment[0m [1;30mLevel 1[0m create_environment_scripts_only(drone_c)
[2.484s] [34mcolcon.colcon_core.environment[0m [1;30mLevel 1[0m checking '/Users/amitgedj/Library/CloudStorage/OneDrive-Personal/University/MsC/Thesis/GitHub/ROS_files/install/drone_c' for CMake module files
[2.485s] [34mcolcon.colcon_core.environment[0m [1;30mLevel 1[0m checking '/Users/amitgedj/Library/CloudStorage/OneDrive-Personal/University/MsC/Thesis/GitHub/ROS_files/install/drone_c' for CMake config files
[2.486s] [34mcolcon.colcon_core.shell[0m [1;30mLevel 1[0m create_environment_hook('drone_c', 'cmake_prefix_path')
[2.489s] [34mcolcon.colcon_core.shell[0m [1;30mINFO[0m Creating environment hook '/Users/amitgedj/Library/CloudStorage/OneDrive-Personal/University/MsC/Thesis/GitHub/ROS_files/install/drone_c/share/drone_c/hook/cmake_prefix_path.ps1'
[2.489s] [34mcolcon.colcon_core.shell[0m [1;30mINFO[0m Creating environment descriptor '/Users/amitgedj/Library/CloudStorage/OneDrive-Personal/University/MsC/Thesis/GitHub/ROS_files/install/drone_c/share/drone_c/hook/cmake_prefix_path.dsv'
[2.489s] [34mcolcon.colcon_core.shell[0m [1;30mINFO[0m Creating environment hook '/Users/amitgedj/Library/CloudStorage/OneDrive-Personal/University/MsC/Thesis/GitHub/ROS_files/install/drone_c/share/drone_c/hook/cmake_prefix_path.sh'
[2.490s] [34mcolcon.colcon_core.environment[0m [1;30mLevel 1[0m checking '/Users/amitgedj/Library/CloudStorage/OneDrive-Personal/University/MsC/Thesis/GitHub/ROS_files/install/drone_c/lib'
[2.490s] [34mcolcon.colcon_core.shell[0m [1;30mLevel 1[0m create_environment_hook('drone_c', 'dyld_library_path')
[2.492s] [34mcolcon.colcon_core.shell[0m [1;30mINFO[0m Creating environment hook '/Users/amitgedj/Library/CloudStorage/OneDrive-Personal/University/MsC/Thesis/GitHub/ROS_files/install/drone_c/share/drone_c/hook/dyld_library_path.ps1'
[2.493s] [34mcolcon.colcon_core.shell[0m [1;30mINFO[0m Creating environment descriptor '/Users/amitgedj/Library/CloudStorage/OneDrive-Personal/University/MsC/Thesis/GitHub/ROS_files/install/drone_c/share/drone_c/hook/dyld_library_path.dsv'
[2.493s] [34mcolcon.colcon_core.shell[0m [1;30mINFO[0m Creating environment hook '/Users/amitgedj/Library/CloudStorage/OneDrive-Personal/University/MsC/Thesis/GitHub/ROS_files/install/drone_c/share/drone_c/hook/dyld_library_path.sh'
[2.493s] [34mcolcon.colcon_core.environment[0m [1;30mLevel 1[0m checking '/Users/amitgedj/Library/CloudStorage/OneDrive-Personal/University/MsC/Thesis/GitHub/ROS_files/install/drone_c/bin'
[2.493s] [34mcolcon.colcon_core.environment[0m [1;30mLevel 1[0m checking '/Users/amitgedj/Library/CloudStorage/OneDrive-Personal/University/MsC/Thesis/GitHub/ROS_files/install/drone_c/lib/pkgconfig/drone_c.pc'
[2.493s] [34mcolcon.colcon_core.environment[0m [1;30mLevel 1[0m checking '/Users/amitgedj/Library/CloudStorage/OneDrive-Personal/University/MsC/Thesis/GitHub/ROS_files/install/drone_c/lib/python3.10/site-packages'
[2.493s] [34mcolcon.colcon_core.shell[0m [1;30mLevel 1[0m create_environment_hook('drone_c', 'pythonpath')
[2.496s] [34mcolcon.colcon_core.shell[0m [1;30mINFO[0m Creating environment hook '/Users/amitgedj/Library/CloudStorage/OneDrive-Personal/University/MsC/Thesis/GitHub/ROS_files/install/drone_c/share/drone_c/hook/pythonpath.ps1'
[2.496s] [34mcolcon.colcon_core.shell[0m [1;30mINFO[0m Creating environment descriptor '/Users/amitgedj/Library/CloudStorage/OneDrive-Personal/University/MsC/Thesis/GitHub/ROS_files/install/drone_c/share/drone_c/hook/pythonpath.dsv'
[2.496s] [34mcolcon.colcon_core.shell[0m [1;30mINFO[0m Creating environment hook '/Users/amitgedj/Library/CloudStorage/OneDrive-Personal/University/MsC/Thesis/GitHub/ROS_files/install/drone_c/share/drone_c/hook/pythonpath.sh'
[2.496s] [34mcolcon.colcon_core.environment[0m [1;30mLevel 1[0m checking '/Users/amitgedj/Library/CloudStorage/OneDrive-Personal/University/MsC/Thesis/GitHub/ROS_files/install/drone_c/bin'
[2.499s] [34mcolcon.colcon_core.shell[0m [1;30mINFO[0m Creating package script '/Users/amitgedj/Library/CloudStorage/OneDrive-Personal/University/MsC/Thesis/GitHub/ROS_files/install/drone_c/share/drone_c/package.ps1'
[2.500s] [34mcolcon.colcon_core.shell[0m [1;30mINFO[0m Creating package descriptor '/Users/amitgedj/Library/CloudStorage/OneDrive-Personal/University/MsC/Thesis/GitHub/ROS_files/install/drone_c/share/drone_c/package.dsv'
[2.500s] [34mcolcon.colcon_core.shell[0m [1;30mINFO[0m Creating package script '/Users/amitgedj/Library/CloudStorage/OneDrive-Personal/University/MsC/Thesis/GitHub/ROS_files/install/drone_c/share/drone_c/package.sh'
[2.500s] [34mcolcon.colcon_core.shell[0m [1;30mINFO[0m Creating package script '/Users/amitgedj/Library/CloudStorage/OneDrive-Personal/University/MsC/Thesis/GitHub/ROS_files/install/drone_c/share/drone_c/package.bash'
[2.500s] [34mcolcon.colcon_core.shell[0m [1;30mINFO[0m Creating package script '/Users/amitgedj/Library/CloudStorage/OneDrive-Personal/University/MsC/Thesis/GitHub/ROS_files/install/drone_c/share/drone_c/package.zsh'
[2.501s] [34mcolcon.colcon_core.environment[0m [1;30mLevel 1[0m create_file_with_runtime_dependencies(/Users/amitgedj/Library/CloudStorage/OneDrive-Personal/University/MsC/Thesis/GitHub/ROS_files/install/drone_c/share/colcon-core/packages/drone_c)
[2.501s] [34mcolcon.colcon_ros.task.ament_python.build[0m [1;30mINFO[0m Building ROS package in '/Users/amitgedj/Library/CloudStorage/OneDrive-Personal/University/MsC/Thesis/GitHub/ROS_files/src/drone_tuner' with build type 'ament_python'
[2.501s] [34mcolcon.colcon_core.shell[0m [1;30mLevel 1[0m create_environment_hook('drone_tuner', 'ament_prefix_path')
[2.504s] [34mcolcon.colcon_core.shell[0m [1;30mINFO[0m Creating environment hook '/Users/amitgedj/Library/CloudStorage/OneDrive-Personal/University/MsC/Thesis/GitHub/ROS_files/install/drone_tuner/share/drone_tuner/hook/ament_prefix_path.ps1'
[2.504s] [34mcolcon.colcon_core.shell[0m [1;30mINFO[0m Creating environment descriptor '/Users/amitgedj/Library/CloudStorage/OneDrive-Personal/University/MsC/Thesis/GitHub/ROS_files/install/drone_tuner/share/drone_tuner/hook/ament_prefix_path.dsv'
[2.505s] [34mcolcon.colcon_core.shell[0m [1;30mINFO[0m Creating environment hook '/Users/amitgedj/Library/CloudStorage/OneDrive-Personal/University/MsC/Thesis/GitHub/ROS_files/install/drone_tuner/share/drone_tuner/hook/ament_prefix_path.sh'
[2.508s] [34mcolcon.colcon_core.shell[0m [1;30mINFO[0m Skip shell extension 'powershell' for command environment: Not usable outside of PowerShell
[2.508s] [34mcolcon.colcon_core.shell[0m [1;30mDEBUG[0m [32mSkip shell extension 'dsv' for command environment[0m
[2.743s] [34mcolcon.colcon_core.task.python.build[0m [1;30mINFO[0m Building Python package in '/Users/amitgedj/Library/CloudStorage/OneDrive-Personal/University/MsC/Thesis/GitHub/ROS_files/src/drone_tuner'
[2.746s] [34mcolcon.colcon_core.shell[0m [1;30mINFO[0m Skip shell extension 'powershell' for command environment: Not usable outside of PowerShell
[2.746s] [34mcolcon.colcon_core.shell[0m [1;30mDEBUG[0m [32mSkip shell extension 'dsv' for command environment[0m
[3.045s] [34mcolcon.colcon_core.event_handler.log_command[0m [1;30mDEBUG[0m [32mInvoking command in '/Users/amitgedj/Library/CloudStorage/OneDrive-Personal/University/MsC/Thesis/GitHub/ROS_files/build/drone_tuner': CMAKE_PREFIX_PATH=/Users/amitgedj/Library/CloudStorage/OneDrive-Personal/University/MsC/Thesis/GitHub/ROS_files/install/drone_c:/opt/anaconda3/envs/ros2 CONDA_PROMPT_MODIFIER=(ros2) DYLD_LIBRARY_PATH=/Users/amitgedj/Library/CloudStorage/OneDrive-Personal/University/MsC/Thesis/GitHub/ROS_files/install/drone_c/lib PYTHONPATH=/Users/amitgedj/Library/CloudStorage/OneDrive-Personal/University/MsC/Thesis/GitHub/ROS_files/install/drone_tuner/lib/python3.10/site-packages:/Users/amitgedj/Library/CloudStorage/OneDrive-Personal/University/MsC/Thesis/GitHub/ROS_files/install/drone_c/lib/python3.10/site-packages:/Users/amitgedj/Library/CloudStorage/OneDrive-Personal/University/MsC/Thesis/GitHub/ROS_files/install/drone_tuner/lib/python3.10/site-packages:/opt/anaconda3/envs/ros2/lib/python310/site-packages:/opt/anaconda3/envs/ros2/lib/python3.10/site-packages SHLVL=2 _=/opt/anaconda3/envs/ros2/bin/env __CF_USER_TEXT_ENCODING=0x1F5:0x0:0x0 /opt/anaconda3/envs/ros2/bin/python3.10 setup.py develop --prefix /Users/amitgedj/Library/CloudStorage/OneDrive-Personal/University/MsC/Thesis/GitHub/ROS_files/install/drone_tuner --uninstall --editable --build-directory /Users/amitgedj/Library/CloudStorage/OneDrive-Personal/University/MsC/Thesis/GitHub/ROS_files/build/drone_tuner/build[0m
[3.497s] [34mcolcon.colcon_core.event_handler.log_command[0m [1;30mDEBUG[0m [32mInvoked command in '/Users/amitgedj/Library/CloudStorage/OneDrive-Personal/University/MsC/Thesis/GitHub/ROS_files/build/drone_tuner' returned '0': CMAKE_PREFIX_PATH=/Users/amitgedj/Library/CloudStorage/OneDrive-Personal/University/MsC/Thesis/GitHub/ROS_files/install/drone_c:/opt/anaconda3/envs/ros2 CONDA_PROMPT_MODIFIER=(ros2) DYLD_LIBRARY_PATH=/Users/amitgedj/Library/CloudStorage/OneDrive-Personal/University/MsC/Thesis/GitHub/ROS_files/install/drone_c/lib PYTHONPATH=/Users/amitgedj/Library/CloudStorage/OneDrive-Personal/University/MsC/Thesis/GitHub/ROS_files/install/drone_tuner/lib/python3.10/site-packages:/Users/amitgedj/Library/CloudStorage/OneDrive-Personal/University/MsC/Thesis/GitHub/ROS_files/install/drone_c/lib/python3.10/site-packages:/Users/amitgedj/Library/CloudStorage/OneDrive-Personal/University/MsC/Thesis/GitHub/ROS_files/install/drone_tuner/lib/python3.10/site-packages:/opt/anaconda3/envs/ros2/lib/python310/site-packages:/opt/anaconda3/envs/ros2/lib/python3.10/site-packages SHLVL=2 _=/opt/anaconda3/envs/ros2/bin/env __CF_USER_TEXT_ENCODING=0x1F5:0x0:0x0 /opt/anaconda3/envs/ros2/bin/python3.10 setup.py develop --prefix /Users/amitgedj/Library/CloudStorage/OneDrive-Personal/University/MsC/Thesis/GitHub/ROS_files/install/drone_tuner --uninstall --editable --build-directory /Users/amitgedj/Library/CloudStorage/OneDrive-Personal/University/MsC/Thesis/GitHub/ROS_files/build/drone_tuner/build[0m
[3.499s] [34mcolcon.colcon_core.event_handler.log_command[0m [1;30mDEBUG[0m [32mInvoking command in '/Users/amitgedj/Library/CloudStorage/OneDrive-Personal/University/MsC/Thesis/GitHub/ROS_files/src/drone_tuner': CMAKE_PREFIX_PATH=/Users/amitgedj/Library/CloudStorage/OneDrive-Personal/University/MsC/Thesis/GitHub/ROS_files/install/drone_c:/opt/anaconda3/envs/ros2 CONDA_PROMPT_MODIFIER=(ros2) DYLD_LIBRARY_PATH=/Users/amitgedj/Library/CloudStorage/OneDrive-Personal/University/MsC/Thesis/GitHub/ROS_files/install/drone_c/lib PYTHONPATH=/Users/amitgedj/Library/CloudStorage/OneDrive-Personal/University/MsC/Thesis/GitHub/ROS_files/install/drone_tuner/lib/python3.10/site-packages:/Users/amitgedj/Library/CloudStorage/OneDrive-Personal/University/MsC/Thesis/GitHub/ROS_files/install/drone_c/lib/python3.10/site-packages:/Users/amitgedj/Library/CloudStorage/OneDrive-Personal/University/MsC/Thesis/GitHub/ROS_files/install/drone_tuner/lib/python3.10/site-packages:/opt/anaconda3/envs/ros2/lib/python310/site-packages:/opt/anaconda3/envs/ros2/lib/python3.10/site-packages SHLVL=2 _=/opt/anaconda3/envs/ros2/bin/env __CF_USER_TEXT_ENCODING=0x1F5:0x0:0x0 /opt/anaconda3/envs/ros2/bin/python3.10 setup.py egg_info --egg-base ../../build/drone_tuner build --build-base /Users/amitgedj/Library/CloudStorage/OneDrive-Personal/University/MsC/Thesis/GitHub/ROS_files/build/drone_tuner/build install --prefix /Users/amitgedj/Library/CloudStorage/OneDrive-Personal/University/MsC/Thesis/GitHub/ROS_files/install/drone_tuner --record /Users/amitgedj/Library/CloudStorage/OneDrive-Personal/University/MsC/Thesis/GitHub/ROS_files/build/drone_tuner/install.log --single-version-externally-managed[0m
[3.787s] [34mcolcon.colcon_core.environment[0m [1;30mLevel 1[0m checking '/Users/amitgedj/Library/CloudStorage/OneDrive-Personal/University/MsC/Thesis/GitHub/ROS_files/install/drone_tuner' for CMake module files
[3.787s] [34mcolcon.colcon_core.event_handler.log_command[0m [1;30mDEBUG[0m [32mInvoked command in '/Users/amitgedj/Library/CloudStorage/OneDrive-Personal/University/MsC/Thesis/GitHub/ROS_files/src/drone_tuner' returned '0': CMAKE_PREFIX_PATH=/Users/amitgedj/Library/CloudStorage/OneDrive-Personal/University/MsC/Thesis/GitHub/ROS_files/install/drone_c:/opt/anaconda3/envs/ros2 CONDA_PROMPT_MODIFIER=(ros2) DYLD_LIBRARY_PATH=/Users/amitgedj/Library/CloudStorage/OneDrive-Personal/University/MsC/Thesis/GitHub/ROS_files/install/drone_c/lib PYTHONPATH=/Users/amitgedj/Library/CloudStorage/OneDrive-Personal/University/MsC/Thesis/GitHub/ROS_files/install/drone_tuner/lib/python3.10/site-packages:/Users/amitgedj/Library/CloudStorage/OneDrive-Personal/University/MsC/Thesis/GitHub/ROS_files/install/drone_c/lib/python3.10/site-packages:/Users/amitgedj/Library/CloudStorage/OneDrive-Personal/University/MsC/Thesis/GitHub/ROS_files/install/drone_tuner/lib/python3.10/site-packages:/opt/anaconda3/envs/ros2/lib/python310/site-packages:/opt/anaconda3/envs/ros2/lib/python3.10/site-packages SHLVL=2 _=/opt/anaconda3/envs/ros2/bin/env __CF_USER_TEXT_ENCODING=0x1F5:0x0:0x0 /opt/anaconda3/envs/ros2/bin/python3.10 setup.py egg_info --egg-base ../../build/drone_tuner build --build-base /Users/amitgedj/Library/CloudStorage/OneDrive-Personal/University/MsC/Thesis/GitHub/ROS_files/build/drone_tuner/build install --prefix /Users/amitgedj/Library/CloudStorage/OneDrive-Personal/University/MsC/Thesis/GitHub/ROS_files/install/drone_tuner --record /Users/amitgedj/Library/CloudStorage/OneDrive-Personal/University/MsC/Thesis/GitHub/ROS_files/build/drone_tuner/install.log --single-version-externally-managed[0m
[3.788s] [34mcolcon.colcon_core.environment[0m [1;30mLevel 1[0m checking '/Users/amitgedj/Library/CloudStorage/OneDrive-Personal/University/MsC/Thesis/GitHub/ROS_files/install/drone_tuner' for CMake config files
[3.788s] [34mcolcon.colcon_core.environment[0m [1;30mLevel 1[0m checking '/Users/amitgedj/Library/CloudStorage/OneDrive-Personal/University/MsC/Thesis/GitHub/ROS_files/install/drone_tuner/lib'
[3.788s] [34mcolcon.colcon_core.environment[0m [1;30mLevel 1[0m checking '/Users/amitgedj/Library/CloudStorage/OneDrive-Personal/University/MsC/Thesis/GitHub/ROS_files/install/drone_tuner/bin'
[3.788s] [34mcolcon.colcon_core.environment[0m [1;30mLevel 1[0m checking '/Users/amitgedj/Library/CloudStorage/OneDrive-Personal/University/MsC/Thesis/GitHub/ROS_files/install/drone_tuner/lib/pkgconfig/drone_tuner.pc'
[3.788s] [34mcolcon.colcon_core.environment[0m [1;30mLevel 1[0m checking '/Users/amitgedj/Library/CloudStorage/OneDrive-Personal/University/MsC/Thesis/GitHub/ROS_files/install/drone_tuner/lib/python3.10/site-packages'
[3.788s] [34mcolcon.colcon_core.shell[0m [1;30mLevel 1[0m create_environment_hook('drone_tuner', 'pythonpath')
[3.791s] [34mcolcon.colcon_core.shell[0m [1;30mINFO[0m Creating environment hook '/Users/amitgedj/Library/CloudStorage/OneDrive-Personal/University/MsC/Thesis/GitHub/ROS_files/install/drone_tuner/share/drone_tuner/hook/pythonpath.ps1'
[3.792s] [34mcolcon.colcon_core.shell[0m [1;30mINFO[0m Creating environment descriptor '/Users/amitgedj/Library/CloudStorage/OneDrive-Personal/University/MsC/Thesis/GitHub/ROS_files/install/drone_tuner/share/drone_tuner/hook/pythonpath.dsv'
[3.792s] [34mcolcon.colcon_core.shell[0m [1;30mINFO[0m Creating environment hook '/Users/amitgedj/Library/CloudStorage/OneDrive-Personal/University/MsC/Thesis/GitHub/ROS_files/install/drone_tuner/share/drone_tuner/hook/pythonpath.sh'
[3.792s] [34mcolcon.colcon_core.environment[0m [1;30mLevel 1[0m checking '/Users/amitgedj/Library/CloudStorage/OneDrive-Personal/University/MsC/Thesis/GitHub/ROS_files/install/drone_tuner/bin'
[3.792s] [34mcolcon.colcon_core.environment[0m [1;30mLevel 1[0m create_environment_scripts_only(drone_tuner)
[3.795s] [34mcolcon.colcon_core.shell[0m [1;30mINFO[0m Creating package script '/Users/amitgedj/Library/CloudStorage/OneDrive-Personal/University/MsC/Thesis/GitHub/ROS_files/install/drone_tuner/share/drone_tuner/package.ps1'
[3.795s] [34mcolcon.colcon_core.shell[0m [1;30mINFO[0m Creating package descriptor '/Users/amitgedj/Library/CloudStorage/OneDrive-Personal/University/MsC/Thesis/GitHub/ROS_files/install/drone_tuner/share/drone_tuner/package.dsv'
[3.796s] [34mcolcon.colcon_core.shell[0m [1;30mINFO[0m Creating package script '/Users/amitgedj/Library/CloudStorage/OneDrive-Personal/University/MsC/Thesis/GitHub/ROS_files/install/drone_tuner/share/drone_tuner/package.sh'
[3.796s] [34mcolcon.colcon_core.shell[0m [1;30mINFO[0m Creating package script '/Users/amitgedj/Library/CloudStorage/OneDrive-Personal/University/MsC/Thesis/GitHub/ROS_files/install/drone_tuner/share/drone_tuner/package.bash'
[3.796s] [34mcolcon.colcon_core.shell[0m [1;30mINFO[0m Creating package script '/Users/amitgedj/Library/CloudStorage/OneDrive-Personal/University/MsC/Thesis/GitHub/ROS_files/install/drone_tuner/share/drone_tuner/package.zsh'
[3.796s] [34mcolcon.colcon_core.environment[0m [1;30mLevel 1[0m create_file_with_runtime_dependencies(/Users/amitgedj/Library/CloudStorage/OneDrive-Personal/University/MsC/Thesis/GitHub/ROS_files/install/drone_tuner/share/colcon-core/packages/drone_tuner)
[3.797s] [34mcolcon.colcon_parallel_executor.executor.parallel[0m [1;30mDEBUG[0m [32mclosing loop[0m
[3.797s] [34mcolcon.colcon_parallel_executor.executor.parallel[0m [1;30mDEBUG[0m [32mloop closed[0m
[3.797s] [34mcolcon.colcon_parallel_executor.executor.parallel[0m [1;30mDEBUG[0m [32mrun_until_complete finished with '0'[0m
[3.797s] [34mcolcon.colcon_core.event_reactor[0m [1;30mDEBUG[0m [32mjoining thread[0m
[3.797s] [34mcolcon.colcon_core.event_reactor[0m [1;30mDEBUG[0m [32mjoined thread[0m
[3.800s] [34mcolcon.colcon_core.shell[0m [1;30mINFO[0m Creating prefix script '/Users/amitgedj/Library/CloudStorage/OneDrive-Personal/University/MsC/Thesis/GitHub/ROS_files/install/local_setup.ps1'
[3.801s] [34mcolcon.colcon_core.shell[0m [1;30mINFO[0m Creating prefix util module '/Users/amitgedj/Library/CloudStorage/OneDrive-Personal/University/MsC/Thesis/GitHub/ROS_files/install/_local_setup_util_ps1.py'
[3.802s] [34mcolcon.colcon_core.shell[0m [1;30mINFO[0m Creating prefix chain script '/Users/amitgedj/Library/CloudStorage/OneDrive-Personal/University/MsC/Thesis/GitHub/ROS_files/install/setup.ps1'
[3.805s] [34mcolcon.colcon_core.shell[0m [1;30mINFO[0m Creating prefix script '/Users/amitgedj/Library/CloudStorage/OneDrive-Personal/University/MsC/Thesis/GitHub/ROS_files/install/local_setup.sh'
[3.805s] [34mcolcon.colcon_core.shell[0m [1;30mINFO[0m Creating prefix util module '/Users/amitgedj/Library/CloudStorage/OneDrive-Personal/University/MsC/Thesis/GitHub/ROS_files/install/_local_setup_util_sh.py'
[3.805s] [34mcolcon.colcon_core.shell[0m [1;30mINFO[0m Creating prefix chain script '/Users/amitgedj/Library/CloudStorage/OneDrive-Personal/University/MsC/Thesis/GitHub/ROS_files/install/setup.sh'
[3.809s] [34mcolcon.colcon_core.shell[0m [1;30mINFO[0m Creating prefix script '/Users/amitgedj/Library/CloudStorage/OneDrive-Personal/University/MsC/Thesis/GitHub/ROS_files/install/local_setup.bash'
[3.809s] [34mcolcon.colcon_core.shell[0m [1;30mINFO[0m Creating prefix chain script '/Users/amitgedj/Library/CloudStorage/OneDrive-Personal/University/MsC/Thesis/GitHub/ROS_files/install/setup.bash'
[3.813s] [34mcolcon.colcon_core.shell[0m [1;30mINFO[0m Creating prefix script '/Users/amitgedj/Library/CloudStorage/OneDrive-Personal/University/MsC/Thesis/GitHub/ROS_files/install/local_setup.zsh'
[3.813s] [34mcolcon.colcon_core.shell[0m [1;30mINFO[0m Creating prefix chain script '/Users/amitgedj/Library/CloudStorage/OneDrive-Personal/University/MsC/Thesis/GitHub/ROS_files/install/setup.zsh'
