-- Found ament_cmake: 1.3.3 (/opt/anaconda3/envs/ros2/share/ament_cmake/cmake)
-- Found Python3: /opt/anaconda3/envs/ros2/bin/python (found version "3.10.6") found components: Interpreter 
-- Override CMake install command with custom implementation using symlinks instead of copying resources
-- Found rclcpp: 16.0.3 (/opt/anaconda3/envs/ros2/share/rclcpp/cmake)
-- Found rosidl_generator_c: 3.1.4 (/opt/anaconda3/envs/ros2/share/rosidl_generator_c/cmake)
-- Found rosidl_adapter: 3.1.4 (/opt/anaconda3/envs/ros2/share/rosidl_adapter/cmake)
-- Found rosidl_generator_cpp: 3.1.4 (/opt/anaconda3/envs/ros2/share/rosidl_generator_cpp/cmake)
-- Using all available rosidl_typesupport_c: rosidl_typesupport_fastrtps_c;rosidl_typesupport_introspection_c
-- Using all available rosidl_typesupport_cpp: rosidl_typesupport_fastrtps_cpp;rosidl_typesupport_introspection_cpp
-- Found rmw_implementation_cmake: 6.1.1 (/opt/anaconda3/envs/ros2/share/rmw_implementation_cmake/cmake)
-- Found rmw_cyclonedds_cpp: 1.3.4 (/opt/anaconda3/envs/ros2/share/rmw_cyclonedds_cpp/cmake)
-- Using RMW implementation 'rmw_cyclonedds_cpp' as default
-- Found std_msgs: 4.2.3 (/opt/anaconda3/envs/ros2/share/std_msgs/cmake)
-- Found rosidl_default_generators: 1.2.0 (/opt/anaconda3/envs/ros2/share/rosidl_default_generators/cmake)
-- Found sensor_msgs: 4.2.3 (/opt/anaconda3/envs/ros2/share/sensor_msgs/cmake)
-- Found ament_cmake_ros: 0.10.0 (/opt/anaconda3/envs/ros2/share/ament_cmake_ros/cmake)
-- Using all available rosidl_typesupport_c: rosidl_typesupport_fastrtps_c;rosidl_typesupport_introspection_c
-- Using all available rosidl_typesupport_cpp: rosidl_typesupport_fastrtps_cpp;rosidl_typesupport_introspection_cpp
-- Found python_cmake_module: 0.10.0 (/opt/anaconda3/envs/ros2/share/python_cmake_module/cmake)
-- Using PythonExtra_INCLUDE_DIRS: /opt/anaconda3/envs/ros2/include/python3.10;/opt/anaconda3/envs/ros2/include/python3.10
-- Using PythonExtra_LIBRARIES: /opt/anaconda3/envs/ros2/lib/libpython3.10.dylib
-- Found Python3: /opt/anaconda3/envs/ros2/include/python3.10 (found version "3.10.6") found components: Development NumPy Interpreter Development.Module Development.Embed 
-- Found ament_lint_auto: 0.12.5 (/opt/anaconda3/envs/ros2/share/ament_lint_auto/cmake)
-- Added test 'copyright' to check source files copyright and LICENSE
-- Added test 'flake8' to check Python code syntax and style conventions
-- Added test 'lint_cmake' to check CMake code style
-- Added test 'pep257' to check Python code against some of the docstring style conventions in PEP 257
-- Added test 'uncrustify' to check C / C++ code style
-- Configured uncrustify additional arguments: 
-- Added test 'xmllint' to check XML markup files
-- Configuring done
-- Generating done
-- Build files have been written to: /Users/amitgedj/Library/CloudStorage/OneDrive-Personal/University/MsC/Thesis/GitHub/ROS_files/build/drone_c
[  1%] Built target drone_c__cpp
[ 12%] Built target drone_c__rosidl_generator_c
[ 12%] Built target ament_cmake_python_symlink_drone_c
[ 24%] Built target drone_c__rosidl_typesupport_c
[ 35%] Built target drone_c__rosidl_typesupport_introspection_c
[ 46%] Built target drone_c__rosidl_typesupport_introspection_cpp
[ 58%] Built target drone_c__rosidl_typesupport_cpp
[ 69%] Built target drone_c__rosidl_typesupport_fastrtps_cpp
[ 81%] Built target drone_c__rosidl_typesupport_fastrtps_c
[ 81%] Built target drone_c
[ 82%] Built target drone_c__py
[ 92%] Built target drone_c__rosidl_generator_py
[ 94%] Built target drone_c__rosidl_typesupport_fastrtps_c__pyext
[ 97%] Built target drone_c__rosidl_typesupport_c__pyext
[100%] Built target drone_c__rosidl_typesupport_introspection_c__pyext
running egg_info
writing manifest file 'drone_c.egg-info/SOURCES.txt'
[100%] Built target ament_cmake_python_build_drone_c_egg
-- Install configuration: ""
-- Execute custom install script
-- Up-to-date symlink: /Users/amitgedj/Library/CloudStorage/OneDrive-Personal/University/MsC/Thesis/GitHub/ROS_files/install/drone_c/share/ament_index/resource_index/rosidl_interfaces/drone_c
-- Up-to-date symlink: /Users/amitgedj/Library/CloudStorage/OneDrive-Personal/University/MsC/Thesis/GitHub/ROS_files/install/drone_c/include/drone_c/drone_c/msg/detail/drone_header__functions.h
-- Up-to-date symlink: /Users/amitgedj/Library/CloudStorage/OneDrive-Personal/University/MsC/Thesis/GitHub/ROS_files/install/drone_c/include/drone_c/drone_c/msg/detail/drone_header__struct.h
-- Up-to-date symlink: /Users/amitgedj/Library/CloudStorage/OneDrive-Personal/University/MsC/Thesis/GitHub/ROS_files/install/drone_c/include/drone_c/drone_c/msg/detail/drone_header__type_support.h
-- Up-to-date symlink: /Users/amitgedj/Library/CloudStorage/OneDrive-Personal/University/MsC/Thesis/GitHub/ROS_files/install/drone_c/include/drone_c/drone_c/msg/detail/euler_angles__functions.h
-- Up-to-date symlink: /Users/amitgedj/Library/CloudStorage/OneDrive-Personal/University/MsC/Thesis/GitHub/ROS_files/install/drone_c/include/drone_c/drone_c/msg/detail/euler_angles__struct.h
-- Up-to-date symlink: /Users/amitgedj/Library/CloudStorage/OneDrive-Personal/University/MsC/Thesis/GitHub/ROS_files/install/drone_c/include/drone_c/drone_c/msg/detail/euler_angles__type_support.h
-- Up-to-date symlink: /Users/amitgedj/Library/CloudStorage/OneDrive-Personal/University/MsC/Thesis/GitHub/ROS_files/install/drone_c/include/drone_c/drone_c/msg/detail/filter__functions.h
-- Up-to-date symlink: /Users/amitgedj/Library/CloudStorage/OneDrive-Personal/University/MsC/Thesis/GitHub/ROS_files/install/drone_c/include/drone_c/drone_c/msg/detail/filter__struct.h
-- Up-to-date symlink: /Users/amitgedj/Library/CloudStorage/OneDrive-Personal/University/MsC/Thesis/GitHub/ROS_files/install/drone_c/include/drone_c/drone_c/msg/detail/filter__type_support.h
-- Up-to-date symlink: /Users/amitgedj/Library/CloudStorage/OneDrive-Personal/University/MsC/Thesis/GitHub/ROS_files/install/drone_c/include/drone_c/drone_c/msg/detail/imu_filter__functions.h
-- Up-to-date symlink: /Users/amitgedj/Library/CloudStorage/OneDrive-Personal/University/MsC/Thesis/GitHub/ROS_files/install/drone_c/include/drone_c/drone_c/msg/detail/imu_filter__struct.h
-- Up-to-date symlink: /Users/amitgedj/Library/CloudStorage/OneDrive-Personal/University/MsC/Thesis/GitHub/ROS_files/install/drone_c/include/drone_c/drone_c/msg/detail/imu_filter__type_support.h
-- Up-to-date symlink: /Users/amitgedj/Library/CloudStorage/OneDrive-Personal/University/MsC/Thesis/GitHub/ROS_files/install/drone_c/include/drone_c/drone_c/msg/detail/motors__functions.h
-- Up-to-date symlink: /Users/amitgedj/Library/CloudStorage/OneDrive-Personal/University/MsC/Thesis/GitHub/ROS_files/install/drone_c/include/drone_c/drone_c/msg/detail/motors__struct.h
-- Up-to-date symlink: /Users/amitgedj/Library/CloudStorage/OneDrive-Personal/University/MsC/Thesis/GitHub/ROS_files/install/drone_c/include/drone_c/drone_c/msg/detail/motors__type_support.h
-- Up-to-date symlink: /Users/amitgedj/Library/CloudStorage/OneDrive-Personal/University/MsC/Thesis/GitHub/ROS_files/install/drone_c/include/drone_c/drone_c/msg/detail/pid__functions.h
-- Up-to-date symlink: /Users/amitgedj/Library/CloudStorage/OneDrive-Personal/University/MsC/Thesis/GitHub/ROS_files/install/drone_c/include/drone_c/drone_c/msg/detail/pid__struct.h
-- Up-to-date symlink: /Users/amitgedj/Library/CloudStorage/OneDrive-Personal/University/MsC/Thesis/GitHub/ROS_files/install/drone_c/include/drone_c/drone_c/msg/detail/pid__type_support.h
-- Up-to-date symlink: /Users/amitgedj/Library/CloudStorage/OneDrive-Personal/University/MsC/Thesis/GitHub/ROS_files/install/drone_c/include/drone_c/drone_c/msg/detail/pid_consts__functions.h
-- Up-to-date symlink: /Users/amitgedj/Library/CloudStorage/OneDrive-Personal/University/MsC/Thesis/GitHub/ROS_files/install/drone_c/include/drone_c/drone_c/msg/detail/pid_consts__struct.h
-- Up-to-date symlink: /Users/amitgedj/Library/CloudStorage/OneDrive-Personal/University/MsC/Thesis/GitHub/ROS_files/install/drone_c/include/drone_c/drone_c/msg/detail/pid_consts__type_support.h
-- Up-to-date symlink: /Users/amitgedj/Library/CloudStorage/OneDrive-Personal/University/MsC/Thesis/GitHub/ROS_files/install/drone_c/include/drone_c/drone_c/msg/drone_header.h
-- Up-to-date symlink: /Users/amitgedj/Library/CloudStorage/OneDrive-Personal/University/MsC/Thesis/GitHub/ROS_files/install/drone_c/include/drone_c/drone_c/msg/euler_angles.h
-- Up-to-date symlink: /Users/amitgedj/Library/CloudStorage/OneDrive-Personal/University/MsC/Thesis/GitHub/ROS_files/install/drone_c/include/drone_c/drone_c/msg/filter.h
-- Up-to-date symlink: /Users/amitgedj/Library/CloudStorage/OneDrive-Personal/University/MsC/Thesis/GitHub/ROS_files/install/drone_c/include/drone_c/drone_c/msg/imu_filter.h
-- Up-to-date symlink: /Users/amitgedj/Library/CloudStorage/OneDrive-Personal/University/MsC/Thesis/GitHub/ROS_files/install/drone_c/include/drone_c/drone_c/msg/motors.h
-- Up-to-date symlink: /Users/amitgedj/Library/CloudStorage/OneDrive-Personal/University/MsC/Thesis/GitHub/ROS_files/install/drone_c/include/drone_c/drone_c/msg/pid.h
-- Up-to-date symlink: /Users/amitgedj/Library/CloudStorage/OneDrive-Personal/University/MsC/Thesis/GitHub/ROS_files/install/drone_c/include/drone_c/drone_c/msg/pid_consts.h
-- Up-to-date symlink: /Users/amitgedj/Library/CloudStorage/OneDrive-Personal/University/MsC/Thesis/GitHub/ROS_files/install/drone_c/include/drone_c/drone_c/msg/rosidl_generator_c__visibility_control.h
-- Up-to-date symlink: /Users/amitgedj/Library/CloudStorage/OneDrive-Personal/University/MsC/Thesis/GitHub/ROS_files/install/drone_c/include/drone_c/drone_c/msg/detail/drone_header__rosidl_typesupport_fastrtps_c.h
-- Up-to-date symlink: /Users/amitgedj/Library/CloudStorage/OneDrive-Personal/University/MsC/Thesis/GitHub/ROS_files/install/drone_c/include/drone_c/drone_c/msg/detail/euler_angles__rosidl_typesupport_fastrtps_c.h
-- Up-to-date symlink: /Users/amitgedj/Library/CloudStorage/OneDrive-Personal/University/MsC/Thesis/GitHub/ROS_files/install/drone_c/include/drone_c/drone_c/msg/detail/filter__rosidl_typesupport_fastrtps_c.h
-- Up-to-date symlink: /Users/amitgedj/Library/CloudStorage/OneDrive-Personal/University/MsC/Thesis/GitHub/ROS_files/install/drone_c/include/drone_c/drone_c/msg/detail/imu_filter__rosidl_typesupport_fastrtps_c.h
-- Up-to-date symlink: /Users/amitgedj/Library/CloudStorage/OneDrive-Personal/University/MsC/Thesis/GitHub/ROS_files/install/drone_c/include/drone_c/drone_c/msg/detail/motors__rosidl_typesupport_fastrtps_c.h
-- Up-to-date symlink: /Users/amitgedj/Library/CloudStorage/OneDrive-Personal/University/MsC/Thesis/GitHub/ROS_files/install/drone_c/include/drone_c/drone_c/msg/detail/pid__rosidl_typesupport_fastrtps_c.h
-- Up-to-date symlink: /Users/amitgedj/Library/CloudStorage/OneDrive-Personal/University/MsC/Thesis/GitHub/ROS_files/install/drone_c/include/drone_c/drone_c/msg/detail/pid_consts__rosidl_typesupport_fastrtps_c.h
-- Up-to-date symlink: /Users/amitgedj/Library/CloudStorage/OneDrive-Personal/University/MsC/Thesis/GitHub/ROS_files/install/drone_c/include/drone_c/drone_c/msg/rosidl_typesupport_fastrtps_c__visibility_control.h
-- Up-to-date symlink: /Users/amitgedj/Library/CloudStorage/OneDrive-Personal/University/MsC/Thesis/GitHub/ROS_files/install/drone_c/include/drone_c/drone_c/msg/detail/drone_header__builder.hpp
-- Up-to-date symlink: /Users/amitgedj/Library/CloudStorage/OneDrive-Personal/University/MsC/Thesis/GitHub/ROS_files/install/drone_c/include/drone_c/drone_c/msg/detail/drone_header__struct.hpp
-- Up-to-date symlink: /Users/amitgedj/Library/CloudStorage/OneDrive-Personal/University/MsC/Thesis/GitHub/ROS_files/install/drone_c/include/drone_c/drone_c/msg/detail/drone_header__traits.hpp
-- Up-to-date symlink: /Users/amitgedj/Library/CloudStorage/OneDrive-Personal/University/MsC/Thesis/GitHub/ROS_files/install/drone_c/include/drone_c/drone_c/msg/detail/euler_angles__builder.hpp
-- Up-to-date symlink: /Users/amitgedj/Library/CloudStorage/OneDrive-Personal/University/MsC/Thesis/GitHub/ROS_files/install/drone_c/include/drone_c/drone_c/msg/detail/euler_angles__struct.hpp
-- Up-to-date symlink: /Users/amitgedj/Library/CloudStorage/OneDrive-Personal/University/MsC/Thesis/GitHub/ROS_files/install/drone_c/include/drone_c/drone_c/msg/detail/euler_angles__traits.hpp
-- Up-to-date symlink: /Users/amitgedj/Library/CloudStorage/OneDrive-Personal/University/MsC/Thesis/GitHub/ROS_files/install/drone_c/include/drone_c/drone_c/msg/detail/filter__builder.hpp
-- Up-to-date symlink: /Users/amitgedj/Library/CloudStorage/OneDrive-Personal/University/MsC/Thesis/GitHub/ROS_files/install/drone_c/include/drone_c/drone_c/msg/detail/filter__struct.hpp
-- Up-to-date symlink: /Users/amitgedj/Library/CloudStorage/OneDrive-Personal/University/MsC/Thesis/GitHub/ROS_files/install/drone_c/include/drone_c/drone_c/msg/detail/filter__traits.hpp
-- Up-to-date symlink: /Users/amitgedj/Library/CloudStorage/OneDrive-Personal/University/MsC/Thesis/GitHub/ROS_files/install/drone_c/include/drone_c/drone_c/msg/detail/imu_filter__builder.hpp
-- Up-to-date symlink: /Users/amitgedj/Library/CloudStorage/OneDrive-Personal/University/MsC/Thesis/GitHub/ROS_files/install/drone_c/include/drone_c/drone_c/msg/detail/imu_filter__struct.hpp
-- Up-to-date symlink: /Users/amitgedj/Library/CloudStorage/OneDrive-Personal/University/MsC/Thesis/GitHub/ROS_files/install/drone_c/include/drone_c/drone_c/msg/detail/imu_filter__traits.hpp
-- Up-to-date symlink: /Users/amitgedj/Library/CloudStorage/OneDrive-Personal/University/MsC/Thesis/GitHub/ROS_files/install/drone_c/include/drone_c/drone_c/msg/detail/motors__builder.hpp
-- Up-to-date symlink: /Users/amitgedj/Library/CloudStorage/OneDrive-Personal/University/MsC/Thesis/GitHub/ROS_files/install/drone_c/include/drone_c/drone_c/msg/detail/motors__struct.hpp
-- Up-to-date symlink: /Users/amitgedj/Library/CloudStorage/OneDrive-Personal/University/MsC/Thesis/GitHub/ROS_files/install/drone_c/include/drone_c/drone_c/msg/detail/motors__traits.hpp
-- Up-to-date symlink: /Users/amitgedj/Library/CloudStorage/OneDrive-Personal/University/MsC/Thesis/GitHub/ROS_files/install/drone_c/include/drone_c/drone_c/msg/detail/pid__builder.hpp
-- Up-to-date symlink: /Users/amitgedj/Library/CloudStorage/OneDrive-Personal/University/MsC/Thesis/GitHub/ROS_files/install/drone_c/include/drone_c/drone_c/msg/detail/pid__struct.hpp
-- Up-to-date symlink: /Users/amitgedj/Library/CloudStorage/OneDrive-Personal/University/MsC/Thesis/GitHub/ROS_files/install/drone_c/include/drone_c/drone_c/msg/detail/pid__traits.hpp
-- Up-to-date symlink: /Users/amitgedj/Library/CloudStorage/OneDrive-Personal/University/MsC/Thesis/GitHub/ROS_files/install/drone_c/include/drone_c/drone_c/msg/detail/pid_consts__builder.hpp
-- Up-to-date symlink: /Users/amitgedj/Library/CloudStorage/OneDrive-Personal/University/MsC/Thesis/GitHub/ROS_files/install/drone_c/include/drone_c/drone_c/msg/detail/pid_consts__struct.hpp
-- Up-to-date symlink: /Users/amitgedj/Library/CloudStorage/OneDrive-Personal/University/MsC/Thesis/GitHub/ROS_files/install/drone_c/include/drone_c/drone_c/msg/detail/pid_consts__traits.hpp
-- Up-to-date symlink: /Users/amitgedj/Library/CloudStorage/OneDrive-Personal/University/MsC/Thesis/GitHub/ROS_files/install/drone_c/include/drone_c/drone_c/msg/drone_header.hpp
-- Up-to-date symlink: /Users/amitgedj/Library/CloudStorage/OneDrive-Personal/University/MsC/Thesis/GitHub/ROS_files/install/drone_c/include/drone_c/drone_c/msg/euler_angles.hpp
-- Up-to-date symlink: /Users/amitgedj/Library/CloudStorage/OneDrive-Personal/University/MsC/Thesis/GitHub/ROS_files/install/drone_c/include/drone_c/drone_c/msg/filter.hpp
-- Up-to-date symlink: /Users/amitgedj/Library/CloudStorage/OneDrive-Personal/University/MsC/Thesis/GitHub/ROS_files/install/drone_c/include/drone_c/drone_c/msg/imu_filter.hpp
-- Up-to-date symlink: /Users/amitgedj/Library/CloudStorage/OneDrive-Personal/University/MsC/Thesis/GitHub/ROS_files/install/drone_c/include/drone_c/drone_c/msg/motors.hpp
-- Up-to-date symlink: /Users/amitgedj/Library/CloudStorage/OneDrive-Personal/University/MsC/Thesis/GitHub/ROS_files/install/drone_c/include/drone_c/drone_c/msg/pid.hpp
-- Up-to-date symlink: /Users/amitgedj/Library/CloudStorage/OneDrive-Personal/University/MsC/Thesis/GitHub/ROS_files/install/drone_c/include/drone_c/drone_c/msg/pid_consts.hpp
-- Up-to-date symlink: /Users/amitgedj/Library/CloudStorage/OneDrive-Personal/University/MsC/Thesis/GitHub/ROS_files/install/drone_c/include/drone_c/drone_c/msg/detail/drone_header__rosidl_typesupport_fastrtps_cpp.hpp
-- Up-to-date symlink: /Users/amitgedj/Library/CloudStorage/OneDrive-Personal/University/MsC/Thesis/GitHub/ROS_files/install/drone_c/include/drone_c/drone_c/msg/detail/euler_angles__rosidl_typesupport_fastrtps_cpp.hpp
-- Up-to-date symlink: /Users/amitgedj/Library/CloudStorage/OneDrive-Personal/University/MsC/Thesis/GitHub/ROS_files/install/drone_c/include/drone_c/drone_c/msg/detail/filter__rosidl_typesupport_fastrtps_cpp.hpp
-- Up-to-date symlink: /Users/amitgedj/Library/CloudStorage/OneDrive-Personal/University/MsC/Thesis/GitHub/ROS_files/install/drone_c/include/drone_c/drone_c/msg/detail/imu_filter__rosidl_typesupport_fastrtps_cpp.hpp
-- Up-to-date symlink: /Users/amitgedj/Library/CloudStorage/OneDrive-Personal/University/MsC/Thesis/GitHub/ROS_files/install/drone_c/include/drone_c/drone_c/msg/detail/motors__rosidl_typesupport_fastrtps_cpp.hpp
-- Up-to-date symlink: /Users/amitgedj/Library/CloudStorage/OneDrive-Personal/University/MsC/Thesis/GitHub/ROS_files/install/drone_c/include/drone_c/drone_c/msg/detail/pid__rosidl_typesupport_fastrtps_cpp.hpp
-- Up-to-date symlink: /Users/amitgedj/Library/CloudStorage/OneDrive-Personal/University/MsC/Thesis/GitHub/ROS_files/install/drone_c/include/drone_c/drone_c/msg/detail/pid_consts__rosidl_typesupport_fastrtps_cpp.hpp
-- Up-to-date symlink: /Users/amitgedj/Library/CloudStorage/OneDrive-Personal/University/MsC/Thesis/GitHub/ROS_files/install/drone_c/include/drone_c/drone_c/msg/rosidl_typesupport_fastrtps_cpp__visibility_control.h
-- Up-to-date symlink: /Users/amitgedj/Library/CloudStorage/OneDrive-Personal/University/MsC/Thesis/GitHub/ROS_files/install/drone_c/include/drone_c/drone_c/msg/detail/drone_header__rosidl_typesupport_introspection_c.h
-- Up-to-date symlink: /Users/amitgedj/Library/CloudStorage/OneDrive-Personal/University/MsC/Thesis/GitHub/ROS_files/install/drone_c/include/drone_c/drone_c/msg/detail/euler_angles__rosidl_typesupport_introspection_c.h
-- Up-to-date symlink: /Users/amitgedj/Library/CloudStorage/OneDrive-Personal/University/MsC/Thesis/GitHub/ROS_files/install/drone_c/include/drone_c/drone_c/msg/detail/filter__rosidl_typesupport_introspection_c.h
-- Up-to-date symlink: /Users/amitgedj/Library/CloudStorage/OneDrive-Personal/University/MsC/Thesis/GitHub/ROS_files/install/drone_c/include/drone_c/drone_c/msg/detail/imu_filter__rosidl_typesupport_introspection_c.h
-- Up-to-date symlink: /Users/amitgedj/Library/CloudStorage/OneDrive-Personal/University/MsC/Thesis/GitHub/ROS_files/install/drone_c/include/drone_c/drone_c/msg/detail/motors__rosidl_typesupport_introspection_c.h
-- Up-to-date symlink: /Users/amitgedj/Library/CloudStorage/OneDrive-Personal/University/MsC/Thesis/GitHub/ROS_files/install/drone_c/include/drone_c/drone_c/msg/detail/pid__rosidl_typesupport_introspection_c.h
-- Up-to-date symlink: /Users/amitgedj/Library/CloudStorage/OneDrive-Personal/University/MsC/Thesis/GitHub/ROS_files/install/drone_c/include/drone_c/drone_c/msg/detail/pid_consts__rosidl_typesupport_introspection_c.h
-- Up-to-date symlink: /Users/amitgedj/Library/CloudStorage/OneDrive-Personal/University/MsC/Thesis/GitHub/ROS_files/install/drone_c/include/drone_c/drone_c/msg/rosidl_typesupport_introspection_c__visibility_control.h
-- Up-to-date symlink: /Users/amitgedj/Library/CloudStorage/OneDrive-Personal/University/MsC/Thesis/GitHub/ROS_files/install/drone_c/include/drone_c/drone_c/msg/detail/drone_header__rosidl_typesupport_introspection_cpp.hpp
-- Up-to-date symlink: /Users/amitgedj/Library/CloudStorage/OneDrive-Personal/University/MsC/Thesis/GitHub/ROS_files/install/drone_c/include/drone_c/drone_c/msg/detail/euler_angles__rosidl_typesupport_introspection_cpp.hpp
-- Up-to-date symlink: /Users/amitgedj/Library/CloudStorage/OneDrive-Personal/University/MsC/Thesis/GitHub/ROS_files/install/drone_c/include/drone_c/drone_c/msg/detail/filter__rosidl_typesupport_introspection_cpp.hpp
-- Up-to-date symlink: /Users/amitgedj/Library/CloudStorage/OneDrive-Personal/University/MsC/Thesis/GitHub/ROS_files/install/drone_c/include/drone_c/drone_c/msg/detail/imu_filter__rosidl_typesupport_introspection_cpp.hpp
-- Up-to-date symlink: /Users/amitgedj/Library/CloudStorage/OneDrive-Personal/University/MsC/Thesis/GitHub/ROS_files/install/drone_c/include/drone_c/drone_c/msg/detail/motors__rosidl_typesupport_introspection_cpp.hpp
-- Up-to-date symlink: /Users/amitgedj/Library/CloudStorage/OneDrive-Personal/University/MsC/Thesis/GitHub/ROS_files/install/drone_c/include/drone_c/drone_c/msg/detail/pid__rosidl_typesupport_introspection_cpp.hpp
-- Up-to-date symlink: /Users/amitgedj/Library/CloudStorage/OneDrive-Personal/University/MsC/Thesis/GitHub/ROS_files/install/drone_c/include/drone_c/drone_c/msg/detail/pid_consts__rosidl_typesupport_introspection_cpp.hpp
-- Up-to-date symlink: /Users/amitgedj/Library/CloudStorage/OneDrive-Personal/University/MsC/Thesis/GitHub/ROS_files/install/drone_c/share/drone_c/environment/pythonpath.sh
-- Up-to-date symlink: /Users/amitgedj/Library/CloudStorage/OneDrive-Personal/University/MsC/Thesis/GitHub/ROS_files/install/drone_c/share/drone_c/environment/pythonpath.dsv
-- Up-to-date symlink: /Users/amitgedj/Library/CloudStorage/OneDrive-Personal/University/MsC/Thesis/GitHub/ROS_files/install/drone_c/lib/python3.10/site-packages/drone_c-0.0.1-py3.10.egg-info/PKG-INFO
-- Up-to-date symlink: /Users/amitgedj/Library/CloudStorage/OneDrive-Personal/University/MsC/Thesis/GitHub/ROS_files/install/drone_c/lib/python3.10/site-packages/drone_c-0.0.1-py3.10.egg-info/SOURCES.txt
-- Up-to-date symlink: /Users/amitgedj/Library/CloudStorage/OneDrive-Personal/University/MsC/Thesis/GitHub/ROS_files/install/drone_c/lib/python3.10/site-packages/drone_c-0.0.1-py3.10.egg-info/dependency_links.txt
-- Up-to-date symlink: /Users/amitgedj/Library/CloudStorage/OneDrive-Personal/University/MsC/Thesis/GitHub/ROS_files/install/drone_c/lib/python3.10/site-packages/drone_c-0.0.1-py3.10.egg-info/top_level.txt
-- Up-to-date symlink: /Users/amitgedj/Library/CloudStorage/OneDrive-Personal/University/MsC/Thesis/GitHub/ROS_files/install/drone_c/lib/python3.10/site-packages/drone_c/__init__.py
-- Up-to-date symlink: /Users/amitgedj/Library/CloudStorage/OneDrive-Personal/University/MsC/Thesis/GitHub/ROS_files/install/drone_c/lib/python3.10/site-packages/drone_c/_drone_c_s.ep.rosidl_typesupport_c.c
-- Up-to-date symlink: /Users/amitgedj/Library/CloudStorage/OneDrive-Personal/University/MsC/Thesis/GitHub/ROS_files/install/drone_c/lib/python3.10/site-packages/drone_c/_drone_c_s.ep.rosidl_typesupport_fastrtps_c.c
-- Up-to-date symlink: /Users/amitgedj/Library/CloudStorage/OneDrive-Personal/University/MsC/Thesis/GitHub/ROS_files/install/drone_c/lib/python3.10/site-packages/drone_c/_drone_c_s.ep.rosidl_typesupport_introspection_c.c
-- Up-to-date symlink: /Users/amitgedj/Library/CloudStorage/OneDrive-Personal/University/MsC/Thesis/GitHub/ROS_files/install/drone_c/lib/python3.10/site-packages/drone_c/drone_c_s__rosidl_typesupport_c.cpython-310-darwin.so
-- Up-to-date symlink: /Users/amitgedj/Library/CloudStorage/OneDrive-Personal/University/MsC/Thesis/GitHub/ROS_files/install/drone_c/lib/python3.10/site-packages/drone_c/drone_c_s__rosidl_typesupport_fastrtps_c.cpython-310-darwin.so
-- Up-to-date symlink: /Users/amitgedj/Library/CloudStorage/OneDrive-Personal/University/MsC/Thesis/GitHub/ROS_files/install/drone_c/lib/python3.10/site-packages/drone_c/drone_c_s__rosidl_typesupport_introspection_c.cpython-310-darwin.so
-- Up-to-date symlink: /Users/amitgedj/Library/CloudStorage/OneDrive-Personal/University/MsC/Thesis/GitHub/ROS_files/install/drone_c/lib/python3.10/site-packages/drone_c/libdrone_c__rosidl_generator_py.dylib
-- Up-to-date symlink: /Users/amitgedj/Library/CloudStorage/OneDrive-Personal/University/MsC/Thesis/GitHub/ROS_files/install/drone_c/lib/python3.10/site-packages/drone_c/msg/__init__.py
-- Up-to-date symlink: /Users/amitgedj/Library/CloudStorage/OneDrive-Personal/University/MsC/Thesis/GitHub/ROS_files/install/drone_c/lib/python3.10/site-packages/drone_c/msg/_drone_header.py
-- Up-to-date symlink: /Users/amitgedj/Library/CloudStorage/OneDrive-Personal/University/MsC/Thesis/GitHub/ROS_files/install/drone_c/lib/python3.10/site-packages/drone_c/msg/_drone_header_s.c
-- Up-to-date symlink: /Users/amitgedj/Library/CloudStorage/OneDrive-Personal/University/MsC/Thesis/GitHub/ROS_files/install/drone_c/lib/python3.10/site-packages/drone_c/msg/_euler_angles.py
-- Up-to-date symlink: /Users/amitgedj/Library/CloudStorage/OneDrive-Personal/University/MsC/Thesis/GitHub/ROS_files/install/drone_c/lib/python3.10/site-packages/drone_c/msg/_euler_angles_s.c
-- Up-to-date symlink: /Users/amitgedj/Library/CloudStorage/OneDrive-Personal/University/MsC/Thesis/GitHub/ROS_files/install/drone_c/lib/python3.10/site-packages/drone_c/msg/_filter.py
-- Up-to-date symlink: /Users/amitgedj/Library/CloudStorage/OneDrive-Personal/University/MsC/Thesis/GitHub/ROS_files/install/drone_c/lib/python3.10/site-packages/drone_c/msg/_filter_s.c
-- Up-to-date symlink: /Users/amitgedj/Library/CloudStorage/OneDrive-Personal/University/MsC/Thesis/GitHub/ROS_files/install/drone_c/lib/python3.10/site-packages/drone_c/msg/_imu_filter.py
-- Up-to-date symlink: /Users/amitgedj/Library/CloudStorage/OneDrive-Personal/University/MsC/Thesis/GitHub/ROS_files/install/drone_c/lib/python3.10/site-packages/drone_c/msg/_imu_filter_s.c
-- Up-to-date symlink: /Users/amitgedj/Library/CloudStorage/OneDrive-Personal/University/MsC/Thesis/GitHub/ROS_files/install/drone_c/lib/python3.10/site-packages/drone_c/msg/_motors.py
-- Up-to-date symlink: /Users/amitgedj/Library/CloudStorage/OneDrive-Personal/University/MsC/Thesis/GitHub/ROS_files/install/drone_c/lib/python3.10/site-packages/drone_c/msg/_motors_s.c
-- Up-to-date symlink: /Users/amitgedj/Library/CloudStorage/OneDrive-Personal/University/MsC/Thesis/GitHub/ROS_files/install/drone_c/lib/python3.10/site-packages/drone_c/msg/_pid.py
-- Up-to-date symlink: /Users/amitgedj/Library/CloudStorage/OneDrive-Personal/University/MsC/Thesis/GitHub/ROS_files/install/drone_c/lib/python3.10/site-packages/drone_c/msg/_pid_consts.py
-- Up-to-date symlink: /Users/amitgedj/Library/CloudStorage/OneDrive-Personal/University/MsC/Thesis/GitHub/ROS_files/install/drone_c/lib/python3.10/site-packages/drone_c/msg/_pid_consts_s.c
-- Up-to-date symlink: /Users/amitgedj/Library/CloudStorage/OneDrive-Personal/University/MsC/Thesis/GitHub/ROS_files/install/drone_c/lib/python3.10/site-packages/drone_c/msg/_pid_s.c
-- Up-to-date symlink: /Users/amitgedj/Library/CloudStorage/OneDrive-Personal/University/MsC/Thesis/GitHub/ROS_files/install/drone_c/lib/python3.10/site-packages/drone_c/drone_c_s__rosidl_typesupport_fastrtps_c.cpython-310-darwin.so
-- Up-to-date symlink: /Users/amitgedj/Library/CloudStorage/OneDrive-Personal/University/MsC/Thesis/GitHub/ROS_files/install/drone_c/lib/python3.10/site-packages/drone_c/drone_c_s__rosidl_typesupport_introspection_c.cpython-310-darwin.so
-- Up-to-date symlink: /Users/amitgedj/Library/CloudStorage/OneDrive-Personal/University/MsC/Thesis/GitHub/ROS_files/install/drone_c/lib/python3.10/site-packages/drone_c/drone_c_s__rosidl_typesupport_c.cpython-310-darwin.so
-- Up-to-date symlink: /Users/amitgedj/Library/CloudStorage/OneDrive-Personal/University/MsC/Thesis/GitHub/ROS_files/install/drone_c/share/drone_c/msg/Pid.idl
-- Up-to-date symlink: /Users/amitgedj/Library/CloudStorage/OneDrive-Personal/University/MsC/Thesis/GitHub/ROS_files/install/drone_c/share/drone_c/msg/EulerAngles.idl
-- Up-to-date symlink: /Users/amitgedj/Library/CloudStorage/OneDrive-Personal/University/MsC/Thesis/GitHub/ROS_files/install/drone_c/share/drone_c/msg/Motors.idl
-- Up-to-date symlink: /Users/amitgedj/Library/CloudStorage/OneDrive-Personal/University/MsC/Thesis/GitHub/ROS_files/install/drone_c/share/drone_c/msg/ImuFilter.idl
-- Up-to-date symlink: /Users/amitgedj/Library/CloudStorage/OneDrive-Personal/University/MsC/Thesis/GitHub/ROS_files/install/drone_c/share/drone_c/msg/PidConsts.idl
-- Up-to-date symlink: /Users/amitgedj/Library/CloudStorage/OneDrive-Personal/University/MsC/Thesis/GitHub/ROS_files/install/drone_c/share/drone_c/msg/DroneHeader.idl
-- Up-to-date symlink: /Users/amitgedj/Library/CloudStorage/OneDrive-Personal/University/MsC/Thesis/GitHub/ROS_files/install/drone_c/share/drone_c/msg/Filter.idl
-- Up-to-date symlink: /Users/amitgedj/Library/CloudStorage/OneDrive-Personal/University/MsC/Thesis/GitHub/ROS_files/install/drone_c/share/drone_c/msg/Pid.msg
-- Up-to-date symlink: /Users/amitgedj/Library/CloudStorage/OneDrive-Personal/University/MsC/Thesis/GitHub/ROS_files/install/drone_c/share/drone_c/msg/EulerAngles.msg
-- Up-to-date symlink: /Users/amitgedj/Library/CloudStorage/OneDrive-Personal/University/MsC/Thesis/GitHub/ROS_files/install/drone_c/share/drone_c/msg/Motors.msg
-- Up-to-date symlink: /Users/amitgedj/Library/CloudStorage/OneDrive-Personal/University/MsC/Thesis/GitHub/ROS_files/install/drone_c/share/drone_c/msg/ImuFilter.msg
-- Up-to-date symlink: /Users/amitgedj/Library/CloudStorage/OneDrive-Personal/University/MsC/Thesis/GitHub/ROS_files/install/drone_c/share/drone_c/msg/PidConsts.msg
-- Up-to-date symlink: /Users/amitgedj/Library/CloudStorage/OneDrive-Personal/University/MsC/Thesis/GitHub/ROS_files/install/drone_c/share/drone_c/msg/DroneHeader.msg
-- Up-to-date symlink: /Users/amitgedj/Library/CloudStorage/OneDrive-Personal/University/MsC/Thesis/GitHub/ROS_files/install/drone_c/share/drone_c/msg/Filter.msg
-- Up-to-date symlink: /Users/amitgedj/Library/CloudStorage/OneDrive-Personal/University/MsC/Thesis/GitHub/ROS_files/install/drone_c/lib/drone_c/rtcom/__init__.py
-- Up-to-date symlink: /Users/amitgedj/Library/CloudStorage/OneDrive-Personal/University/MsC/Thesis/GitHub/ROS_files/install/drone_c/lib/drone_c/rtcom/core.py
-- Up-to-date symlink: /Users/amitgedj/Library/CloudStorage/OneDrive-Personal/University/MsC/Thesis/GitHub/ROS_files/install/drone_c/lib/drone_c/rtcom/rtcom_client.py
-- Up-to-date symlink: /Users/amitgedj/Library/CloudStorage/OneDrive-Personal/University/MsC/Thesis/GitHub/ROS_files/install/drone_c/lib/drone_c/rtcom/rtcom_server.py
-- Up-to-date symlink: /Users/amitgedj/Library/CloudStorage/OneDrive-Personal/University/MsC/Thesis/GitHub/ROS_files/install/drone_c/lib/drone_c/rtcom/utils.py
-- Up-to-date symlink: /Users/amitgedj/Library/CloudStorage/OneDrive-Personal/University/MsC/Thesis/GitHub/ROS_files/install/drone_c/lib/drone_c/rtcom_teensy_ros.py
-- Up-to-date symlink: /Users/amitgedj/Library/CloudStorage/OneDrive-Personal/University/MsC/Thesis/GitHub/ROS_files/install/drone_c/share/drone_c/launch/drone_launch.launch.py
-- Up-to-date symlink: /Users/amitgedj/Library/CloudStorage/OneDrive-Personal/University/MsC/Thesis/GitHub/ROS_files/install/drone_c/share/drone_c/plotjuggler/plotjugller_save.xml
-- Up-to-date symlink: /Users/amitgedj/Library/CloudStorage/OneDrive-Personal/University/MsC/Thesis/GitHub/ROS_files/install/drone_c/share/ament_index/resource_index/package_run_dependencies/drone_c
-- Up-to-date symlink: /Users/amitgedj/Library/CloudStorage/OneDrive-Personal/University/MsC/Thesis/GitHub/ROS_files/install/drone_c/share/ament_index/resource_index/parent_prefix_path/drone_c
-- Up-to-date symlink: /Users/amitgedj/Library/CloudStorage/OneDrive-Personal/University/MsC/Thesis/GitHub/ROS_files/install/drone_c/share/drone_c/environment/ament_prefix_path.sh
-- Up-to-date symlink: /Users/amitgedj/Library/CloudStorage/OneDrive-Personal/University/MsC/Thesis/GitHub/ROS_files/install/drone_c/share/drone_c/environment/ament_prefix_path.dsv
-- Up-to-date symlink: /Users/amitgedj/Library/CloudStorage/OneDrive-Personal/University/MsC/Thesis/GitHub/ROS_files/install/drone_c/share/drone_c/environment/path.sh
-- Up-to-date symlink: /Users/amitgedj/Library/CloudStorage/OneDrive-Personal/University/MsC/Thesis/GitHub/ROS_files/install/drone_c/share/drone_c/environment/path.dsv
-- Up-to-date symlink: /Users/amitgedj/Library/CloudStorage/OneDrive-Personal/University/MsC/Thesis/GitHub/ROS_files/install/drone_c/share/drone_c/local_setup.bash
-- Up-to-date symlink: /Users/amitgedj/Library/CloudStorage/OneDrive-Personal/University/MsC/Thesis/GitHub/ROS_files/install/drone_c/share/drone_c/local_setup.sh
-- Up-to-date symlink: /Users/amitgedj/Library/CloudStorage/OneDrive-Personal/University/MsC/Thesis/GitHub/ROS_files/install/drone_c/share/drone_c/local_setup.zsh
-- Up-to-date symlink: /Users/amitgedj/Library/CloudStorage/OneDrive-Personal/University/MsC/Thesis/GitHub/ROS_files/install/drone_c/share/drone_c/local_setup.dsv
-- Symlinking: /Users/amitgedj/Library/CloudStorage/OneDrive-Personal/University/MsC/Thesis/GitHub/ROS_files/install/drone_c/share/drone_c/package.dsv
-- Up-to-date symlink: /Users/amitgedj/Library/CloudStorage/OneDrive-Personal/University/MsC/Thesis/GitHub/ROS_files/install/drone_c/share/ament_index/resource_index/packages/drone_c
-- Up-to-date symlink: /Users/amitgedj/Library/CloudStorage/OneDrive-Personal/University/MsC/Thesis/GitHub/ROS_files/install/drone_c/share/drone_c/cmake/rosidl_cmake-extras.cmake
-- Up-to-date symlink: /Users/amitgedj/Library/CloudStorage/OneDrive-Personal/University/MsC/Thesis/GitHub/ROS_files/install/drone_c/share/drone_c/cmake/ament_cmake_export_dependencies-extras.cmake
-- Up-to-date symlink: /Users/amitgedj/Library/CloudStorage/OneDrive-Personal/University/MsC/Thesis/GitHub/ROS_files/install/drone_c/share/drone_c/cmake/ament_cmake_export_include_directories-extras.cmake
-- Up-to-date symlink: /Users/amitgedj/Library/CloudStorage/OneDrive-Personal/University/MsC/Thesis/GitHub/ROS_files/install/drone_c/share/drone_c/cmake/ament_cmake_export_libraries-extras.cmake
-- Up-to-date symlink: /Users/amitgedj/Library/CloudStorage/OneDrive-Personal/University/MsC/Thesis/GitHub/ROS_files/install/drone_c/share/drone_c/cmake/ament_cmake_export_targets-extras.cmake
-- Up-to-date symlink: /Users/amitgedj/Library/CloudStorage/OneDrive-Personal/University/MsC/Thesis/GitHub/ROS_files/install/drone_c/share/drone_c/cmake/rosidl_cmake_export_typesupport_targets-extras.cmake
-- Up-to-date symlink: /Users/amitgedj/Library/CloudStorage/OneDrive-Personal/University/MsC/Thesis/GitHub/ROS_files/install/drone_c/share/drone_c/cmake/rosidl_cmake_export_typesupport_libraries-extras.cmake
-- Up-to-date symlink: /Users/amitgedj/Library/CloudStorage/OneDrive-Personal/University/MsC/Thesis/GitHub/ROS_files/install/drone_c/share/drone_c/cmake/drone_cConfig.cmake
-- Up-to-date symlink: /Users/amitgedj/Library/CloudStorage/OneDrive-Personal/University/MsC/Thesis/GitHub/ROS_files/install/drone_c/share/drone_c/cmake/drone_cConfig-version.cmake
-- Up-to-date symlink: /Users/amitgedj/Library/CloudStorage/OneDrive-Personal/University/MsC/Thesis/GitHub/ROS_files/install/drone_c/share/drone_c/package.xml
-- Up-to-date: /Users/amitgedj/Library/CloudStorage/OneDrive-Personal/University/MsC/Thesis/GitHub/ROS_files/install/drone_c/lib/libdrone_c__rosidl_generator_c.dylib
-- Installing: /Users/amitgedj/Library/CloudStorage/OneDrive-Personal/University/MsC/Thesis/GitHub/ROS_files/install/drone_c/lib/libdrone_c__rosidl_typesupport_fastrtps_c.dylib
-- Up-to-date: /Users/amitgedj/Library/CloudStorage/OneDrive-Personal/University/MsC/Thesis/GitHub/ROS_files/install/drone_c/lib/libdrone_c__rosidl_typesupport_fastrtps_cpp.dylib
-- Installing: /Users/amitgedj/Library/CloudStorage/OneDrive-Personal/University/MsC/Thesis/GitHub/ROS_files/install/drone_c/lib/libdrone_c__rosidl_typesupport_introspection_c.dylib
-- Installing: /Users/amitgedj/Library/CloudStorage/OneDrive-Personal/University/MsC/Thesis/GitHub/ROS_files/install/drone_c/lib/libdrone_c__rosidl_typesupport_c.dylib
-- Up-to-date: /Users/amitgedj/Library/CloudStorage/OneDrive-Personal/University/MsC/Thesis/GitHub/ROS_files/install/drone_c/lib/libdrone_c__rosidl_typesupport_introspection_cpp.dylib
-- Up-to-date: /Users/amitgedj/Library/CloudStorage/OneDrive-Personal/University/MsC/Thesis/GitHub/ROS_files/install/drone_c/lib/libdrone_c__rosidl_typesupport_cpp.dylib
Listing 'lib/python3.10/site-packages/drone_c'...
Can't list 'lib/python3.10/site-packages/drone_c'
-- Installing: /Users/amitgedj/Library/CloudStorage/OneDrive-Personal/University/MsC/Thesis/GitHub/ROS_files/install/drone_c/lib/libdrone_c__rosidl_generator_py.dylib
-- Up-to-date: /Users/amitgedj/Library/CloudStorage/OneDrive-Personal/University/MsC/Thesis/GitHub/ROS_files/install/drone_c/share/drone_c/cmake/export_drone_c__rosidl_generator_cExport.cmake
-- Up-to-date: /Users/amitgedj/Library/CloudStorage/OneDrive-Personal/University/MsC/Thesis/GitHub/ROS_files/install/drone_c/share/drone_c/cmake/export_drone_c__rosidl_generator_cExport-noconfig.cmake
-- Up-to-date: /Users/amitgedj/Library/CloudStorage/OneDrive-Personal/University/MsC/Thesis/GitHub/ROS_files/install/drone_c/share/drone_c/cmake/export_drone_c__rosidl_typesupport_fastrtps_cExport.cmake
-- Up-to-date: /Users/amitgedj/Library/CloudStorage/OneDrive-Personal/University/MsC/Thesis/GitHub/ROS_files/install/drone_c/share/drone_c/cmake/export_drone_c__rosidl_typesupport_fastrtps_cExport-noconfig.cmake
-- Up-to-date: /Users/amitgedj/Library/CloudStorage/OneDrive-Personal/University/MsC/Thesis/GitHub/ROS_files/install/drone_c/share/drone_c/cmake/export_drone_c__rosidl_generator_cppExport.cmake
-- Up-to-date: /Users/amitgedj/Library/CloudStorage/OneDrive-Personal/University/MsC/Thesis/GitHub/ROS_files/install/drone_c/share/drone_c/cmake/export_drone_c__rosidl_typesupport_fastrtps_cppExport.cmake
-- Up-to-date: /Users/amitgedj/Library/CloudStorage/OneDrive-Personal/University/MsC/Thesis/GitHub/ROS_files/install/drone_c/share/drone_c/cmake/export_drone_c__rosidl_typesupport_fastrtps_cppExport-noconfig.cmake
-- Up-to-date: /Users/amitgedj/Library/CloudStorage/OneDrive-Personal/University/MsC/Thesis/GitHub/ROS_files/install/drone_c/share/drone_c/cmake/drone_c__rosidl_typesupport_introspection_cExport.cmake
-- Up-to-date: /Users/amitgedj/Library/CloudStorage/OneDrive-Personal/University/MsC/Thesis/GitHub/ROS_files/install/drone_c/share/drone_c/cmake/drone_c__rosidl_typesupport_introspection_cExport-noconfig.cmake
-- Up-to-date: /Users/amitgedj/Library/CloudStorage/OneDrive-Personal/University/MsC/Thesis/GitHub/ROS_files/install/drone_c/share/drone_c/cmake/drone_c__rosidl_typesupport_cExport.cmake
-- Up-to-date: /Users/amitgedj/Library/CloudStorage/OneDrive-Personal/University/MsC/Thesis/GitHub/ROS_files/install/drone_c/share/drone_c/cmake/drone_c__rosidl_typesupport_cExport-noconfig.cmake
-- Up-to-date: /Users/amitgedj/Library/CloudStorage/OneDrive-Personal/University/MsC/Thesis/GitHub/ROS_files/install/drone_c/share/drone_c/cmake/drone_c__rosidl_typesupport_introspection_cppExport.cmake
-- Up-to-date: /Users/amitgedj/Library/CloudStorage/OneDrive-Personal/University/MsC/Thesis/GitHub/ROS_files/install/drone_c/share/drone_c/cmake/drone_c__rosidl_typesupport_introspection_cppExport-noconfig.cmake
-- Up-to-date: /Users/amitgedj/Library/CloudStorage/OneDrive-Personal/University/MsC/Thesis/GitHub/ROS_files/install/drone_c/share/drone_c/cmake/drone_c__rosidl_typesupport_cppExport.cmake
-- Up-to-date: /Users/amitgedj/Library/CloudStorage/OneDrive-Personal/University/MsC/Thesis/GitHub/ROS_files/install/drone_c/share/drone_c/cmake/drone_c__rosidl_typesupport_cppExport-noconfig.cmake
-- Up-to-date: /Users/amitgedj/Library/CloudStorage/OneDrive-Personal/University/MsC/Thesis/GitHub/ROS_files/install/drone_c/share/drone_c/cmake/export_drone_c__rosidl_generator_pyExport.cmake
-- Up-to-date: /Users/amitgedj/Library/CloudStorage/OneDrive-Personal/University/MsC/Thesis/GitHub/ROS_files/install/drone_c/share/drone_c/cmake/export_drone_c__rosidl_generator_pyExport-noconfig.cmake
