[0.029s] Invoking command in '/Users/amitgedj/Library/CloudStorage/OneDrive-Personal/University/MsC/Thesis/Code/ROS_files/build/drone_c': CMAKE_PREFIX_PATH=${CMAKE_PREFIX_PATH}:/Users/amitgedj/Library/CloudStorage/OneDrive-Personal/University/MsC/Thesis/Code/ROS_files/install/drone_tuner CONDA_PROMPT_MODIFIER=(ros2) SHLVL=2 _=/opt/anaconda3/envs/ros2/bin/env __CF_USER_TEXT_ENCODING=0x1F5:0x0:0x0 /opt/anaconda3/envs/ros2/bin/cmake /Users/amitgedj/Library/CloudStorage/OneDrive-Personal/University/MsC/Thesis/Code/ROS_files/src/drone_c -DPython3_EXECUTABLE=/opt/anaconda3/envs/ros2/bin/python3 -DCMAKE_INSTALL_PREFIX=/Users/amitgedj/Library/CloudStorage/OneDrive-Personal/University/MsC/Thesis/Code/ROS_files/install/drone_c
[0.366s] -- The C compiler identification is Clang 14.0.6
[0.455s] -- The CXX compiler identification is Clang 14.0.6
[0.469s] -- Detecting C compiler ABI info
[0.628s] -- Detecting C compiler ABI info - done
[0.632s] -- Check for working C compiler: /opt/anaconda3/envs/ros2/bin/arm64-apple-darwin20.0.0-clang - skipped
[0.633s] -- Detecting C compile features
[0.633s] -- Detecting C compile features - done
[0.639s] -- Detecting CXX compiler ABI info
[0.788s] -- Detecting CXX compiler ABI info - done
[0.791s] -- Check for working CXX compiler: /opt/anaconda3/envs/ros2/bin/arm64-apple-darwin20.0.0-clang++ - skipped
[0.792s] -- Detecting CXX compile features
[0.792s] -- Detecting CXX compile features - done
[0.816s] -- Found ament_cmake: 1.3.3 (/opt/anaconda3/envs/ros2/share/ament_cmake/cmake)
[1.196s] -- Found Python3: /opt/anaconda3/envs/ros2/bin/python3 (found version "3.10.6") found components: Interpreter 
[1.401s] -- Found rclcpp: 16.0.3 (/opt/anaconda3/envs/ros2/share/rclcpp/cmake)
[1.540s] -- Found rosidl_generator_c: 3.1.4 (/opt/anaconda3/envs/ros2/share/rosidl_generator_c/cmake)
[1.559s] -- Found rosidl_adapter: 3.1.4 (/opt/anaconda3/envs/ros2/share/rosidl_adapter/cmake)
[1.580s] -- Found rosidl_generator_cpp: 3.1.4 (/opt/anaconda3/envs/ros2/share/rosidl_generator_cpp/cmake)
[1.610s] -- Using all available rosidl_typesupport_c: rosidl_typesupport_fastrtps_c;rosidl_typesupport_introspection_c
[1.652s] -- Using all available rosidl_typesupport_cpp: rosidl_typesupport_fastrtps_cpp;rosidl_typesupport_introspection_cpp
[1.800s] -- Checking for module 'yaml-0.1'
[1.923s] --   Found yaml-0.1, version 0.2.5
[2.281s] -- Found rmw_implementation_cmake: 6.1.1 (/opt/anaconda3/envs/ros2/share/rmw_implementation_cmake/cmake)
[2.289s] -- Found rmw_cyclonedds_cpp: 1.3.4 (/opt/anaconda3/envs/ros2/share/rmw_cyclonedds_cpp/cmake)
[2.348s] -- Using RMW implementation 'rmw_cyclonedds_cpp' as default
[2.376s] -- Performing Test CMAKE_HAVE_LIBC_PTHREAD
[2.559s] -- Performing Test CMAKE_HAVE_LIBC_PTHREAD - Success
[2.560s] -- Found Threads: TRUE  
[2.673s] -- Found std_msgs: 4.2.3 (/opt/anaconda3/envs/ros2/share/std_msgs/cmake)
[2.704s] -- Found rosidl_default_generators: 1.2.0 (/opt/anaconda3/envs/ros2/share/rosidl_default_generators/cmake)
[2.727s] -- Found sensor_msgs: 4.2.3 (/opt/anaconda3/envs/ros2/share/sensor_msgs/cmake)
[3.044s] -- Found ament_cmake_ros: 0.10.0 (/opt/anaconda3/envs/ros2/share/ament_cmake_ros/cmake)
[3.406s] -- Using all available rosidl_typesupport_c: rosidl_typesupport_fastrtps_c;rosidl_typesupport_introspection_c
[3.539s] -- Using all available rosidl_typesupport_cpp: rosidl_typesupport_fastrtps_cpp;rosidl_typesupport_introspection_cpp
[3.560s] -- Found PythonInterp: /opt/anaconda3/envs/ros2/bin/python3 (found suitable version "3.10.6", minimum required is "3.6") 
[3.568s] -- Found python_cmake_module: 0.10.0 (/opt/anaconda3/envs/ros2/share/python_cmake_module/cmake)
[3.610s] -- Using PythonExtra_INCLUDE_DIRS: /opt/anaconda3/envs/ros2/include/python3.10;/opt/anaconda3/envs/ros2/include/python3.10
[3.638s] -- Using PythonExtra_LIBRARIES: /opt/anaconda3/envs/ros2/lib/libpython3.10.dylib
[3.657s] -- Found PythonExtra: .so  
[4.367s] -- Found Python3: /opt/anaconda3/envs/ros2/include/python3.10 (found version "3.10.6") found components: Development NumPy Interpreter Development.Module Development.Embed 
[4.433s] -- Found ament_lint_auto: 0.12.5 (/opt/anaconda3/envs/ros2/share/ament_lint_auto/cmake)
[4.510s] -- Added test 'copyright' to check source files copyright and LICENSE
[4.513s] -- Added test 'flake8' to check Python code syntax and style conventions
[4.518s] -- Added test 'lint_cmake' to check CMake code style
[4.521s] -- Added test 'pep257' to check Python code against some of the docstring style conventions in PEP 257
[4.535s] -- Added test 'uncrustify' to check C / C++ code style
[4.535s] -- Configured uncrustify additional arguments: 
[4.539s] -- Added test 'xmllint' to check XML markup files
[4.545s] -- Configuring done
[4.731s] -- Generating done
[4.747s] -- Build files have been written to: /Users/amitgedj/Library/CloudStorage/OneDrive-Personal/University/MsC/Thesis/Code/ROS_files/build/drone_c
[4.751s] Invoked command in '/Users/amitgedj/Library/CloudStorage/OneDrive-Personal/University/MsC/Thesis/Code/ROS_files/build/drone_c' returned '0': CMAKE_PREFIX_PATH=${CMAKE_PREFIX_PATH}:/Users/amitgedj/Library/CloudStorage/OneDrive-Personal/University/MsC/Thesis/Code/ROS_files/install/drone_tuner CONDA_PROMPT_MODIFIER=(ros2) SHLVL=2 _=/opt/anaconda3/envs/ros2/bin/env __CF_USER_TEXT_ENCODING=0x1F5:0x0:0x0 /opt/anaconda3/envs/ros2/bin/cmake /Users/amitgedj/Library/CloudStorage/OneDrive-Personal/University/MsC/Thesis/Code/ROS_files/src/drone_c -DPython3_EXECUTABLE=/opt/anaconda3/envs/ros2/bin/python3 -DCMAKE_INSTALL_PREFIX=/Users/amitgedj/Library/CloudStorage/OneDrive-Personal/University/MsC/Thesis/Code/ROS_files/install/drone_c
[4.753s] Invoking command in '/Users/amitgedj/Library/CloudStorage/OneDrive-Personal/University/MsC/Thesis/Code/ROS_files/build/drone_c': CMAKE_PREFIX_PATH=${CMAKE_PREFIX_PATH}:/Users/amitgedj/Library/CloudStorage/OneDrive-Personal/University/MsC/Thesis/Code/ROS_files/install/drone_tuner CONDA_PROMPT_MODIFIER=(ros2) SHLVL=2 _=/opt/anaconda3/envs/ros2/bin/env __CF_USER_TEXT_ENCODING=0x1F5:0x0:0x0 /opt/anaconda3/envs/ros2/bin/cmake --build /Users/amitgedj/Library/CloudStorage/OneDrive-Personal/University/MsC/Thesis/Code/ROS_files/build/drone_c -- -j10 -l10
[4.840s] [  1%] Generating C++ code for ROS interfaces
[5.667s] [  1%] Built target drone_c__cpp
[5.728s] [  1%] Built target ament_cmake_python_copy_drone_c
[5.748s] [  2%] Generating C++ introspection for ROS interfaces
[6.216s] [  3%] Building CXX object CMakeFiles/drone_c__rosidl_typesupport_introspection_cpp.dir/rosidl_typesupport_introspection_cpp/drone_c/msg/detail/pid__type_support.cpp.o
[6.565s] [  4%] Building CXX object CMakeFiles/drone_c__rosidl_typesupport_introspection_cpp.dir/rosidl_typesupport_introspection_cpp/drone_c/msg/detail/drone_header__type_support.cpp.o
[6.819s] [  5%] Building CXX object CMakeFiles/drone_c__rosidl_typesupport_introspection_cpp.dir/rosidl_typesupport_introspection_cpp/drone_c/msg/detail/filter__type_support.cpp.o
[7.046s] [  6%] Building CXX object CMakeFiles/drone_c__rosidl_typesupport_introspection_cpp.dir/rosidl_typesupport_introspection_cpp/drone_c/msg/detail/altitude_lidar__type_support.cpp.o
[7.279s] [  8%] Building CXX object CMakeFiles/drone_c__rosidl_typesupport_introspection_cpp.dir/rosidl_typesupport_introspection_cpp/drone_c/msg/detail/pid_consts__type_support.cpp.o
[7.516s] [  9%] Building CXX object CMakeFiles/drone_c__rosidl_typesupport_introspection_cpp.dir/rosidl_typesupport_introspection_cpp/drone_c/msg/detail/imu_filter__type_support.cpp.o
[7.738s] [ 10%] Building CXX object CMakeFiles/drone_c__rosidl_typesupport_introspection_cpp.dir/rosidl_typesupport_introspection_cpp/drone_c/msg/detail/motors__type_support.cpp.o
[7.958s] [ 11%] Building CXX object CMakeFiles/drone_c__rosidl_typesupport_introspection_cpp.dir/rosidl_typesupport_introspection_cpp/drone_c/msg/detail/euler_angles__type_support.cpp.o
[8.180s] [ 12%] Linking CXX shared library libdrone_c__rosidl_typesupport_introspection_cpp.dylib
[8.216s] ld: warning: -pie being ignored. It is only used when linking a main executable
[8.249s] [ 12%] Built target drone_c__rosidl_typesupport_introspection_cpp
[8.503s] /opt/anaconda3/envs/ros2/lib/python3.10/site-packages/setuptools_scm/_integration/setuptools.py:31: RuntimeWarning: 
[8.503s] ERROR: setuptools==58.2.0 is used in combination with setuptools-scm>=8.x
[8.503s] 
[8.503s] Your build configuration is incomplete and previously worked by accident!
[8.503s] setuptools-scm requires setuptools>=61
[8.503s] 
[8.503s] Suggested workaround if applicable:
[8.504s]  - migrating from the deprecated setup_requires mechanism to pep517/518
[8.504s]    and using a pyproject.toml to declare build dependencies
[8.504s]    which are reliably pre-installed before running the build tools
[8.504s] 
[8.504s]   warnings.warn(
[8.515s] running egg_info
[8.515s] creating drone_c.egg-info
[8.516s] writing manifest file 'drone_c.egg-info/SOURCES.txt'
[10.308s] writing manifest file 'drone_c.egg-info/SOURCES.txt'
[10.339s] [ 12%] Built target ament_cmake_python_build_drone_c_egg
[10.356s] [ 13%] Generating C++ type support for eProsima Fast-RTPS
[10.837s] [ 14%] Building CXX object CMakeFiles/drone_c__rosidl_typesupport_fastrtps_cpp.dir/rosidl_typesupport_fastrtps_cpp/drone_c/msg/detail/dds_fastrtps/pid__type_support.cpp.o
[11.145s] [ 16%] Building CXX object CMakeFiles/drone_c__rosidl_typesupport_fastrtps_cpp.dir/rosidl_typesupport_fastrtps_cpp/drone_c/msg/detail/dds_fastrtps/altitude_lidar__type_support.cpp.o
[11.426s] [ 17%] Building CXX object CMakeFiles/drone_c__rosidl_typesupport_fastrtps_cpp.dir/rosidl_typesupport_fastrtps_cpp/drone_c/msg/detail/dds_fastrtps/filter__type_support.cpp.o
[11.706s] [ 18%] Building CXX object CMakeFiles/drone_c__rosidl_typesupport_fastrtps_cpp.dir/rosidl_typesupport_fastrtps_cpp/drone_c/msg/detail/dds_fastrtps/drone_header__type_support.cpp.o
[11.990s] [ 19%] Building CXX object CMakeFiles/drone_c__rosidl_typesupport_fastrtps_cpp.dir/rosidl_typesupport_fastrtps_cpp/drone_c/msg/detail/dds_fastrtps/pid_consts__type_support.cpp.o
[12.273s] [ 20%] Building CXX object CMakeFiles/drone_c__rosidl_typesupport_fastrtps_cpp.dir/rosidl_typesupport_fastrtps_cpp/drone_c/msg/detail/dds_fastrtps/imu_filter__type_support.cpp.o
[12.552s] [ 21%] Building CXX object CMakeFiles/drone_c__rosidl_typesupport_fastrtps_cpp.dir/rosidl_typesupport_fastrtps_cpp/drone_c/msg/detail/dds_fastrtps/motors__type_support.cpp.o
[12.828s] [ 22%] Building CXX object CMakeFiles/drone_c__rosidl_typesupport_fastrtps_cpp.dir/rosidl_typesupport_fastrtps_cpp/drone_c/msg/detail/dds_fastrtps/euler_angles__type_support.cpp.o
[13.104s] [ 24%] Linking CXX shared library libdrone_c__rosidl_typesupport_fastrtps_cpp.dylib
[13.139s] ld: warning: -pie being ignored. It is only used when linking a main executable
[13.172s] [ 24%] Built target drone_c__rosidl_typesupport_fastrtps_cpp
[13.190s] [ 25%] Generating C++ type support dispatch for ROS interfaces
[13.499s] [ 26%] Building CXX object CMakeFiles/drone_c__rosidl_typesupport_cpp.dir/rosidl_typesupport_cpp/drone_c/msg/pid__type_support.cpp.o
[13.713s] [ 27%] Building CXX object CMakeFiles/drone_c__rosidl_typesupport_cpp.dir/rosidl_typesupport_cpp/drone_c/msg/altitude_lidar__type_support.cpp.o
[13.924s] [ 28%] Building CXX object CMakeFiles/drone_c__rosidl_typesupport_cpp.dir/rosidl_typesupport_cpp/drone_c/msg/filter__type_support.cpp.o
[14.135s] [ 29%] Building CXX object CMakeFiles/drone_c__rosidl_typesupport_cpp.dir/rosidl_typesupport_cpp/drone_c/msg/drone_header__type_support.cpp.o
[14.345s] [ 31%] Building CXX object CMakeFiles/drone_c__rosidl_typesupport_cpp.dir/rosidl_typesupport_cpp/drone_c/msg/pid_consts__type_support.cpp.o
[14.552s] [ 32%] Building CXX object CMakeFiles/drone_c__rosidl_typesupport_cpp.dir/rosidl_typesupport_cpp/drone_c/msg/imu_filter__type_support.cpp.o
[14.760s] [ 33%] Building CXX object CMakeFiles/drone_c__rosidl_typesupport_cpp.dir/rosidl_typesupport_cpp/drone_c/msg/motors__type_support.cpp.o
[14.967s] [ 34%] Building CXX object CMakeFiles/drone_c__rosidl_typesupport_cpp.dir/rosidl_typesupport_cpp/drone_c/msg/euler_angles__type_support.cpp.o
[15.177s] [ 35%] Linking CXX shared library libdrone_c__rosidl_typesupport_cpp.dylib
[15.214s] ld: warning: -pie being ignored. It is only used when linking a main executable
[15.246s] [ 35%] Built target drone_c__rosidl_typesupport_cpp
[15.265s] [ 36%] Generating C code for ROS interfaces
[16.066s] [ 37%] Building C object CMakeFiles/drone_c__rosidl_generator_c.dir/rosidl_generator_c/drone_c/msg/detail/pid__functions.c.o
[16.144s] [ 39%] Building C object CMakeFiles/drone_c__rosidl_generator_c.dir/rosidl_generator_c/drone_c/msg/detail/altitude_lidar__functions.c.o
[16.204s] [ 40%] Building C object CMakeFiles/drone_c__rosidl_generator_c.dir/rosidl_generator_c/drone_c/msg/detail/filter__functions.c.o
[16.266s] [ 41%] Building C object CMakeFiles/drone_c__rosidl_generator_c.dir/rosidl_generator_c/drone_c/msg/detail/drone_header__functions.c.o
[16.332s] [ 42%] Building C object CMakeFiles/drone_c__rosidl_generator_c.dir/rosidl_generator_c/drone_c/msg/detail/pid_consts__functions.c.o
[16.398s] [ 43%] Building C object CMakeFiles/drone_c__rosidl_generator_c.dir/rosidl_generator_c/drone_c/msg/detail/imu_filter__functions.c.o
[16.462s] [ 44%] Building C object CMakeFiles/drone_c__rosidl_generator_c.dir/rosidl_generator_c/drone_c/msg/detail/motors__functions.c.o
[16.522s] [ 45%] Building C object CMakeFiles/drone_c__rosidl_generator_c.dir/rosidl_generator_c/drone_c/msg/detail/euler_angles__functions.c.o
[16.584s] [ 47%] Linking C shared library libdrone_c__rosidl_generator_c.dylib
[16.620s] ld: warning: -pie being ignored. It is only used when linking a main executable
[16.653s] [ 47%] Built target drone_c__rosidl_generator_c
[16.671s] [ 48%] Generating C type support for eProsima Fast-RTPS
[17.146s] [ 49%] Building CXX object CMakeFiles/drone_c__rosidl_typesupport_fastrtps_c.dir/rosidl_typesupport_fastrtps_c/drone_c/msg/detail/pid__type_support_c.cpp.o
[17.446s] [ 50%] Building CXX object CMakeFiles/drone_c__rosidl_typesupport_fastrtps_c.dir/rosidl_typesupport_fastrtps_c/drone_c/msg/detail/altitude_lidar__type_support_c.cpp.o
[17.728s] [ 51%] Building CXX object CMakeFiles/drone_c__rosidl_typesupport_fastrtps_c.dir/rosidl_typesupport_fastrtps_c/drone_c/msg/detail/filter__type_support_c.cpp.o
[18.034s] [ 52%] Building CXX object CMakeFiles/drone_c__rosidl_typesupport_fastrtps_c.dir/rosidl_typesupport_fastrtps_c/drone_c/msg/detail/drone_header__type_support_c.cpp.o
[18.320s] [ 54%] Building CXX object CMakeFiles/drone_c__rosidl_typesupport_fastrtps_c.dir/rosidl_typesupport_fastrtps_c/drone_c/msg/detail/pid_consts__type_support_c.cpp.o
[18.606s] [ 55%] Building CXX object CMakeFiles/drone_c__rosidl_typesupport_fastrtps_c.dir/rosidl_typesupport_fastrtps_c/drone_c/msg/detail/imu_filter__type_support_c.cpp.o
[18.889s] [ 56%] Building CXX object CMakeFiles/drone_c__rosidl_typesupport_fastrtps_c.dir/rosidl_typesupport_fastrtps_c/drone_c/msg/detail/motors__type_support_c.cpp.o
[19.165s] [ 57%] Building CXX object CMakeFiles/drone_c__rosidl_typesupport_fastrtps_c.dir/rosidl_typesupport_fastrtps_c/drone_c/msg/detail/euler_angles__type_support_c.cpp.o
[19.449s] [ 58%] Linking CXX shared library libdrone_c__rosidl_typesupport_fastrtps_c.dylib
[19.487s] ld: warning: -pie being ignored. It is only used when linking a main executable
[19.519s] [ 58%] Built target drone_c__rosidl_typesupport_fastrtps_c
[19.537s] [ 59%] Generating C type support dispatch for ROS interfaces
[19.853s] [ 60%] Building CXX object CMakeFiles/drone_c__rosidl_typesupport_c.dir/rosidl_typesupport_c/drone_c/msg/pid__type_support.cpp.o
[19.896s] [ 62%] Building CXX object CMakeFiles/drone_c__rosidl_typesupport_c.dir/rosidl_typesupport_c/drone_c/msg/altitude_lidar__type_support.cpp.o
[19.943s] [ 63%] Building CXX object CMakeFiles/drone_c__rosidl_typesupport_c.dir/rosidl_typesupport_c/drone_c/msg/filter__type_support.cpp.o
[19.986s] [ 64%] Building CXX object CMakeFiles/drone_c__rosidl_typesupport_c.dir/rosidl_typesupport_c/drone_c/msg/drone_header__type_support.cpp.o
[20.027s] [ 65%] Building CXX object CMakeFiles/drone_c__rosidl_typesupport_c.dir/rosidl_typesupport_c/drone_c/msg/pid_consts__type_support.cpp.o
[20.068s] [ 66%] Building CXX object CMakeFiles/drone_c__rosidl_typesupport_c.dir/rosidl_typesupport_c/drone_c/msg/imu_filter__type_support.cpp.o
[20.110s] [ 67%] Building CXX object CMakeFiles/drone_c__rosidl_typesupport_c.dir/rosidl_typesupport_c/drone_c/msg/motors__type_support.cpp.o
[20.153s] [ 68%] Building CXX object CMakeFiles/drone_c__rosidl_typesupport_c.dir/rosidl_typesupport_c/drone_c/msg/euler_angles__type_support.cpp.o
[20.196s] [ 70%] Linking CXX shared library libdrone_c__rosidl_typesupport_c.dylib
[20.233s] ld: warning: -pie being ignored. It is only used when linking a main executable
[20.266s] [ 70%] Built target drone_c__rosidl_typesupport_c
[20.286s] [ 71%] Generating C introspection for ROS interfaces
[20.747s] [ 72%] Building C object CMakeFiles/drone_c__rosidl_typesupport_introspection_c.dir/rosidl_typesupport_introspection_c/drone_c/msg/detail/pid__type_support.c.o
[20.799s] [ 73%] Building C object CMakeFiles/drone_c__rosidl_typesupport_introspection_c.dir/rosidl_typesupport_introspection_c/drone_c/msg/detail/altitude_lidar__type_support.c.o
[20.848s] [ 74%] Building C object CMakeFiles/drone_c__rosidl_typesupport_introspection_c.dir/rosidl_typesupport_introspection_c/drone_c/msg/detail/filter__type_support.c.o
[20.897s] [ 75%] Building C object CMakeFiles/drone_c__rosidl_typesupport_introspection_c.dir/rosidl_typesupport_introspection_c/drone_c/msg/detail/drone_header__type_support.c.o
[20.946s] [ 77%] Building C object CMakeFiles/drone_c__rosidl_typesupport_introspection_c.dir/rosidl_typesupport_introspection_c/drone_c/msg/detail/pid_consts__type_support.c.o
[21.000s] [ 78%] Building C object CMakeFiles/drone_c__rosidl_typesupport_introspection_c.dir/rosidl_typesupport_introspection_c/drone_c/msg/detail/imu_filter__type_support.c.o
[21.055s] [ 79%] Building C object CMakeFiles/drone_c__rosidl_typesupport_introspection_c.dir/rosidl_typesupport_introspection_c/drone_c/msg/detail/motors__type_support.c.o
[21.104s] [ 80%] Building C object CMakeFiles/drone_c__rosidl_typesupport_introspection_c.dir/rosidl_typesupport_introspection_c/drone_c/msg/detail/euler_angles__type_support.c.o
[21.152s] [ 81%] Linking C shared library libdrone_c__rosidl_typesupport_introspection_c.dylib
[21.189s] ld: warning: -pie being ignored. It is only used when linking a main executable
[21.223s] [ 81%] Built target drone_c__rosidl_typesupport_introspection_c
[21.259s] [ 81%] Built target drone_c
[21.295s] [ 82%] Generating Python code for ROS interfaces
[22.068s] [ 82%] Built target drone_c__py
[22.102s] [ 83%] Building C object CMakeFiles/drone_c__rosidl_generator_py.dir/rosidl_generator_py/drone_c/msg/_pid_s.c.o
[22.223s] [ 85%] Building C object CMakeFiles/drone_c__rosidl_generator_py.dir/rosidl_generator_py/drone_c/msg/_altitude_lidar_s.c.o
[22.332s] [ 86%] Building C object CMakeFiles/drone_c__rosidl_generator_py.dir/rosidl_generator_py/drone_c/msg/_filter_s.c.o
[22.427s] [ 87%] Building C object CMakeFiles/drone_c__rosidl_generator_py.dir/rosidl_generator_py/drone_c/msg/_drone_header_s.c.o
[22.524s] [ 88%] Building C object CMakeFiles/drone_c__rosidl_generator_py.dir/rosidl_generator_py/drone_c/msg/_pid_consts_s.c.o
[22.628s] [ 89%] Building C object CMakeFiles/drone_c__rosidl_generator_py.dir/rosidl_generator_py/drone_c/msg/_imu_filter_s.c.o
[22.718s] [ 90%] Building C object CMakeFiles/drone_c__rosidl_generator_py.dir/rosidl_generator_py/drone_c/msg/_motors_s.c.o
[22.805s] [ 91%] Building C object CMakeFiles/drone_c__rosidl_generator_py.dir/rosidl_generator_py/drone_c/msg/_euler_angles_s.c.o
[22.890s] [ 93%] Linking C shared library rosidl_generator_py/drone_c/libdrone_c__rosidl_generator_py.dylib
[22.928s] ld: warning: -pie being ignored. It is only used when linking a main executable
[22.960s] [ 93%] Built target drone_c__rosidl_generator_py
[22.995s] [ 94%] Building C object CMakeFiles/drone_c__rosidl_typesupport_fastrtps_c__pyext.dir/rosidl_generator_py/drone_c/_drone_c_s.ep.rosidl_typesupport_fastrtps_c.c.o
[23.101s] [ 95%] Linking C shared library rosidl_generator_py/drone_c/drone_c_s__rosidl_typesupport_fastrtps_c.cpython-310-darwin.so
[23.139s] ld: warning: -pie being ignored. It is only used when linking a main executable
[23.170s] [ 95%] Built target drone_c__rosidl_typesupport_fastrtps_c__pyext
[23.205s] [ 96%] Building C object CMakeFiles/drone_c__rosidl_typesupport_c__pyext.dir/rosidl_generator_py/drone_c/_drone_c_s.ep.rosidl_typesupport_c.c.o
[23.302s] [ 97%] Linking C shared library rosidl_generator_py/drone_c/drone_c_s__rosidl_typesupport_c.cpython-310-darwin.so
[23.340s] ld: warning: -pie being ignored. It is only used when linking a main executable
[23.371s] [ 97%] Built target drone_c__rosidl_typesupport_c__pyext
[23.405s] [ 98%] Building C object CMakeFiles/drone_c__rosidl_typesupport_introspection_c__pyext.dir/rosidl_generator_py/drone_c/_drone_c_s.ep.rosidl_typesupport_introspection_c.c.o
[23.504s] [100%] Linking C shared library rosidl_generator_py/drone_c/drone_c_s__rosidl_typesupport_introspection_c.cpython-310-darwin.so
[23.542s] ld: warning: -pie being ignored. It is only used when linking a main executable
[23.573s] [100%] Built target drone_c__rosidl_typesupport_introspection_c__pyext
[23.596s] Invoked command in '/Users/amitgedj/Library/CloudStorage/OneDrive-Personal/University/MsC/Thesis/Code/ROS_files/build/drone_c' returned '0': CMAKE_PREFIX_PATH=${CMAKE_PREFIX_PATH}:/Users/amitgedj/Library/CloudStorage/OneDrive-Personal/University/MsC/Thesis/Code/ROS_files/install/drone_tuner CONDA_PROMPT_MODIFIER=(ros2) SHLVL=2 _=/opt/anaconda3/envs/ros2/bin/env __CF_USER_TEXT_ENCODING=0x1F5:0x0:0x0 /opt/anaconda3/envs/ros2/bin/cmake --build /Users/amitgedj/Library/CloudStorage/OneDrive-Personal/University/MsC/Thesis/Code/ROS_files/build/drone_c -- -j10 -l10
[24.288s] Invoking command in '/Users/amitgedj/Library/CloudStorage/OneDrive-Personal/University/MsC/Thesis/Code/ROS_files/build/drone_c': CMAKE_PREFIX_PATH=${CMAKE_PREFIX_PATH}:/Users/amitgedj/Library/CloudStorage/OneDrive-Personal/University/MsC/Thesis/Code/ROS_files/install/drone_tuner CONDA_PROMPT_MODIFIER=(ros2) SHLVL=2 _=/opt/anaconda3/envs/ros2/bin/env __CF_USER_TEXT_ENCODING=0x1F5:0x0:0x0 /opt/anaconda3/envs/ros2/bin/cmake --install /Users/amitgedj/Library/CloudStorage/OneDrive-Personal/University/MsC/Thesis/Code/ROS_files/build/drone_c
[24.299s] -- Install configuration: ""
[24.300s] -- Installing: /Users/amitgedj/Library/CloudStorage/OneDrive-Personal/University/MsC/Thesis/Code/ROS_files/install/drone_c/share/ament_index/resource_index/rosidl_interfaces/drone_c
[24.301s] -- Installing: /Users/amitgedj/Library/CloudStorage/OneDrive-Personal/University/MsC/Thesis/Code/ROS_files/install/drone_c/include/drone_c/drone_c
[24.301s] -- Installing: /Users/amitgedj/Library/CloudStorage/OneDrive-Personal/University/MsC/Thesis/Code/ROS_files/install/drone_c/include/drone_c/drone_c/msg
[24.301s] -- Installing: /Users/amitgedj/Library/CloudStorage/OneDrive-Personal/University/MsC/Thesis/Code/ROS_files/install/drone_c/include/drone_c/drone_c/msg/rosidl_generator_c__visibility_control.h
[24.302s] -- Installing: /Users/amitgedj/Library/CloudStorage/OneDrive-Personal/University/MsC/Thesis/Code/ROS_files/install/drone_c/include/drone_c/drone_c/msg/euler_angles.h
[24.302s] -- Installing: /Users/amitgedj/Library/CloudStorage/OneDrive-Personal/University/MsC/Thesis/Code/ROS_files/install/drone_c/include/drone_c/drone_c/msg/motors.h
[24.303s] -- Installing: /Users/amitgedj/Library/CloudStorage/OneDrive-Personal/University/MsC/Thesis/Code/ROS_files/install/drone_c/include/drone_c/drone_c/msg/detail
[24.303s] -- Installing: /Users/amitgedj/Library/CloudStorage/OneDrive-Personal/University/MsC/Thesis/Code/ROS_files/install/drone_c/include/drone_c/drone_c/msg/detail/drone_header__type_support.h
[24.303s] -- Installing: /Users/amitgedj/Library/CloudStorage/OneDrive-Personal/University/MsC/Thesis/Code/ROS_files/install/drone_c/include/drone_c/drone_c/msg/detail/pid__struct.h
[24.304s] -- Installing: /Users/amitgedj/Library/CloudStorage/OneDrive-Personal/University/MsC/Thesis/Code/ROS_files/install/drone_c/include/drone_c/drone_c/msg/detail/motors__struct.h
[24.305s] -- Installing: /Users/amitgedj/Library/CloudStorage/OneDrive-Personal/University/MsC/Thesis/Code/ROS_files/install/drone_c/include/drone_c/drone_c/msg/detail/altitude_lidar__functions.c
[24.305s] -- Installing: /Users/amitgedj/Library/CloudStorage/OneDrive-Personal/University/MsC/Thesis/Code/ROS_files/install/drone_c/include/drone_c/drone_c/msg/detail/pid__type_support.h
[24.306s] -- Installing: /Users/amitgedj/Library/CloudStorage/OneDrive-Personal/University/MsC/Thesis/Code/ROS_files/install/drone_c/include/drone_c/drone_c/msg/detail/motors__type_support.h
[24.307s] -- Installing: /Users/amitgedj/Library/CloudStorage/OneDrive-Personal/University/MsC/Thesis/Code/ROS_files/install/drone_c/include/drone_c/drone_c/msg/detail/filter__type_support.h
[24.307s] -- Installing: /Users/amitgedj/Library/CloudStorage/OneDrive-Personal/University/MsC/Thesis/Code/ROS_files/install/drone_c/include/drone_c/drone_c/msg/detail/euler_angles__type_support.h
[24.308s] -- Installing: /Users/amitgedj/Library/CloudStorage/OneDrive-Personal/University/MsC/Thesis/Code/ROS_files/install/drone_c/include/drone_c/drone_c/msg/detail/pid_consts__functions.h
[24.308s] -- Installing: /Users/amitgedj/Library/CloudStorage/OneDrive-Personal/University/MsC/Thesis/Code/ROS_files/install/drone_c/include/drone_c/drone_c/msg/detail/drone_header__functions.h
[24.309s] -- Installing: /Users/amitgedj/Library/CloudStorage/OneDrive-Personal/University/MsC/Thesis/Code/ROS_files/install/drone_c/include/drone_c/drone_c/msg/detail/imu_filter__functions.h
[24.309s] -- Installing: /Users/amitgedj/Library/CloudStorage/OneDrive-Personal/University/MsC/Thesis/Code/ROS_files/install/drone_c/include/drone_c/drone_c/msg/detail/filter__functions.c
[24.310s] -- Installing: /Users/amitgedj/Library/CloudStorage/OneDrive-Personal/University/MsC/Thesis/Code/ROS_files/install/drone_c/include/drone_c/drone_c/msg/detail/euler_angles__functions.c
[24.310s] -- Installing: /Users/amitgedj/Library/CloudStorage/OneDrive-Personal/University/MsC/Thesis/Code/ROS_files/install/drone_c/include/drone_c/drone_c/msg/detail/altitude_lidar__struct.h
[24.311s] -- Installing: /Users/amitgedj/Library/CloudStorage/OneDrive-Personal/University/MsC/Thesis/Code/ROS_files/install/drone_c/include/drone_c/drone_c/msg/detail/pid_consts__struct.h
[24.312s] -- Installing: /Users/amitgedj/Library/CloudStorage/OneDrive-Personal/University/MsC/Thesis/Code/ROS_files/install/drone_c/include/drone_c/drone_c/msg/detail/pid__functions.c
[24.313s] -- Installing: /Users/amitgedj/Library/CloudStorage/OneDrive-Personal/University/MsC/Thesis/Code/ROS_files/install/drone_c/include/drone_c/drone_c/msg/detail/motors__functions.h
[24.313s] -- Installing: /Users/amitgedj/Library/CloudStorage/OneDrive-Personal/University/MsC/Thesis/Code/ROS_files/install/drone_c/include/drone_c/drone_c/msg/detail/altitude_lidar__functions.h
[24.314s] -- Installing: /Users/amitgedj/Library/CloudStorage/OneDrive-Personal/University/MsC/Thesis/Code/ROS_files/install/drone_c/include/drone_c/drone_c/msg/detail/altitude_lidar__type_support.h
[24.315s] -- Installing: /Users/amitgedj/Library/CloudStorage/OneDrive-Personal/University/MsC/Thesis/Code/ROS_files/install/drone_c/include/drone_c/drone_c/msg/detail/euler_angles__struct.h
[24.315s] -- Installing: /Users/amitgedj/Library/CloudStorage/OneDrive-Personal/University/MsC/Thesis/Code/ROS_files/install/drone_c/include/drone_c/drone_c/msg/detail/imu_filter__struct.h
[24.315s] -- Installing: /Users/amitgedj/Library/CloudStorage/OneDrive-Personal/University/MsC/Thesis/Code/ROS_files/install/drone_c/include/drone_c/drone_c/msg/detail/filter__functions.h
[24.316s] -- Installing: /Users/amitgedj/Library/CloudStorage/OneDrive-Personal/University/MsC/Thesis/Code/ROS_files/install/drone_c/include/drone_c/drone_c/msg/detail/imu_filter__functions.c
[24.316s] -- Installing: /Users/amitgedj/Library/CloudStorage/OneDrive-Personal/University/MsC/Thesis/Code/ROS_files/install/drone_c/include/drone_c/drone_c/msg/detail/drone_header__functions.c
[24.317s] -- Installing: /Users/amitgedj/Library/CloudStorage/OneDrive-Personal/University/MsC/Thesis/Code/ROS_files/install/drone_c/include/drone_c/drone_c/msg/detail/pid_consts__functions.c
[24.317s] -- Installing: /Users/amitgedj/Library/CloudStorage/OneDrive-Personal/University/MsC/Thesis/Code/ROS_files/install/drone_c/include/drone_c/drone_c/msg/detail/drone_header__struct.h
[24.318s] -- Installing: /Users/amitgedj/Library/CloudStorage/OneDrive-Personal/University/MsC/Thesis/Code/ROS_files/install/drone_c/include/drone_c/drone_c/msg/detail/euler_angles__functions.h
[24.319s] -- Installing: /Users/amitgedj/Library/CloudStorage/OneDrive-Personal/University/MsC/Thesis/Code/ROS_files/install/drone_c/include/drone_c/drone_c/msg/detail/filter__struct.h
[24.320s] -- Installing: /Users/amitgedj/Library/CloudStorage/OneDrive-Personal/University/MsC/Thesis/Code/ROS_files/install/drone_c/include/drone_c/drone_c/msg/detail/pid_consts__type_support.h
[24.320s] -- Installing: /Users/amitgedj/Library/CloudStorage/OneDrive-Personal/University/MsC/Thesis/Code/ROS_files/install/drone_c/include/drone_c/drone_c/msg/detail/imu_filter__type_support.h
[24.321s] -- Installing: /Users/amitgedj/Library/CloudStorage/OneDrive-Personal/University/MsC/Thesis/Code/ROS_files/install/drone_c/include/drone_c/drone_c/msg/detail/motors__functions.c
[24.321s] -- Installing: /Users/amitgedj/Library/CloudStorage/OneDrive-Personal/University/MsC/Thesis/Code/ROS_files/install/drone_c/include/drone_c/drone_c/msg/detail/pid__functions.h
[24.322s] -- Installing: /Users/amitgedj/Library/CloudStorage/OneDrive-Personal/University/MsC/Thesis/Code/ROS_files/install/drone_c/include/drone_c/drone_c/msg/drone_header.h
[24.322s] -- Installing: /Users/amitgedj/Library/CloudStorage/OneDrive-Personal/University/MsC/Thesis/Code/ROS_files/install/drone_c/include/drone_c/drone_c/msg/altitude_lidar.h
[24.323s] -- Installing: /Users/amitgedj/Library/CloudStorage/OneDrive-Personal/University/MsC/Thesis/Code/ROS_files/install/drone_c/include/drone_c/drone_c/msg/pid_consts.h
[24.323s] -- Installing: /Users/amitgedj/Library/CloudStorage/OneDrive-Personal/University/MsC/Thesis/Code/ROS_files/install/drone_c/include/drone_c/drone_c/msg/pid.h
[24.324s] -- Installing: /Users/amitgedj/Library/CloudStorage/OneDrive-Personal/University/MsC/Thesis/Code/ROS_files/install/drone_c/include/drone_c/drone_c/msg/imu_filter.h
[24.324s] -- Installing: /Users/amitgedj/Library/CloudStorage/OneDrive-Personal/University/MsC/Thesis/Code/ROS_files/install/drone_c/include/drone_c/drone_c/msg/filter.h
[24.325s] -- Installing: /Users/amitgedj/Library/CloudStorage/OneDrive-Personal/University/MsC/Thesis/Code/ROS_files/install/drone_c/lib/libdrone_c__rosidl_generator_c.dylib
[24.326s] -- Up-to-date: /Users/amitgedj/Library/CloudStorage/OneDrive-Personal/University/MsC/Thesis/Code/ROS_files/install/drone_c/include/drone_c/drone_c
[24.326s] -- Up-to-date: /Users/amitgedj/Library/CloudStorage/OneDrive-Personal/University/MsC/Thesis/Code/ROS_files/install/drone_c/include/drone_c/drone_c/msg
[24.326s] -- Up-to-date: /Users/amitgedj/Library/CloudStorage/OneDrive-Personal/University/MsC/Thesis/Code/ROS_files/install/drone_c/include/drone_c/drone_c/msg/detail
[24.327s] -- Installing: /Users/amitgedj/Library/CloudStorage/OneDrive-Personal/University/MsC/Thesis/Code/ROS_files/install/drone_c/include/drone_c/drone_c/msg/detail/filter__rosidl_typesupport_fastrtps_c.h
[24.327s] -- Installing: /Users/amitgedj/Library/CloudStorage/OneDrive-Personal/University/MsC/Thesis/Code/ROS_files/install/drone_c/include/drone_c/drone_c/msg/detail/imu_filter__rosidl_typesupport_fastrtps_c.h
[24.328s] -- Installing: /Users/amitgedj/Library/CloudStorage/OneDrive-Personal/University/MsC/Thesis/Code/ROS_files/install/drone_c/include/drone_c/drone_c/msg/detail/euler_angles__rosidl_typesupport_fastrtps_c.h
[24.328s] -- Installing: /Users/amitgedj/Library/CloudStorage/OneDrive-Personal/University/MsC/Thesis/Code/ROS_files/install/drone_c/include/drone_c/drone_c/msg/detail/altitude_lidar__rosidl_typesupport_fastrtps_c.h
[24.328s] -- Installing: /Users/amitgedj/Library/CloudStorage/OneDrive-Personal/University/MsC/Thesis/Code/ROS_files/install/drone_c/include/drone_c/drone_c/msg/detail/pid__rosidl_typesupport_fastrtps_c.h
[24.329s] -- Installing: /Users/amitgedj/Library/CloudStorage/OneDrive-Personal/University/MsC/Thesis/Code/ROS_files/install/drone_c/include/drone_c/drone_c/msg/detail/drone_header__rosidl_typesupport_fastrtps_c.h
[24.330s] -- Installing: /Users/amitgedj/Library/CloudStorage/OneDrive-Personal/University/MsC/Thesis/Code/ROS_files/install/drone_c/include/drone_c/drone_c/msg/detail/motors__rosidl_typesupport_fastrtps_c.h
[24.331s] -- Installing: /Users/amitgedj/Library/CloudStorage/OneDrive-Personal/University/MsC/Thesis/Code/ROS_files/install/drone_c/include/drone_c/drone_c/msg/detail/pid_consts__rosidl_typesupport_fastrtps_c.h
[24.331s] -- Installing: /Users/amitgedj/Library/CloudStorage/OneDrive-Personal/University/MsC/Thesis/Code/ROS_files/install/drone_c/include/drone_c/drone_c/msg/rosidl_typesupport_fastrtps_c__visibility_control.h
[24.332s] -- Installing: /Users/amitgedj/Library/CloudStorage/OneDrive-Personal/University/MsC/Thesis/Code/ROS_files/install/drone_c/lib/libdrone_c__rosidl_typesupport_fastrtps_c.dylib
[24.337s] [cctools-port]: generating fake signature for '/Users/amitgedj/Library/CloudStorage/OneDrive-Personal/University/MsC/Thesis/Code/ROS_files/install/drone_c/lib/libdrone_c__rosidl_typesupport_fastrtps_c.dylib'
[24.351s] -- Up-to-date: /Users/amitgedj/Library/CloudStorage/OneDrive-Personal/University/MsC/Thesis/Code/ROS_files/install/drone_c/include/drone_c/drone_c
[24.351s] -- Up-to-date: /Users/amitgedj/Library/CloudStorage/OneDrive-Personal/University/MsC/Thesis/Code/ROS_files/install/drone_c/include/drone_c/drone_c/msg
[24.351s] -- Installing: /Users/amitgedj/Library/CloudStorage/OneDrive-Personal/University/MsC/Thesis/Code/ROS_files/install/drone_c/include/drone_c/drone_c/msg/euler_angles.hpp
[24.352s] -- Up-to-date: /Users/amitgedj/Library/CloudStorage/OneDrive-Personal/University/MsC/Thesis/Code/ROS_files/install/drone_c/include/drone_c/drone_c/msg/detail
[24.352s] -- Installing: /Users/amitgedj/Library/CloudStorage/OneDrive-Personal/University/MsC/Thesis/Code/ROS_files/install/drone_c/include/drone_c/drone_c/msg/detail/drone_header__traits.hpp
[24.353s] -- Installing: /Users/amitgedj/Library/CloudStorage/OneDrive-Personal/University/MsC/Thesis/Code/ROS_files/install/drone_c/include/drone_c/drone_c/msg/detail/pid__builder.hpp
[24.353s] -- Installing: /Users/amitgedj/Library/CloudStorage/OneDrive-Personal/University/MsC/Thesis/Code/ROS_files/install/drone_c/include/drone_c/drone_c/msg/detail/motors__struct.hpp
[24.354s] -- Installing: /Users/amitgedj/Library/CloudStorage/OneDrive-Personal/University/MsC/Thesis/Code/ROS_files/install/drone_c/include/drone_c/drone_c/msg/detail/euler_angles__traits.hpp
[24.354s] -- Installing: /Users/amitgedj/Library/CloudStorage/OneDrive-Personal/University/MsC/Thesis/Code/ROS_files/install/drone_c/include/drone_c/drone_c/msg/detail/pid__traits.hpp
[24.356s] -- Installing: /Users/amitgedj/Library/CloudStorage/OneDrive-Personal/University/MsC/Thesis/Code/ROS_files/install/drone_c/include/drone_c/drone_c/msg/detail/euler_angles__builder.hpp
[24.357s] -- Installing: /Users/amitgedj/Library/CloudStorage/OneDrive-Personal/University/MsC/Thesis/Code/ROS_files/install/drone_c/include/drone_c/drone_c/msg/detail/filter__traits.hpp
[24.357s] -- Installing: /Users/amitgedj/Library/CloudStorage/OneDrive-Personal/University/MsC/Thesis/Code/ROS_files/install/drone_c/include/drone_c/drone_c/msg/detail/pid_consts__struct.hpp
[24.357s] -- Installing: /Users/amitgedj/Library/CloudStorage/OneDrive-Personal/University/MsC/Thesis/Code/ROS_files/install/drone_c/include/drone_c/drone_c/msg/detail/altitude_lidar__traits.hpp
[24.357s] -- Installing: /Users/amitgedj/Library/CloudStorage/OneDrive-Personal/University/MsC/Thesis/Code/ROS_files/install/drone_c/include/drone_c/drone_c/msg/detail/filter__builder.hpp
[24.358s] -- Installing: /Users/amitgedj/Library/CloudStorage/OneDrive-Personal/University/MsC/Thesis/Code/ROS_files/install/drone_c/include/drone_c/drone_c/msg/detail/imu_filter__traits.hpp
[24.359s] -- Installing: /Users/amitgedj/Library/CloudStorage/OneDrive-Personal/University/MsC/Thesis/Code/ROS_files/install/drone_c/include/drone_c/drone_c/msg/detail/altitude_lidar__builder.hpp
[24.359s] -- Installing: /Users/amitgedj/Library/CloudStorage/OneDrive-Personal/University/MsC/Thesis/Code/ROS_files/install/drone_c/include/drone_c/drone_c/msg/detail/pid__struct.hpp
[24.360s] -- Installing: /Users/amitgedj/Library/CloudStorage/OneDrive-Personal/University/MsC/Thesis/Code/ROS_files/install/drone_c/include/drone_c/drone_c/msg/detail/euler_angles__struct.hpp
[24.361s] -- Installing: /Users/amitgedj/Library/CloudStorage/OneDrive-Personal/University/MsC/Thesis/Code/ROS_files/install/drone_c/include/drone_c/drone_c/msg/detail/motors__traits.hpp
[24.361s] -- Installing: /Users/amitgedj/Library/CloudStorage/OneDrive-Personal/University/MsC/Thesis/Code/ROS_files/install/drone_c/include/drone_c/drone_c/msg/detail/motors__builder.hpp
[24.362s] -- Installing: /Users/amitgedj/Library/CloudStorage/OneDrive-Personal/University/MsC/Thesis/Code/ROS_files/install/drone_c/include/drone_c/drone_c/msg/detail/drone_header__struct.hpp
[24.362s] -- Installing: /Users/amitgedj/Library/CloudStorage/OneDrive-Personal/University/MsC/Thesis/Code/ROS_files/install/drone_c/include/drone_c/drone_c/msg/detail/filter__struct.hpp
[24.363s] -- Installing: /Users/amitgedj/Library/CloudStorage/OneDrive-Personal/University/MsC/Thesis/Code/ROS_files/install/drone_c/include/drone_c/drone_c/msg/detail/imu_filter__builder.hpp
[24.363s] -- Installing: /Users/amitgedj/Library/CloudStorage/OneDrive-Personal/University/MsC/Thesis/Code/ROS_files/install/drone_c/include/drone_c/drone_c/msg/detail/altitude_lidar__struct.hpp
[24.364s] -- Installing: /Users/amitgedj/Library/CloudStorage/OneDrive-Personal/University/MsC/Thesis/Code/ROS_files/install/drone_c/include/drone_c/drone_c/msg/detail/drone_header__builder.hpp
[24.365s] -- Installing: /Users/amitgedj/Library/CloudStorage/OneDrive-Personal/University/MsC/Thesis/Code/ROS_files/install/drone_c/include/drone_c/drone_c/msg/detail/pid_consts__builder.hpp
[24.366s] -- Installing: /Users/amitgedj/Library/CloudStorage/OneDrive-Personal/University/MsC/Thesis/Code/ROS_files/install/drone_c/include/drone_c/drone_c/msg/detail/pid_consts__traits.hpp
[24.366s] -- Installing: /Users/amitgedj/Library/CloudStorage/OneDrive-Personal/University/MsC/Thesis/Code/ROS_files/install/drone_c/include/drone_c/drone_c/msg/detail/imu_filter__struct.hpp
[24.367s] -- Installing: /Users/amitgedj/Library/CloudStorage/OneDrive-Personal/University/MsC/Thesis/Code/ROS_files/install/drone_c/include/drone_c/drone_c/msg/drone_header.hpp
[24.367s] -- Installing: /Users/amitgedj/Library/CloudStorage/OneDrive-Personal/University/MsC/Thesis/Code/ROS_files/install/drone_c/include/drone_c/drone_c/msg/altitude_lidar.hpp
[24.368s] -- Installing: /Users/amitgedj/Library/CloudStorage/OneDrive-Personal/University/MsC/Thesis/Code/ROS_files/install/drone_c/include/drone_c/drone_c/msg/imu_filter.hpp
[24.369s] -- Installing: /Users/amitgedj/Library/CloudStorage/OneDrive-Personal/University/MsC/Thesis/Code/ROS_files/install/drone_c/include/drone_c/drone_c/msg/filter.hpp
[24.370s] -- Installing: /Users/amitgedj/Library/CloudStorage/OneDrive-Personal/University/MsC/Thesis/Code/ROS_files/install/drone_c/include/drone_c/drone_c/msg/motors.hpp
[24.370s] -- Installing: /Users/amitgedj/Library/CloudStorage/OneDrive-Personal/University/MsC/Thesis/Code/ROS_files/install/drone_c/include/drone_c/drone_c/msg/pid.hpp
[24.371s] -- Installing: /Users/amitgedj/Library/CloudStorage/OneDrive-Personal/University/MsC/Thesis/Code/ROS_files/install/drone_c/include/drone_c/drone_c/msg/pid_consts.hpp
[24.372s] -- Up-to-date: /Users/amitgedj/Library/CloudStorage/OneDrive-Personal/University/MsC/Thesis/Code/ROS_files/install/drone_c/include/drone_c/drone_c
[24.372s] -- Up-to-date: /Users/amitgedj/Library/CloudStorage/OneDrive-Personal/University/MsC/Thesis/Code/ROS_files/install/drone_c/include/drone_c/drone_c/msg
[24.372s] -- Installing: /Users/amitgedj/Library/CloudStorage/OneDrive-Personal/University/MsC/Thesis/Code/ROS_files/install/drone_c/include/drone_c/drone_c/msg/rosidl_typesupport_fastrtps_cpp__visibility_control.h
[24.373s] -- Up-to-date: /Users/amitgedj/Library/CloudStorage/OneDrive-Personal/University/MsC/Thesis/Code/ROS_files/install/drone_c/include/drone_c/drone_c/msg/detail
[24.373s] -- Installing: /Users/amitgedj/Library/CloudStorage/OneDrive-Personal/University/MsC/Thesis/Code/ROS_files/install/drone_c/include/drone_c/drone_c/msg/detail/drone_header__rosidl_typesupport_fastrtps_cpp.hpp
[24.374s] -- Installing: /Users/amitgedj/Library/CloudStorage/OneDrive-Personal/University/MsC/Thesis/Code/ROS_files/install/drone_c/include/drone_c/drone_c/msg/detail/filter__rosidl_typesupport_fastrtps_cpp.hpp
[24.375s] -- Installing: /Users/amitgedj/Library/CloudStorage/OneDrive-Personal/University/MsC/Thesis/Code/ROS_files/install/drone_c/include/drone_c/drone_c/msg/detail/pid_consts__rosidl_typesupport_fastrtps_cpp.hpp
[24.375s] -- Installing: /Users/amitgedj/Library/CloudStorage/OneDrive-Personal/University/MsC/Thesis/Code/ROS_files/install/drone_c/include/drone_c/drone_c/msg/detail/altitude_lidar__rosidl_typesupport_fastrtps_cpp.hpp
[24.376s] -- Installing: /Users/amitgedj/Library/CloudStorage/OneDrive-Personal/University/MsC/Thesis/Code/ROS_files/install/drone_c/include/drone_c/drone_c/msg/detail/euler_angles__rosidl_typesupport_fastrtps_cpp.hpp
[24.376s] -- Installing: /Users/amitgedj/Library/CloudStorage/OneDrive-Personal/University/MsC/Thesis/Code/ROS_files/install/drone_c/include/drone_c/drone_c/msg/detail/motors__rosidl_typesupport_fastrtps_cpp.hpp
[24.377s] -- Installing: /Users/amitgedj/Library/CloudStorage/OneDrive-Personal/University/MsC/Thesis/Code/ROS_files/install/drone_c/include/drone_c/drone_c/msg/detail/imu_filter__rosidl_typesupport_fastrtps_cpp.hpp
[24.378s] -- Installing: /Users/amitgedj/Library/CloudStorage/OneDrive-Personal/University/MsC/Thesis/Code/ROS_files/install/drone_c/include/drone_c/drone_c/msg/detail/pid__rosidl_typesupport_fastrtps_cpp.hpp
[24.378s] -- Installing: /Users/amitgedj/Library/CloudStorage/OneDrive-Personal/University/MsC/Thesis/Code/ROS_files/install/drone_c/include/drone_c/drone_c/msg/detail/dds_fastrtps
[24.379s] -- Installing: /Users/amitgedj/Library/CloudStorage/OneDrive-Personal/University/MsC/Thesis/Code/ROS_files/install/drone_c/lib/libdrone_c__rosidl_typesupport_fastrtps_cpp.dylib
[24.379s] -- Up-to-date: /Users/amitgedj/Library/CloudStorage/OneDrive-Personal/University/MsC/Thesis/Code/ROS_files/install/drone_c/include/drone_c/drone_c
[24.380s] -- Up-to-date: /Users/amitgedj/Library/CloudStorage/OneDrive-Personal/University/MsC/Thesis/Code/ROS_files/install/drone_c/include/drone_c/drone_c/msg
[24.380s] -- Up-to-date: /Users/amitgedj/Library/CloudStorage/OneDrive-Personal/University/MsC/Thesis/Code/ROS_files/install/drone_c/include/drone_c/drone_c/msg/detail
[24.380s] -- Installing: /Users/amitgedj/Library/CloudStorage/OneDrive-Personal/University/MsC/Thesis/Code/ROS_files/install/drone_c/include/drone_c/drone_c/msg/detail/filter__rosidl_typesupport_introspection_c.h
[24.381s] -- Installing: /Users/amitgedj/Library/CloudStorage/OneDrive-Personal/University/MsC/Thesis/Code/ROS_files/install/drone_c/include/drone_c/drone_c/msg/detail/altitude_lidar__type_support.c
[24.381s] -- Installing: /Users/amitgedj/Library/CloudStorage/OneDrive-Personal/University/MsC/Thesis/Code/ROS_files/install/drone_c/include/drone_c/drone_c/msg/detail/pid_consts__rosidl_typesupport_introspection_c.h
[24.382s] -- Installing: /Users/amitgedj/Library/CloudStorage/OneDrive-Personal/University/MsC/Thesis/Code/ROS_files/install/drone_c/include/drone_c/drone_c/msg/detail/pid__rosidl_typesupport_introspection_c.h
[24.383s] -- Installing: /Users/amitgedj/Library/CloudStorage/OneDrive-Personal/University/MsC/Thesis/Code/ROS_files/install/drone_c/include/drone_c/drone_c/msg/detail/pid_consts__type_support.c
[24.384s] -- Installing: /Users/amitgedj/Library/CloudStorage/OneDrive-Personal/University/MsC/Thesis/Code/ROS_files/install/drone_c/include/drone_c/drone_c/msg/detail/euler_angles__rosidl_typesupport_introspection_c.h
[24.384s] -- Installing: /Users/amitgedj/Library/CloudStorage/OneDrive-Personal/University/MsC/Thesis/Code/ROS_files/install/drone_c/include/drone_c/drone_c/msg/detail/imu_filter__type_support.c
[24.385s] -- Installing: /Users/amitgedj/Library/CloudStorage/OneDrive-Personal/University/MsC/Thesis/Code/ROS_files/install/drone_c/include/drone_c/drone_c/msg/detail/pid__type_support.c
[24.386s] -- Installing: /Users/amitgedj/Library/CloudStorage/OneDrive-Personal/University/MsC/Thesis/Code/ROS_files/install/drone_c/include/drone_c/drone_c/msg/detail/imu_filter__rosidl_typesupport_introspection_c.h
[24.386s] -- Installing: /Users/amitgedj/Library/CloudStorage/OneDrive-Personal/University/MsC/Thesis/Code/ROS_files/install/drone_c/include/drone_c/drone_c/msg/detail/drone_header__type_support.c
[24.387s] -- Installing: /Users/amitgedj/Library/CloudStorage/OneDrive-Personal/University/MsC/Thesis/Code/ROS_files/install/drone_c/include/drone_c/drone_c/msg/detail/altitude_lidar__rosidl_typesupport_introspection_c.h
[24.388s] -- Installing: /Users/amitgedj/Library/CloudStorage/OneDrive-Personal/University/MsC/Thesis/Code/ROS_files/install/drone_c/include/drone_c/drone_c/msg/detail/motors__type_support.c
[24.389s] -- Installing: /Users/amitgedj/Library/CloudStorage/OneDrive-Personal/University/MsC/Thesis/Code/ROS_files/install/drone_c/include/drone_c/drone_c/msg/detail/filter__type_support.c
[24.390s] -- Installing: /Users/amitgedj/Library/CloudStorage/OneDrive-Personal/University/MsC/Thesis/Code/ROS_files/install/drone_c/include/drone_c/drone_c/msg/detail/euler_angles__type_support.c
[24.390s] -- Installing: /Users/amitgedj/Library/CloudStorage/OneDrive-Personal/University/MsC/Thesis/Code/ROS_files/install/drone_c/include/drone_c/drone_c/msg/detail/drone_header__rosidl_typesupport_introspection_c.h
[24.391s] -- Installing: /Users/amitgedj/Library/CloudStorage/OneDrive-Personal/University/MsC/Thesis/Code/ROS_files/install/drone_c/include/drone_c/drone_c/msg/detail/motors__rosidl_typesupport_introspection_c.h
[24.392s] -- Installing: /Users/amitgedj/Library/CloudStorage/OneDrive-Personal/University/MsC/Thesis/Code/ROS_files/install/drone_c/include/drone_c/drone_c/msg/rosidl_typesupport_introspection_c__visibility_control.h
[24.392s] -- Installing: /Users/amitgedj/Library/CloudStorage/OneDrive-Personal/University/MsC/Thesis/Code/ROS_files/install/drone_c/lib/libdrone_c__rosidl_typesupport_introspection_c.dylib
[24.396s] [cctools-port]: generating fake signature for '/Users/amitgedj/Library/CloudStorage/OneDrive-Personal/University/MsC/Thesis/Code/ROS_files/install/drone_c/lib/libdrone_c__rosidl_typesupport_introspection_c.dylib'
[24.411s] -- Installing: /Users/amitgedj/Library/CloudStorage/OneDrive-Personal/University/MsC/Thesis/Code/ROS_files/install/drone_c/lib/libdrone_c__rosidl_typesupport_c.dylib
[24.414s] [cctools-port]: generating fake signature for '/Users/amitgedj/Library/CloudStorage/OneDrive-Personal/University/MsC/Thesis/Code/ROS_files/install/drone_c/lib/libdrone_c__rosidl_typesupport_c.dylib'
[24.426s] -- Up-to-date: /Users/amitgedj/Library/CloudStorage/OneDrive-Personal/University/MsC/Thesis/Code/ROS_files/install/drone_c/include/drone_c/drone_c
[24.426s] -- Up-to-date: /Users/amitgedj/Library/CloudStorage/OneDrive-Personal/University/MsC/Thesis/Code/ROS_files/install/drone_c/include/drone_c/drone_c/msg
[24.426s] -- Up-to-date: /Users/amitgedj/Library/CloudStorage/OneDrive-Personal/University/MsC/Thesis/Code/ROS_files/install/drone_c/include/drone_c/drone_c/msg/detail
[24.426s] -- Installing: /Users/amitgedj/Library/CloudStorage/OneDrive-Personal/University/MsC/Thesis/Code/ROS_files/install/drone_c/include/drone_c/drone_c/msg/detail/altitude_lidar__rosidl_typesupport_introspection_cpp.hpp
[24.426s] -- Installing: /Users/amitgedj/Library/CloudStorage/OneDrive-Personal/University/MsC/Thesis/Code/ROS_files/install/drone_c/include/drone_c/drone_c/msg/detail/motors__rosidl_typesupport_introspection_cpp.hpp
[24.427s] -- Installing: /Users/amitgedj/Library/CloudStorage/OneDrive-Personal/University/MsC/Thesis/Code/ROS_files/install/drone_c/include/drone_c/drone_c/msg/detail/euler_angles__type_support.cpp
[24.427s] -- Installing: /Users/amitgedj/Library/CloudStorage/OneDrive-Personal/University/MsC/Thesis/Code/ROS_files/install/drone_c/include/drone_c/drone_c/msg/detail/imu_filter__type_support.cpp
[24.428s] -- Installing: /Users/amitgedj/Library/CloudStorage/OneDrive-Personal/University/MsC/Thesis/Code/ROS_files/install/drone_c/include/drone_c/drone_c/msg/detail/pid__type_support.cpp
[24.428s] -- Installing: /Users/amitgedj/Library/CloudStorage/OneDrive-Personal/University/MsC/Thesis/Code/ROS_files/install/drone_c/include/drone_c/drone_c/msg/detail/motors__type_support.cpp
[24.429s] -- Installing: /Users/amitgedj/Library/CloudStorage/OneDrive-Personal/University/MsC/Thesis/Code/ROS_files/install/drone_c/include/drone_c/drone_c/msg/detail/filter__rosidl_typesupport_introspection_cpp.hpp
[24.430s] -- Installing: /Users/amitgedj/Library/CloudStorage/OneDrive-Personal/University/MsC/Thesis/Code/ROS_files/install/drone_c/include/drone_c/drone_c/msg/detail/pid__rosidl_typesupport_introspection_cpp.hpp
[24.430s] -- Installing: /Users/amitgedj/Library/CloudStorage/OneDrive-Personal/University/MsC/Thesis/Code/ROS_files/install/drone_c/include/drone_c/drone_c/msg/detail/drone_header__rosidl_typesupport_introspection_cpp.hpp
[24.431s] -- Installing: /Users/amitgedj/Library/CloudStorage/OneDrive-Personal/University/MsC/Thesis/Code/ROS_files/install/drone_c/include/drone_c/drone_c/msg/detail/filter__type_support.cpp
[24.431s] -- Installing: /Users/amitgedj/Library/CloudStorage/OneDrive-Personal/University/MsC/Thesis/Code/ROS_files/install/drone_c/include/drone_c/drone_c/msg/detail/drone_header__type_support.cpp
[24.432s] -- Installing: /Users/amitgedj/Library/CloudStorage/OneDrive-Personal/University/MsC/Thesis/Code/ROS_files/install/drone_c/include/drone_c/drone_c/msg/detail/pid_consts__rosidl_typesupport_introspection_cpp.hpp
[24.432s] -- Installing: /Users/amitgedj/Library/CloudStorage/OneDrive-Personal/University/MsC/Thesis/Code/ROS_files/install/drone_c/include/drone_c/drone_c/msg/detail/imu_filter__rosidl_typesupport_introspection_cpp.hpp
[24.432s] -- Installing: /Users/amitgedj/Library/CloudStorage/OneDrive-Personal/University/MsC/Thesis/Code/ROS_files/install/drone_c/include/drone_c/drone_c/msg/detail/euler_angles__rosidl_typesupport_introspection_cpp.hpp
[24.433s] -- Installing: /Users/amitgedj/Library/CloudStorage/OneDrive-Personal/University/MsC/Thesis/Code/ROS_files/install/drone_c/include/drone_c/drone_c/msg/detail/altitude_lidar__type_support.cpp
[24.433s] -- Installing: /Users/amitgedj/Library/CloudStorage/OneDrive-Personal/University/MsC/Thesis/Code/ROS_files/install/drone_c/include/drone_c/drone_c/msg/detail/pid_consts__type_support.cpp
[24.434s] -- Installing: /Users/amitgedj/Library/CloudStorage/OneDrive-Personal/University/MsC/Thesis/Code/ROS_files/install/drone_c/lib/libdrone_c__rosidl_typesupport_introspection_cpp.dylib
[24.435s] -- Installing: /Users/amitgedj/Library/CloudStorage/OneDrive-Personal/University/MsC/Thesis/Code/ROS_files/install/drone_c/lib/libdrone_c__rosidl_typesupport_cpp.dylib
[24.436s] -- Installing: /Users/amitgedj/Library/CloudStorage/OneDrive-Personal/University/MsC/Thesis/Code/ROS_files/install/drone_c/share/drone_c/environment/pythonpath.sh
[24.436s] -- Installing: /Users/amitgedj/Library/CloudStorage/OneDrive-Personal/University/MsC/Thesis/Code/ROS_files/install/drone_c/share/drone_c/environment/pythonpath.dsv
[24.437s] -- Installing: /Users/amitgedj/Library/CloudStorage/OneDrive-Personal/University/MsC/Thesis/Code/ROS_files/install/drone_c/lib/python3.10/site-packages/drone_c-0.0.1-py3.10.egg-info
[24.437s] -- Installing: /Users/amitgedj/Library/CloudStorage/OneDrive-Personal/University/MsC/Thesis/Code/ROS_files/install/drone_c/lib/python3.10/site-packages/drone_c-0.0.1-py3.10.egg-info/PKG-INFO
[24.438s] -- Installing: /Users/amitgedj/Library/CloudStorage/OneDrive-Personal/University/MsC/Thesis/Code/ROS_files/install/drone_c/lib/python3.10/site-packages/drone_c-0.0.1-py3.10.egg-info/SOURCES.txt
[24.438s] -- Installing: /Users/amitgedj/Library/CloudStorage/OneDrive-Personal/University/MsC/Thesis/Code/ROS_files/install/drone_c/lib/python3.10/site-packages/drone_c-0.0.1-py3.10.egg-info/top_level.txt
[24.439s] -- Installing: /Users/amitgedj/Library/CloudStorage/OneDrive-Personal/University/MsC/Thesis/Code/ROS_files/install/drone_c/lib/python3.10/site-packages/drone_c-0.0.1-py3.10.egg-info/dependency_links.txt
[24.439s] -- Installing: /Users/amitgedj/Library/CloudStorage/OneDrive-Personal/University/MsC/Thesis/Code/ROS_files/install/drone_c/lib/python3.10/site-packages/drone_c
[24.440s] -- Installing: /Users/amitgedj/Library/CloudStorage/OneDrive-Personal/University/MsC/Thesis/Code/ROS_files/install/drone_c/lib/python3.10/site-packages/drone_c/drone_c_s__rosidl_typesupport_fastrtps_c.cpython-310-darwin.so
[24.440s] -- Installing: /Users/amitgedj/Library/CloudStorage/OneDrive-Personal/University/MsC/Thesis/Code/ROS_files/install/drone_c/lib/python3.10/site-packages/drone_c/msg
[24.440s] -- Installing: /Users/amitgedj/Library/CloudStorage/OneDrive-Personal/University/MsC/Thesis/Code/ROS_files/install/drone_c/lib/python3.10/site-packages/drone_c/msg/_euler_angles.py
[24.441s] -- Installing: /Users/amitgedj/Library/CloudStorage/OneDrive-Personal/University/MsC/Thesis/Code/ROS_files/install/drone_c/lib/python3.10/site-packages/drone_c/msg/_pid_consts.py
[24.441s] -- Installing: /Users/amitgedj/Library/CloudStorage/OneDrive-Personal/University/MsC/Thesis/Code/ROS_files/install/drone_c/lib/python3.10/site-packages/drone_c/msg/_pid_s.c
[24.441s] -- Installing: /Users/amitgedj/Library/CloudStorage/OneDrive-Personal/University/MsC/Thesis/Code/ROS_files/install/drone_c/lib/python3.10/site-packages/drone_c/msg/_filter.py
[24.442s] -- Installing: /Users/amitgedj/Library/CloudStorage/OneDrive-Personal/University/MsC/Thesis/Code/ROS_files/install/drone_c/lib/python3.10/site-packages/drone_c/msg/__init__.py
[24.442s] -- Installing: /Users/amitgedj/Library/CloudStorage/OneDrive-Personal/University/MsC/Thesis/Code/ROS_files/install/drone_c/lib/python3.10/site-packages/drone_c/msg/_drone_header_s.c
[24.443s] -- Installing: /Users/amitgedj/Library/CloudStorage/OneDrive-Personal/University/MsC/Thesis/Code/ROS_files/install/drone_c/lib/python3.10/site-packages/drone_c/msg/_filter_s.c
[24.444s] -- Installing: /Users/amitgedj/Library/CloudStorage/OneDrive-Personal/University/MsC/Thesis/Code/ROS_files/install/drone_c/lib/python3.10/site-packages/drone_c/msg/_drone_header.py
[24.445s] -- Installing: /Users/amitgedj/Library/CloudStorage/OneDrive-Personal/University/MsC/Thesis/Code/ROS_files/install/drone_c/lib/python3.10/site-packages/drone_c/msg/_pid.py
[24.445s] -- Installing: /Users/amitgedj/Library/CloudStorage/OneDrive-Personal/University/MsC/Thesis/Code/ROS_files/install/drone_c/lib/python3.10/site-packages/drone_c/msg/_altitude_lidar_s.c
[24.446s] -- Installing: /Users/amitgedj/Library/CloudStorage/OneDrive-Personal/University/MsC/Thesis/Code/ROS_files/install/drone_c/lib/python3.10/site-packages/drone_c/msg/_imu_filter_s.c
[24.447s] -- Installing: /Users/amitgedj/Library/CloudStorage/OneDrive-Personal/University/MsC/Thesis/Code/ROS_files/install/drone_c/lib/python3.10/site-packages/drone_c/msg/_imu_filter.py
[24.447s] -- Installing: /Users/amitgedj/Library/CloudStorage/OneDrive-Personal/University/MsC/Thesis/Code/ROS_files/install/drone_c/lib/python3.10/site-packages/drone_c/msg/_euler_angles_s.c
[24.448s] -- Installing: /Users/amitgedj/Library/CloudStorage/OneDrive-Personal/University/MsC/Thesis/Code/ROS_files/install/drone_c/lib/python3.10/site-packages/drone_c/msg/_motors.py
[24.449s] -- Installing: /Users/amitgedj/Library/CloudStorage/OneDrive-Personal/University/MsC/Thesis/Code/ROS_files/install/drone_c/lib/python3.10/site-packages/drone_c/msg/_pid_consts_s.c
[24.449s] -- Installing: /Users/amitgedj/Library/CloudStorage/OneDrive-Personal/University/MsC/Thesis/Code/ROS_files/install/drone_c/lib/python3.10/site-packages/drone_c/msg/_altitude_lidar.py
[24.450s] -- Installing: /Users/amitgedj/Library/CloudStorage/OneDrive-Personal/University/MsC/Thesis/Code/ROS_files/install/drone_c/lib/python3.10/site-packages/drone_c/msg/_motors_s.c
[24.450s] -- Installing: /Users/amitgedj/Library/CloudStorage/OneDrive-Personal/University/MsC/Thesis/Code/ROS_files/install/drone_c/lib/python3.10/site-packages/drone_c/__init__.py
[24.451s] -- Installing: /Users/amitgedj/Library/CloudStorage/OneDrive-Personal/University/MsC/Thesis/Code/ROS_files/install/drone_c/lib/python3.10/site-packages/drone_c/drone_c_s__rosidl_typesupport_introspection_c.cpython-310-darwin.so
[24.452s] -- Installing: /Users/amitgedj/Library/CloudStorage/OneDrive-Personal/University/MsC/Thesis/Code/ROS_files/install/drone_c/lib/python3.10/site-packages/drone_c/libdrone_c__rosidl_generator_py.dylib
[24.453s] -- Installing: /Users/amitgedj/Library/CloudStorage/OneDrive-Personal/University/MsC/Thesis/Code/ROS_files/install/drone_c/lib/python3.10/site-packages/drone_c/drone_c_s__rosidl_typesupport_c.cpython-310-darwin.so
[24.453s] -- Installing: /Users/amitgedj/Library/CloudStorage/OneDrive-Personal/University/MsC/Thesis/Code/ROS_files/install/drone_c/lib/python3.10/site-packages/drone_c/_drone_c_s.ep.rosidl_typesupport_introspection_c.c
[24.454s] -- Installing: /Users/amitgedj/Library/CloudStorage/OneDrive-Personal/University/MsC/Thesis/Code/ROS_files/install/drone_c/lib/python3.10/site-packages/drone_c/_drone_c_s.ep.rosidl_typesupport_c.c
[24.454s] -- Installing: /Users/amitgedj/Library/CloudStorage/OneDrive-Personal/University/MsC/Thesis/Code/ROS_files/install/drone_c/lib/python3.10/site-packages/drone_c/_drone_c_s.ep.rosidl_typesupport_fastrtps_c.c
[24.483s] Listing 'lib/python3.10/site-packages/drone_c'...
[24.483s] Can't list 'lib/python3.10/site-packages/drone_c'
[24.486s] -- Up-to-date: /Users/amitgedj/Library/CloudStorage/OneDrive-Personal/University/MsC/Thesis/Code/ROS_files/install/drone_c/lib/python3.10/site-packages/drone_c/drone_c_s__rosidl_typesupport_fastrtps_c.cpython-310-darwin.so
[24.489s] [cctools-port]: generating fake signature for '/Users/amitgedj/Library/CloudStorage/OneDrive-Personal/University/MsC/Thesis/Code/ROS_files/install/drone_c/lib/python3.10/site-packages/drone_c/drone_c_s__rosidl_typesupport_fastrtps_c.cpython-310-darwin.so'
[24.500s] -- Up-to-date: /Users/amitgedj/Library/CloudStorage/OneDrive-Personal/University/MsC/Thesis/Code/ROS_files/install/drone_c/lib/python3.10/site-packages/drone_c/drone_c_s__rosidl_typesupport_introspection_c.cpython-310-darwin.so
[24.503s] [cctools-port]: generating fake signature for '/Users/amitgedj/Library/CloudStorage/OneDrive-Personal/University/MsC/Thesis/Code/ROS_files/install/drone_c/lib/python3.10/site-packages/drone_c/drone_c_s__rosidl_typesupport_introspection_c.cpython-310-darwin.so'
[24.513s] -- Up-to-date: /Users/amitgedj/Library/CloudStorage/OneDrive-Personal/University/MsC/Thesis/Code/ROS_files/install/drone_c/lib/python3.10/site-packages/drone_c/drone_c_s__rosidl_typesupport_c.cpython-310-darwin.so
[24.515s] [cctools-port]: generating fake signature for '/Users/amitgedj/Library/CloudStorage/OneDrive-Personal/University/MsC/Thesis/Code/ROS_files/install/drone_c/lib/python3.10/site-packages/drone_c/drone_c_s__rosidl_typesupport_c.cpython-310-darwin.so'
[24.526s] -- Installing: /Users/amitgedj/Library/CloudStorage/OneDrive-Personal/University/MsC/Thesis/Code/ROS_files/install/drone_c/lib/libdrone_c__rosidl_generator_py.dylib
[24.530s] [cctools-port]: generating fake signature for '/Users/amitgedj/Library/CloudStorage/OneDrive-Personal/University/MsC/Thesis/Code/ROS_files/install/drone_c/lib/libdrone_c__rosidl_generator_py.dylib'
[24.541s] -- Installing: /Users/amitgedj/Library/CloudStorage/OneDrive-Personal/University/MsC/Thesis/Code/ROS_files/install/drone_c/share/drone_c/msg/Pid.idl
[24.541s] -- Installing: /Users/amitgedj/Library/CloudStorage/OneDrive-Personal/University/MsC/Thesis/Code/ROS_files/install/drone_c/share/drone_c/msg/EulerAngles.idl
[24.542s] -- Installing: /Users/amitgedj/Library/CloudStorage/OneDrive-Personal/University/MsC/Thesis/Code/ROS_files/install/drone_c/share/drone_c/msg/Motors.idl
[24.542s] -- Installing: /Users/amitgedj/Library/CloudStorage/OneDrive-Personal/University/MsC/Thesis/Code/ROS_files/install/drone_c/share/drone_c/msg/ImuFilter.idl
[24.543s] -- Installing: /Users/amitgedj/Library/CloudStorage/OneDrive-Personal/University/MsC/Thesis/Code/ROS_files/install/drone_c/share/drone_c/msg/PidConsts.idl
[24.543s] -- Installing: /Users/amitgedj/Library/CloudStorage/OneDrive-Personal/University/MsC/Thesis/Code/ROS_files/install/drone_c/share/drone_c/msg/DroneHeader.idl
[24.544s] -- Installing: /Users/amitgedj/Library/CloudStorage/OneDrive-Personal/University/MsC/Thesis/Code/ROS_files/install/drone_c/share/drone_c/msg/Filter.idl
[24.545s] -- Installing: /Users/amitgedj/Library/CloudStorage/OneDrive-Personal/University/MsC/Thesis/Code/ROS_files/install/drone_c/share/drone_c/msg/AltitudeLidar.idl
[24.546s] -- Installing: /Users/amitgedj/Library/CloudStorage/OneDrive-Personal/University/MsC/Thesis/Code/ROS_files/install/drone_c/share/drone_c/msg/Pid.msg
[24.547s] -- Installing: /Users/amitgedj/Library/CloudStorage/OneDrive-Personal/University/MsC/Thesis/Code/ROS_files/install/drone_c/share/drone_c/msg/EulerAngles.msg
[24.548s] -- Installing: /Users/amitgedj/Library/CloudStorage/OneDrive-Personal/University/MsC/Thesis/Code/ROS_files/install/drone_c/share/drone_c/msg/Motors.msg
[24.548s] -- Installing: /Users/amitgedj/Library/CloudStorage/OneDrive-Personal/University/MsC/Thesis/Code/ROS_files/install/drone_c/share/drone_c/msg/ImuFilter.msg
[24.549s] -- Installing: /Users/amitgedj/Library/CloudStorage/OneDrive-Personal/University/MsC/Thesis/Code/ROS_files/install/drone_c/share/drone_c/msg/PidConsts.msg
[24.550s] -- Installing: /Users/amitgedj/Library/CloudStorage/OneDrive-Personal/University/MsC/Thesis/Code/ROS_files/install/drone_c/share/drone_c/msg/DroneHeader.msg
[24.550s] -- Installing: /Users/amitgedj/Library/CloudStorage/OneDrive-Personal/University/MsC/Thesis/Code/ROS_files/install/drone_c/share/drone_c/msg/Filter.msg
[24.551s] -- Installing: /Users/amitgedj/Library/CloudStorage/OneDrive-Personal/University/MsC/Thesis/Code/ROS_files/install/drone_c/share/drone_c/msg/AltitudeLidar.msg
[24.552s] -- Installing: /Users/amitgedj/Library/CloudStorage/OneDrive-Personal/University/MsC/Thesis/Code/ROS_files/install/drone_c/lib/drone_c/rtcom
[24.552s] -- Installing: /Users/amitgedj/Library/CloudStorage/OneDrive-Personal/University/MsC/Thesis/Code/ROS_files/install/drone_c/lib/drone_c/rtcom/rtcom_client.py
[24.553s] -- Installing: /Users/amitgedj/Library/CloudStorage/OneDrive-Personal/University/MsC/Thesis/Code/ROS_files/install/drone_c/lib/drone_c/rtcom/rtcom_server.py
[24.554s] -- Installing: /Users/amitgedj/Library/CloudStorage/OneDrive-Personal/University/MsC/Thesis/Code/ROS_files/install/drone_c/lib/drone_c/rtcom/__init__.py
[24.555s] -- Installing: /Users/amitgedj/Library/CloudStorage/OneDrive-Personal/University/MsC/Thesis/Code/ROS_files/install/drone_c/lib/drone_c/rtcom/core.py
[24.556s] -- Installing: /Users/amitgedj/Library/CloudStorage/OneDrive-Personal/University/MsC/Thesis/Code/ROS_files/install/drone_c/lib/drone_c/rtcom/utils.py
[24.557s] -- Installing: /Users/amitgedj/Library/CloudStorage/OneDrive-Personal/University/MsC/Thesis/Code/ROS_files/install/drone_c/lib/drone_c/rtcom_teensy_ros.py
[24.558s] -- Installing: /Users/amitgedj/Library/CloudStorage/OneDrive-Personal/University/MsC/Thesis/Code/ROS_files/install/drone_c/share/drone_c/launch
[24.558s] -- Installing: /Users/amitgedj/Library/CloudStorage/OneDrive-Personal/University/MsC/Thesis/Code/ROS_files/install/drone_c/share/drone_c/launch/drone_launch.launch.py
[24.559s] -- Installing: /Users/amitgedj/Library/CloudStorage/OneDrive-Personal/University/MsC/Thesis/Code/ROS_files/install/drone_c/share/drone_c/plotjuggler
[24.559s] -- Installing: /Users/amitgedj/Library/CloudStorage/OneDrive-Personal/University/MsC/Thesis/Code/ROS_files/install/drone_c/share/drone_c/plotjuggler/plotjugller_save.xml
[24.560s] -- Installing: /Users/amitgedj/Library/CloudStorage/OneDrive-Personal/University/MsC/Thesis/Code/ROS_files/install/drone_c/share/ament_index/resource_index/package_run_dependencies/drone_c
[24.561s] -- Installing: /Users/amitgedj/Library/CloudStorage/OneDrive-Personal/University/MsC/Thesis/Code/ROS_files/install/drone_c/share/ament_index/resource_index/parent_prefix_path/drone_c
[24.562s] -- Installing: /Users/amitgedj/Library/CloudStorage/OneDrive-Personal/University/MsC/Thesis/Code/ROS_files/install/drone_c/share/drone_c/environment/ament_prefix_path.sh
[24.562s] -- Installing: /Users/amitgedj/Library/CloudStorage/OneDrive-Personal/University/MsC/Thesis/Code/ROS_files/install/drone_c/share/drone_c/environment/ament_prefix_path.dsv
[24.563s] -- Installing: /Users/amitgedj/Library/CloudStorage/OneDrive-Personal/University/MsC/Thesis/Code/ROS_files/install/drone_c/share/drone_c/environment/path.sh
[24.563s] -- Installing: /Users/amitgedj/Library/CloudStorage/OneDrive-Personal/University/MsC/Thesis/Code/ROS_files/install/drone_c/share/drone_c/environment/path.dsv
[24.564s] -- Installing: /Users/amitgedj/Library/CloudStorage/OneDrive-Personal/University/MsC/Thesis/Code/ROS_files/install/drone_c/share/drone_c/local_setup.bash
[24.564s] -- Installing: /Users/amitgedj/Library/CloudStorage/OneDrive-Personal/University/MsC/Thesis/Code/ROS_files/install/drone_c/share/drone_c/local_setup.sh
[24.565s] -- Installing: /Users/amitgedj/Library/CloudStorage/OneDrive-Personal/University/MsC/Thesis/Code/ROS_files/install/drone_c/share/drone_c/local_setup.zsh
[24.565s] -- Installing: /Users/amitgedj/Library/CloudStorage/OneDrive-Personal/University/MsC/Thesis/Code/ROS_files/install/drone_c/share/drone_c/local_setup.dsv
[24.566s] -- Installing: /Users/amitgedj/Library/CloudStorage/OneDrive-Personal/University/MsC/Thesis/Code/ROS_files/install/drone_c/share/drone_c/package.dsv
[24.567s] -- Installing: /Users/amitgedj/Library/CloudStorage/OneDrive-Personal/University/MsC/Thesis/Code/ROS_files/install/drone_c/share/ament_index/resource_index/packages/drone_c
[24.567s] -- Installing: /Users/amitgedj/Library/CloudStorage/OneDrive-Personal/University/MsC/Thesis/Code/ROS_files/install/drone_c/share/drone_c/cmake/export_drone_c__rosidl_generator_cExport.cmake
[24.568s] -- Installing: /Users/amitgedj/Library/CloudStorage/OneDrive-Personal/University/MsC/Thesis/Code/ROS_files/install/drone_c/share/drone_c/cmake/export_drone_c__rosidl_generator_cExport-noconfig.cmake
[24.568s] -- Installing: /Users/amitgedj/Library/CloudStorage/OneDrive-Personal/University/MsC/Thesis/Code/ROS_files/install/drone_c/share/drone_c/cmake/export_drone_c__rosidl_typesupport_fastrtps_cExport.cmake
[24.569s] -- Installing: /Users/amitgedj/Library/CloudStorage/OneDrive-Personal/University/MsC/Thesis/Code/ROS_files/install/drone_c/share/drone_c/cmake/export_drone_c__rosidl_typesupport_fastrtps_cExport-noconfig.cmake
[24.569s] -- Installing: /Users/amitgedj/Library/CloudStorage/OneDrive-Personal/University/MsC/Thesis/Code/ROS_files/install/drone_c/share/drone_c/cmake/export_drone_c__rosidl_generator_cppExport.cmake
[24.571s] -- Installing: /Users/amitgedj/Library/CloudStorage/OneDrive-Personal/University/MsC/Thesis/Code/ROS_files/install/drone_c/share/drone_c/cmake/export_drone_c__rosidl_typesupport_fastrtps_cppExport.cmake
[24.572s] -- Installing: /Users/amitgedj/Library/CloudStorage/OneDrive-Personal/University/MsC/Thesis/Code/ROS_files/install/drone_c/share/drone_c/cmake/export_drone_c__rosidl_typesupport_fastrtps_cppExport-noconfig.cmake
[24.572s] -- Installing: /Users/amitgedj/Library/CloudStorage/OneDrive-Personal/University/MsC/Thesis/Code/ROS_files/install/drone_c/share/drone_c/cmake/drone_c__rosidl_typesupport_introspection_cExport.cmake
[24.573s] -- Installing: /Users/amitgedj/Library/CloudStorage/OneDrive-Personal/University/MsC/Thesis/Code/ROS_files/install/drone_c/share/drone_c/cmake/drone_c__rosidl_typesupport_introspection_cExport-noconfig.cmake
[24.574s] -- Installing: /Users/amitgedj/Library/CloudStorage/OneDrive-Personal/University/MsC/Thesis/Code/ROS_files/install/drone_c/share/drone_c/cmake/drone_c__rosidl_typesupport_cExport.cmake
[24.574s] -- Installing: /Users/amitgedj/Library/CloudStorage/OneDrive-Personal/University/MsC/Thesis/Code/ROS_files/install/drone_c/share/drone_c/cmake/drone_c__rosidl_typesupport_cExport-noconfig.cmake
[24.575s] -- Installing: /Users/amitgedj/Library/CloudStorage/OneDrive-Personal/University/MsC/Thesis/Code/ROS_files/install/drone_c/share/drone_c/cmake/drone_c__rosidl_typesupport_introspection_cppExport.cmake
[24.576s] -- Installing: /Users/amitgedj/Library/CloudStorage/OneDrive-Personal/University/MsC/Thesis/Code/ROS_files/install/drone_c/share/drone_c/cmake/drone_c__rosidl_typesupport_introspection_cppExport-noconfig.cmake
[24.577s] -- Installing: /Users/amitgedj/Library/CloudStorage/OneDrive-Personal/University/MsC/Thesis/Code/ROS_files/install/drone_c/share/drone_c/cmake/drone_c__rosidl_typesupport_cppExport.cmake
[24.578s] -- Installing: /Users/amitgedj/Library/CloudStorage/OneDrive-Personal/University/MsC/Thesis/Code/ROS_files/install/drone_c/share/drone_c/cmake/drone_c__rosidl_typesupport_cppExport-noconfig.cmake
[24.578s] -- Installing: /Users/amitgedj/Library/CloudStorage/OneDrive-Personal/University/MsC/Thesis/Code/ROS_files/install/drone_c/share/drone_c/cmake/export_drone_c__rosidl_generator_pyExport.cmake
[24.579s] -- Installing: /Users/amitgedj/Library/CloudStorage/OneDrive-Personal/University/MsC/Thesis/Code/ROS_files/install/drone_c/share/drone_c/cmake/export_drone_c__rosidl_generator_pyExport-noconfig.cmake
[24.580s] -- Installing: /Users/amitgedj/Library/CloudStorage/OneDrive-Personal/University/MsC/Thesis/Code/ROS_files/install/drone_c/share/drone_c/cmake/rosidl_cmake-extras.cmake
[24.581s] -- Installing: /Users/amitgedj/Library/CloudStorage/OneDrive-Personal/University/MsC/Thesis/Code/ROS_files/install/drone_c/share/drone_c/cmake/ament_cmake_export_dependencies-extras.cmake
[24.581s] -- Installing: /Users/amitgedj/Library/CloudStorage/OneDrive-Personal/University/MsC/Thesis/Code/ROS_files/install/drone_c/share/drone_c/cmake/ament_cmake_export_include_directories-extras.cmake
[24.582s] -- Installing: /Users/amitgedj/Library/CloudStorage/OneDrive-Personal/University/MsC/Thesis/Code/ROS_files/install/drone_c/share/drone_c/cmake/ament_cmake_export_libraries-extras.cmake
[24.583s] -- Installing: /Users/amitgedj/Library/CloudStorage/OneDrive-Personal/University/MsC/Thesis/Code/ROS_files/install/drone_c/share/drone_c/cmake/ament_cmake_export_targets-extras.cmake
[24.584s] -- Installing: /Users/amitgedj/Library/CloudStorage/OneDrive-Personal/University/MsC/Thesis/Code/ROS_files/install/drone_c/share/drone_c/cmake/rosidl_cmake_export_typesupport_targets-extras.cmake
[24.585s] -- Installing: /Users/amitgedj/Library/CloudStorage/OneDrive-Personal/University/MsC/Thesis/Code/ROS_files/install/drone_c/share/drone_c/cmake/rosidl_cmake_export_typesupport_libraries-extras.cmake
[24.585s] -- Installing: /Users/amitgedj/Library/CloudStorage/OneDrive-Personal/University/MsC/Thesis/Code/ROS_files/install/drone_c/share/drone_c/cmake/drone_cConfig.cmake
[24.586s] -- Installing: /Users/amitgedj/Library/CloudStorage/OneDrive-Personal/University/MsC/Thesis/Code/ROS_files/install/drone_c/share/drone_c/cmake/drone_cConfig-version.cmake
[24.587s] -- Installing: /Users/amitgedj/Library/CloudStorage/OneDrive-Personal/University/MsC/Thesis/Code/ROS_files/install/drone_c/share/drone_c/package.xml
[24.590s] Invoked command in '/Users/amitgedj/Library/CloudStorage/OneDrive-Personal/University/MsC/Thesis/Code/ROS_files/build/drone_c' returned '0': CMAKE_PREFIX_PATH=${CMAKE_PREFIX_PATH}:/Users/amitgedj/Library/CloudStorage/OneDrive-Personal/University/MsC/Thesis/Code/ROS_files/install/drone_tuner CONDA_PROMPT_MODIFIER=(ros2) SHLVL=2 _=/opt/anaconda3/envs/ros2/bin/env __CF_USER_TEXT_ENCODING=0x1F5:0x0:0x0 /opt/anaconda3/envs/ros2/bin/cmake --install /Users/amitgedj/Library/CloudStorage/OneDrive-Personal/University/MsC/Thesis/Code/ROS_files/build/drone_c
