running egg_info
creating ../../build/drone_tuner/drone_tuner.egg-info
writing ../../build/drone_tuner/drone_tuner.egg-info/PKG-INFO
writing dependency_links to ../../build/drone_tuner/drone_tuner.egg-info/dependency_links.txt
writing entry points to ../../build/drone_tuner/drone_tuner.egg-info/entry_points.txt
writing requirements to ../../build/drone_tuner/drone_tuner.egg-info/requires.txt
writing top-level names to ../../build/drone_tuner/drone_tuner.egg-info/top_level.txt
writing manifest file '../../build/drone_tuner/drone_tuner.egg-info/SOURCES.txt'
reading manifest file '../../build/drone_tuner/drone_tuner.egg-info/SOURCES.txt'
writing manifest file '../../build/drone_tuner/drone_tuner.egg-info/SOURCES.txt'
running build
running build_py
creating /Users/amitgedj/Library/CloudStorage/OneDrive-Personal/University/MsC/Thesis/Code/ROS_files/build/drone_tuner/build/lib/drone_tuner
copying drone_tuner/__init__.py -> /Users/amitgedj/Library/CloudStorage/OneDrive-Personal/University/MsC/Thesis/Code/ROS_files/build/drone_tuner/build/lib/drone_tuner
copying drone_tuner/drone_tuner.py -> /Users/amitgedj/Library/CloudStorage/OneDrive-Personal/University/MsC/Thesis/Code/ROS_files/build/drone_tuner/build/lib/drone_tuner
running install
running install_lib
creating /Users/amitgedj/Library/CloudStorage/OneDrive-Personal/University/MsC/Thesis/Code/ROS_files/install/drone_tuner/lib/python3.11/site-packages/drone_tuner
copying /Users/amitgedj/Library/CloudStorage/OneDrive-Personal/University/MsC/Thesis/Code/ROS_files/build/drone_tuner/build/lib/drone_tuner/__init__.py -> /Users/amitgedj/Library/CloudStorage/OneDrive-Personal/University/MsC/Thesis/Code/ROS_files/install/drone_tuner/lib/python3.11/site-packages/drone_tuner
copying /Users/amitgedj/Library/CloudStorage/OneDrive-Personal/University/MsC/Thesis/Code/ROS_files/build/drone_tuner/build/lib/drone_tuner/drone_tuner.py -> /Users/amitgedj/Library/CloudStorage/OneDrive-Personal/University/MsC/Thesis/Code/ROS_files/install/drone_tuner/lib/python3.11/site-packages/drone_tuner
byte-compiling /Users/amitgedj/Library/CloudStorage/OneDrive-Personal/University/MsC/Thesis/Code/ROS_files/install/drone_tuner/lib/python3.11/site-packages/drone_tuner/__init__.py to __init__.cpython-311.pyc
byte-compiling /Users/amitgedj/Library/CloudStorage/OneDrive-Personal/University/MsC/Thesis/Code/ROS_files/install/drone_tuner/lib/python3.11/site-packages/drone_tuner/drone_tuner.py to drone_tuner.cpython-311.pyc
running install_data
creating /Users/amitgedj/Library/CloudStorage/OneDrive-Personal/University/MsC/Thesis/Code/ROS_files/install/drone_tuner/share/ament_index/resource_index/packages
copying resource/drone_tuner -> /Users/amitgedj/Library/CloudStorage/OneDrive-Personal/University/MsC/Thesis/Code/ROS_files/install/drone_tuner/share/ament_index/resource_index/packages
copying package.xml -> /Users/amitgedj/Library/CloudStorage/OneDrive-Personal/University/MsC/Thesis/Code/ROS_files/install/drone_tuner/share/drone_tuner
creating /Users/amitgedj/Library/CloudStorage/OneDrive-Personal/University/MsC/Thesis/Code/ROS_files/install/drone_tuner/share/drone_tuner/config
copying config/drone_mac.yaml -> /Users/amitgedj/Library/CloudStorage/OneDrive-Personal/University/MsC/Thesis/Code/ROS_files/install/drone_tuner/share/drone_tuner/config
copying config/drone_config.yaml -> /Users/amitgedj/Library/CloudStorage/OneDrive-Personal/University/MsC/Thesis/Code/ROS_files/install/drone_tuner/share/drone_tuner/config
running install_egg_info
Copying ../../build/drone_tuner/drone_tuner.egg-info to /Users/amitgedj/Library/CloudStorage/OneDrive-Personal/University/MsC/Thesis/Code/ROS_files/install/drone_tuner/lib/python3.11/site-packages/drone_tuner-0.0.0-py3.11.egg-info
running install_scripts
Installing drone_tuner script to /Users/amitgedj/Library/CloudStorage/OneDrive-Personal/University/MsC/Thesis/Code/ROS_files/install/drone_tuner/lib/drone_tuner
writing list of installed files to '/Users/amitgedj/Library/CloudStorage/OneDrive-Personal/University/MsC/Thesis/Code/ROS_files/build/drone_tuner/install.log'
