[0.494s] Invoking command in '/Users/amitgedj/Library/CloudStorage/OneDrive-Personal/University/MsC/Thesis/Code/ROS_files/src/drone_tuner': CMAKE_PREFIX_PATH=/Users/amitgedj/Library/CloudStorage/OneDrive-Personal/University/MsC/Thesis/Code/ROS_files/install/drone_c:/opt/anaconda3 CONDA_PROMPT_MODIFIER=(ThesisRos) DYLD_LIBRARY_PATH=/Users/amitgedj/Library/CloudStorage/OneDrive-Personal/University/MsC/Thesis/Code/ROS_files/install/drone_c/lib PYTHONPATH=/Users/amitgedj/Library/CloudStorage/OneDrive-Personal/University/MsC/Thesis/Code/ROS_files/build/drone_tuner/prefix_override:/opt/anaconda3/envs/ThesisRos/lib/python3.11/site-packages/colcon_core/task/python/colcon_distutils_commands:/Users/amitgedj/Library/CloudStorage/OneDrive-Personal/University/MsC/Thesis/Code/ROS_files/install/drone_tuner/lib/python3.11/site-packages:/Users/amitgedj/Library/CloudStorage/OneDrive-Personal/University/MsC/Thesis/Code/ROS_files/install/drone_c/lib/python3.11/site-packages:/Users/amitgedj/Library/CloudStorage/OneDrive-Personal/University/MsC/Thesis/Code/ROS_files/build/drone_tuner:/Users/amitgedj/Library/CloudStorage/OneDrive-Personal/University/MsC/Thesis/Code/ROS_files/install/drone_tuner/lib/python3.11/site-packages:/opt/anaconda3/envs/ThesisRos/lib/python311/site-packages:/opt/anaconda3/envs/ThesisRos/lib/python3.11/site-packages SHLVL=2 _=/opt/anaconda3/envs/ThesisRos/bin/env __CF_USER_TEXT_ENCODING=0x1F5:0x0:0x0 /opt/anaconda3/envs/ThesisRos/bin/python3.11 -W ignore:setup.py install is deprecated -W ignore:easy_install command is deprecated setup.py egg_info --egg-base ../../build/drone_tuner build --build-base /Users/amitgedj/Library/CloudStorage/OneDrive-Personal/University/MsC/Thesis/Code/ROS_files/build/drone_tuner/build install --record /Users/amitgedj/Library/CloudStorage/OneDrive-Personal/University/MsC/Thesis/Code/ROS_files/build/drone_tuner/install.log --single-version-externally-managed install_data
[0.646s] running egg_info
[0.654s] creating ../../build/drone_tuner/drone_tuner.egg-info
[0.654s] writing ../../build/drone_tuner/drone_tuner.egg-info/PKG-INFO
[0.654s] writing dependency_links to ../../build/drone_tuner/drone_tuner.egg-info/dependency_links.txt
[0.654s] writing entry points to ../../build/drone_tuner/drone_tuner.egg-info/entry_points.txt
[0.654s] writing requirements to ../../build/drone_tuner/drone_tuner.egg-info/requires.txt
[0.655s] writing top-level names to ../../build/drone_tuner/drone_tuner.egg-info/top_level.txt
[0.655s] writing manifest file '../../build/drone_tuner/drone_tuner.egg-info/SOURCES.txt'
[0.669s] reading manifest file '../../build/drone_tuner/drone_tuner.egg-info/SOURCES.txt'
[0.670s] writing manifest file '../../build/drone_tuner/drone_tuner.egg-info/SOURCES.txt'
[0.670s] running build
[0.670s] running build_py
[0.670s] creating /Users/amitgedj/Library/CloudStorage/OneDrive-Personal/University/MsC/Thesis/Code/ROS_files/build/drone_tuner/build/lib/drone_tuner
[0.670s] copying drone_tuner/__init__.py -> /Users/amitgedj/Library/CloudStorage/OneDrive-Personal/University/MsC/Thesis/Code/ROS_files/build/drone_tuner/build/lib/drone_tuner
[0.670s] copying drone_tuner/drone_tuner.py -> /Users/amitgedj/Library/CloudStorage/OneDrive-Personal/University/MsC/Thesis/Code/ROS_files/build/drone_tuner/build/lib/drone_tuner
[0.671s] running install
[0.673s] running install_lib
[0.681s] creating /Users/amitgedj/Library/CloudStorage/OneDrive-Personal/University/MsC/Thesis/Code/ROS_files/install/drone_tuner/lib/python3.11/site-packages/drone_tuner
[0.681s] copying /Users/amitgedj/Library/CloudStorage/OneDrive-Personal/University/MsC/Thesis/Code/ROS_files/build/drone_tuner/build/lib/drone_tuner/__init__.py -> /Users/amitgedj/Library/CloudStorage/OneDrive-Personal/University/MsC/Thesis/Code/ROS_files/install/drone_tuner/lib/python3.11/site-packages/drone_tuner
[0.681s] copying /Users/amitgedj/Library/CloudStorage/OneDrive-Personal/University/MsC/Thesis/Code/ROS_files/build/drone_tuner/build/lib/drone_tuner/drone_tuner.py -> /Users/amitgedj/Library/CloudStorage/OneDrive-Personal/University/MsC/Thesis/Code/ROS_files/install/drone_tuner/lib/python3.11/site-packages/drone_tuner
[0.682s] byte-compiling /Users/amitgedj/Library/CloudStorage/OneDrive-Personal/University/MsC/Thesis/Code/ROS_files/install/drone_tuner/lib/python3.11/site-packages/drone_tuner/__init__.py to __init__.cpython-311.pyc
[0.682s] byte-compiling /Users/amitgedj/Library/CloudStorage/OneDrive-Personal/University/MsC/Thesis/Code/ROS_files/install/drone_tuner/lib/python3.11/site-packages/drone_tuner/drone_tuner.py to drone_tuner.cpython-311.pyc
[0.684s] running install_data
[0.684s] creating /Users/amitgedj/Library/CloudStorage/OneDrive-Personal/University/MsC/Thesis/Code/ROS_files/install/drone_tuner/share/ament_index/resource_index/packages
[0.685s] copying resource/drone_tuner -> /Users/amitgedj/Library/CloudStorage/OneDrive-Personal/University/MsC/Thesis/Code/ROS_files/install/drone_tuner/share/ament_index/resource_index/packages
[0.685s] copying package.xml -> /Users/amitgedj/Library/CloudStorage/OneDrive-Personal/University/MsC/Thesis/Code/ROS_files/install/drone_tuner/share/drone_tuner
[0.685s] creating /Users/amitgedj/Library/CloudStorage/OneDrive-Personal/University/MsC/Thesis/Code/ROS_files/install/drone_tuner/share/drone_tuner/config
[0.685s] copying config/drone_mac.yaml -> /Users/amitgedj/Library/CloudStorage/OneDrive-Personal/University/MsC/Thesis/Code/ROS_files/install/drone_tuner/share/drone_tuner/config
[0.686s] copying config/drone_config.yaml -> /Users/amitgedj/Library/CloudStorage/OneDrive-Personal/University/MsC/Thesis/Code/ROS_files/install/drone_tuner/share/drone_tuner/config
[0.686s] running install_egg_info
[0.695s] Copying ../../build/drone_tuner/drone_tuner.egg-info to /Users/amitgedj/Library/CloudStorage/OneDrive-Personal/University/MsC/Thesis/Code/ROS_files/install/drone_tuner/lib/python3.11/site-packages/drone_tuner-0.0.0-py3.11.egg-info
[0.697s] running install_scripts
[0.755s] Installing drone_tuner script to /Users/amitgedj/Library/CloudStorage/OneDrive-Personal/University/MsC/Thesis/Code/ROS_files/install/drone_tuner/lib/drone_tuner
[0.755s] writing list of installed files to '/Users/amitgedj/Library/CloudStorage/OneDrive-Personal/University/MsC/Thesis/Code/ROS_files/build/drone_tuner/install.log'
[0.771s] Invoked command in '/Users/amitgedj/Library/CloudStorage/OneDrive-Personal/University/MsC/Thesis/Code/ROS_files/src/drone_tuner' returned '0': CMAKE_PREFIX_PATH=/Users/amitgedj/Library/CloudStorage/OneDrive-Personal/University/MsC/Thesis/Code/ROS_files/install/drone_c:/opt/anaconda3 CONDA_PROMPT_MODIFIER=(ThesisRos) DYLD_LIBRARY_PATH=/Users/amitgedj/Library/CloudStorage/OneDrive-Personal/University/MsC/Thesis/Code/ROS_files/install/drone_c/lib PYTHONPATH=/Users/amitgedj/Library/CloudStorage/OneDrive-Personal/University/MsC/Thesis/Code/ROS_files/build/drone_tuner/prefix_override:/opt/anaconda3/envs/ThesisRos/lib/python3.11/site-packages/colcon_core/task/python/colcon_distutils_commands:/Users/amitgedj/Library/CloudStorage/OneDrive-Personal/University/MsC/Thesis/Code/ROS_files/install/drone_tuner/lib/python3.11/site-packages:/Users/amitgedj/Library/CloudStorage/OneDrive-Personal/University/MsC/Thesis/Code/ROS_files/install/drone_c/lib/python3.11/site-packages:/Users/amitgedj/Library/CloudStorage/OneDrive-Personal/University/MsC/Thesis/Code/ROS_files/build/drone_tuner:/Users/amitgedj/Library/CloudStorage/OneDrive-Personal/University/MsC/Thesis/Code/ROS_files/install/drone_tuner/lib/python3.11/site-packages:/opt/anaconda3/envs/ThesisRos/lib/python311/site-packages:/opt/anaconda3/envs/ThesisRos/lib/python3.11/site-packages SHLVL=2 _=/opt/anaconda3/envs/ThesisRos/bin/env __CF_USER_TEXT_ENCODING=0x1F5:0x0:0x0 /opt/anaconda3/envs/ThesisRos/bin/python3.11 -W ignore:setup.py install is deprecated -W ignore:easy_install command is deprecated setup.py egg_info --egg-base ../../build/drone_tuner build --build-base /Users/amitgedj/Library/CloudStorage/OneDrive-Personal/University/MsC/Thesis/Code/ROS_files/build/drone_tuner/build install --record /Users/amitgedj/Library/CloudStorage/OneDrive-Personal/University/MsC/Thesis/Code/ROS_files/build/drone_tuner/install.log --single-version-externally-managed install_data
