[0.014s] Invoking command in '/Users/amitgedj/Library/CloudStorage/OneDrive-Personal/University/MsC/Thesis/Code/ROS_files/build/drone_c': CMAKE_PREFIX_PATH=${CMAKE_PREFIX_PATH}:/opt/anaconda3/envs/ThesisRos CONDA_PROMPT_MODIFIER=(ThesisRos) SHLVL=2 _=/opt/anaconda3/envs/ThesisRos/bin/env __CF_USER_TEXT_ENCODING=0x1F5:0x0:0x0 /opt/anaconda3/envs/ThesisRos/bin/cmake /Users/amitgedj/Library/CloudStorage/OneDrive-Personal/University/MsC/Thesis/Code/ROS_files/src/drone_c -DPython3_EXECUTABLE=/opt/anaconda3/envs/ThesisRos/bin/python -DPython3_LIBRARY=/opt/anaconda3/envs/ThesisRos/lib/libpython3.11.dylib -DPython3_INCLUDE_DIR=/opt/anaconda3/envs/ThesisRos/include/python3.11 -DPython3_NumPy_INCLUDE_DIRS=/opt/anaconda3/envs/ThesisRos/lib/python3.11/site-packages/numpy/core/include -DPYTHON_EXECUTABLE=/opt/anaconda3/envs/ThesisRos/bin/python -DCMAKE_INSTALL_PREFIX=/Users/amitgedj/Library/CloudStorage/OneDrive-Personal/University/MsC/Thesis/Code/ROS_files/install/drone_c
[0.119s] -- The C compiler identification is Clang 18.1.8
[0.246s] -- The CXX compiler identification is Clang 18.1.8
[0.254s] -- Detecting C compiler ABI info
[0.413s] -- Detecting C compiler ABI info - done
[0.419s] -- Check for working C compiler: /opt/anaconda3/envs/ThesisRos/bin/arm64-apple-darwin20.0.0-clang - skipped
[0.419s] -- Detecting C compile features
[0.420s] -- Detecting C compile features - done
[0.424s] -- Detecting CXX compiler ABI info
[0.575s] -- Detecting CXX compiler ABI info - done
[0.581s] -- Check for working CXX compiler: /opt/anaconda3/envs/ThesisRos/bin/arm64-apple-darwin20.0.0-clang++ - skipped
[0.581s] -- Detecting CXX compile features
[0.582s] -- Detecting CXX compile features - done
[0.593s] -- Found ament_cmake: 1.3.11 (/opt/anaconda3/envs/ThesisRos/share/ament_cmake/cmake)
[0.703s] -- Found Python3: /opt/anaconda3/envs/ThesisRos/bin/python (found version "3.11.11") found components: Interpreter
[0.902s] -- Found rclcpp: 16.0.11 (/opt/anaconda3/envs/ThesisRos/share/rclcpp/cmake)
[1.051s] -- Found rosidl_generator_c: 3.1.6 (/opt/anaconda3/envs/ThesisRos/share/rosidl_generator_c/cmake)
[1.074s] -- Found rosidl_adapter: 3.1.6 (/opt/anaconda3/envs/ThesisRos/share/rosidl_adapter/cmake)
[1.107s] -- Found rosidl_generator_cpp: 3.1.6 (/opt/anaconda3/envs/ThesisRos/share/rosidl_generator_cpp/cmake)
[1.138s] -- Using all available rosidl_typesupport_c: rosidl_typesupport_fastrtps_c;rosidl_typesupport_introspection_c
[1.180s] -- Using all available rosidl_typesupport_cpp: rosidl_typesupport_fastrtps_cpp;rosidl_typesupport_introspection_cpp
[1.334s] -- Checking for module 'yaml-0.1'
[1.461s] --   Found yaml-0.1, version 0.2.5
[1.811s] -- Found rmw_implementation_cmake: 6.1.2 (/opt/anaconda3/envs/ThesisRos/share/rmw_implementation_cmake/cmake)
[1.822s] -- Found rmw_fastrtps_cpp: 6.2.7 (/opt/anaconda3/envs/ThesisRos/share/rmw_fastrtps_cpp/cmake)
[2.455s] -- Found OpenSSL: /opt/anaconda3/lib/libcrypto.dylib (found version "3.5.1")
[2.546s] -- Found FastRTPS: /opt/anaconda3/envs/ThesisRos/include
[2.611s] -- Using RMW implementation 'rmw_fastrtps_cpp' as default
[2.640s] -- Performing Test CMAKE_HAVE_LIBC_PTHREAD
[2.793s] -- Performing Test CMAKE_HAVE_LIBC_PTHREAD - Success
[2.793s] -- Found Threads: TRUE
[2.857s] -- Found std_msgs: 4.2.4 (/opt/anaconda3/envs/ThesisRos/share/std_msgs/cmake)
[2.882s] -- Found rosidl_default_generators: 1.2.0 (/opt/anaconda3/envs/ThesisRos/share/rosidl_default_generators/cmake)
[2.908s] -- Found sensor_msgs: 4.2.4 (/opt/anaconda3/envs/ThesisRos/share/sensor_msgs/cmake)
[3.213s] -- Found Python3: /opt/anaconda3/envs/ThesisRos/bin/python (found version "3.11.11") found components: Interpreter Development NumPy Development.Module Development.Embed
[3.234s] -- Found Python3: /opt/anaconda3/envs/ThesisRos/bin/python (found version "3.11.11") found components: Interpreter
[3.438s] -- Found ament_cmake_ros: 0.10.0 (/opt/anaconda3/envs/ThesisRos/share/ament_cmake_ros/cmake)
[3.742s] -- Using all available rosidl_typesupport_c: rosidl_typesupport_fastrtps_c;rosidl_typesupport_introspection_c
[3.848s] -- Using all available rosidl_typesupport_cpp: rosidl_typesupport_fastrtps_cpp;rosidl_typesupport_introspection_cpp
[3.860s] -- Found python_cmake_module: 0.10.0 (/opt/anaconda3/envs/ThesisRos/share/python_cmake_module/cmake)
[3.860s] CMake Warning (dev) at /opt/anaconda3/envs/ThesisRos/share/python_cmake_module/cmake/Modules/FindPythonExtra.cmake:52 (find_package):
[3.860s]   Policy CMP0148 is not set: The FindPythonInterp and FindPythonLibs modules
[3.860s]   are removed.  Run "cmake --help-policy CMP0148" for policy details.  Use
[3.860s]   the cmake_policy command to set the policy and suppress this warning.
[3.860s] 
[3.860s] Call Stack (most recent call first):
[3.860s]   /opt/anaconda3/envs/ThesisRos/share/rosidl_generator_py/cmake/rosidl_generator_py_generate_interfaces.cmake:21 (find_package)
[3.860s]   /opt/anaconda3/envs/ThesisRos/share/ament_cmake_core/cmake/core/ament_execute_extensions.cmake:48 (include)
[3.860s]   /opt/anaconda3/envs/ThesisRos/share/rosidl_cmake/cmake/rosidl_generate_interfaces.cmake:286 (ament_execute_extensions)
[3.860s]   CMakeLists.txt:38 (rosidl_generate_interfaces)
[3.861s] This warning is for project developers.  Use -Wno-dev to suppress it.
[3.861s] 
[3.870s] -- Found PythonInterp: /opt/anaconda3/envs/ThesisRos/bin/python (found suitable version "3.11.11", minimum required is "3.6")
[3.891s] -- Using PythonExtra_INCLUDE_DIRS: /opt/anaconda3/include/python3.12;/opt/anaconda3/include/python3.12
[3.915s] -- Using PythonExtra_LIBRARIES: /opt/anaconda3/envs/ThesisRos/lib/libpython3.11.dylib
[3.930s] -- Found PythonExtra: .so
[4.108s] -- Found Python3: /opt/anaconda3/envs/ThesisRos/include/python3.11 (found version "3.11.11") found components: Development NumPy Interpreter Development.Module Development.Embed
[4.180s] -- Found ament_lint_auto: 0.12.11 (/opt/anaconda3/envs/ThesisRos/share/ament_lint_auto/cmake)
[4.270s] -- Added test 'copyright' to check source files copyright and LICENSE
[4.272s] -- Added test 'flake8' to check Python code syntax and style conventions
[4.274s] -- Added test 'lint_cmake' to check CMake code style
[4.275s] -- Added test 'pep257' to check Python code against some of the docstring style conventions in PEP 257
[4.286s] -- Added test 'uncrustify' to check C / C++ code style
[4.286s] -- Configured uncrustify additional arguments: 
[4.289s] -- Added test 'xmllint' to check XML markup files
[4.295s] -- Configuring done (4.3s)
[4.466s] -- Generating done (0.2s)
[4.468s] -- Build files have been written to: /Users/amitgedj/Library/CloudStorage/OneDrive-Personal/University/MsC/Thesis/Code/ROS_files/build/drone_c
[4.472s] Invoked command in '/Users/amitgedj/Library/CloudStorage/OneDrive-Personal/University/MsC/Thesis/Code/ROS_files/build/drone_c' returned '0': CMAKE_PREFIX_PATH=${CMAKE_PREFIX_PATH}:/opt/anaconda3/envs/ThesisRos CONDA_PROMPT_MODIFIER=(ThesisRos) SHLVL=2 _=/opt/anaconda3/envs/ThesisRos/bin/env __CF_USER_TEXT_ENCODING=0x1F5:0x0:0x0 /opt/anaconda3/envs/ThesisRos/bin/cmake /Users/amitgedj/Library/CloudStorage/OneDrive-Personal/University/MsC/Thesis/Code/ROS_files/src/drone_c -DPython3_EXECUTABLE=/opt/anaconda3/envs/ThesisRos/bin/python -DPython3_LIBRARY=/opt/anaconda3/envs/ThesisRos/lib/libpython3.11.dylib -DPython3_INCLUDE_DIR=/opt/anaconda3/envs/ThesisRos/include/python3.11 -DPython3_NumPy_INCLUDE_DIRS=/opt/anaconda3/envs/ThesisRos/lib/python3.11/site-packages/numpy/core/include -DPYTHON_EXECUTABLE=/opt/anaconda3/envs/ThesisRos/bin/python -DCMAKE_INSTALL_PREFIX=/Users/amitgedj/Library/CloudStorage/OneDrive-Personal/University/MsC/Thesis/Code/ROS_files/install/drone_c
[4.478s] Invoking command in '/Users/amitgedj/Library/CloudStorage/OneDrive-Personal/University/MsC/Thesis/Code/ROS_files/build/drone_c': CMAKE_PREFIX_PATH=${CMAKE_PREFIX_PATH}:/opt/anaconda3/envs/ThesisRos CONDA_PROMPT_MODIFIER=(ThesisRos) SHLVL=2 _=/opt/anaconda3/envs/ThesisRos/bin/env __CF_USER_TEXT_ENCODING=0x1F5:0x0:0x0 /opt/anaconda3/envs/ThesisRos/bin/cmake --build /Users/amitgedj/Library/CloudStorage/OneDrive-Personal/University/MsC/Thesis/Code/ROS_files/build/drone_c -- -j10 -l10
[4.547s] [  1%] Generating C code for ROS interfaces
[4.565s] [  2%] Generating C++ code for ROS interfaces
[4.584s] [  2%] Built target ament_cmake_python_copy_drone_c
[4.740s] running egg_info
[4.748s] creating drone_c.egg-info
[4.748s] writing drone_c.egg-info/PKG-INFO
[4.749s] writing dependency_links to drone_c.egg-info/dependency_links.txt
[4.749s] writing top-level names to drone_c.egg-info/top_level.txt
[4.749s] writing manifest file 'drone_c.egg-info/SOURCES.txt'
[4.776s] reading manifest file 'drone_c.egg-info/SOURCES.txt'
[4.776s] writing manifest file 'drone_c.egg-info/SOURCES.txt'
[4.806s] [  2%] Built target ament_cmake_python_build_drone_c_egg
[4.978s] [  2%] Built target drone_c__cpp
[5.000s] [  3%] Generating C++ type support for eProsima Fast-RTPS
[5.000s] [  4%] Generating C++ introspection for ROS interfaces
[5.005s] [  5%] Generating C++ type support dispatch for ROS interfaces
[5.013s] [  6%] Building C object CMakeFiles/drone_c__rosidl_generator_c.dir/rosidl_generator_c/drone_c/msg/detail/pid__functions.c.o
[5.013s] [  8%] Building C object CMakeFiles/drone_c__rosidl_generator_c.dir/rosidl_generator_c/drone_c/msg/detail/drone_header__functions.c.o
[5.016s] [  9%] Building C object CMakeFiles/drone_c__rosidl_generator_c.dir/rosidl_generator_c/drone_c/msg/detail/motors__functions.c.o
[5.016s] [ 10%] Building C object CMakeFiles/drone_c__rosidl_generator_c.dir/rosidl_generator_c/drone_c/msg/detail/euler_angles__functions.c.o
[5.018s] [ 11%] Building C object CMakeFiles/drone_c__rosidl_generator_c.dir/rosidl_generator_c/drone_c/msg/detail/filter__functions.c.o
[5.019s] [ 12%] Building C object CMakeFiles/drone_c__rosidl_generator_c.dir/rosidl_generator_c/drone_c/msg/detail/pid_consts__functions.c.o
[5.036s] [ 13%] Building C object CMakeFiles/drone_c__rosidl_generator_c.dir/rosidl_generator_c/drone_c/msg/detail/imu_filter__functions.c.o
[5.151s] [ 14%] Building C object CMakeFiles/drone_c__rosidl_generator_c.dir/rosidl_generator_c/drone_c/msg/detail/altitude_lidar__functions.c.o
[5.219s] [ 16%] Linking C shared library libdrone_c__rosidl_generator_c.dylib
[5.263s] ld: warning: duplicate -rpath '/opt/anaconda3/lib' ignored
[5.325s] [ 17%] Building CXX object CMakeFiles/drone_c__rosidl_typesupport_cpp.dir/rosidl_typesupport_cpp/drone_c/msg/pid__type_support.cpp.o
[5.329s] [ 17%] Built target drone_c__rosidl_generator_c
[5.331s] [ 18%] Building CXX object CMakeFiles/drone_c__rosidl_typesupport_cpp.dir/rosidl_typesupport_cpp/drone_c/msg/euler_angles__type_support.cpp.o
[5.339s] [ 19%] Building CXX object CMakeFiles/drone_c__rosidl_typesupport_cpp.dir/rosidl_typesupport_cpp/drone_c/msg/motors__type_support.cpp.o
[5.366s] [ 20%] Generating C type support for eProsima Fast-RTPS
[5.370s] [ 21%] Building CXX object CMakeFiles/drone_c__rosidl_typesupport_cpp.dir/rosidl_typesupport_cpp/drone_c/msg/imu_filter__type_support.cpp.o
[5.376s] [ 22%] Building CXX object CMakeFiles/drone_c__rosidl_typesupport_introspection_cpp.dir/rosidl_typesupport_introspection_cpp/drone_c/msg/detail/pid__type_support.cpp.o
[5.377s] [ 24%] Building CXX object CMakeFiles/drone_c__rosidl_typesupport_cpp.dir/rosidl_typesupport_cpp/drone_c/msg/pid_consts__type_support.cpp.o
[5.385s] [ 25%] Generating C introspection for ROS interfaces
[5.386s] [ 26%] Building CXX object CMakeFiles/drone_c__rosidl_typesupport_introspection_cpp.dir/rosidl_typesupport_introspection_cpp/drone_c/msg/detail/euler_angles__type_support.cpp.o
[5.429s] [ 27%] Building CXX object CMakeFiles/drone_c__rosidl_typesupport_fastrtps_cpp.dir/rosidl_typesupport_fastrtps_cpp/drone_c/msg/detail/dds_fastrtps/pid__type_support.cpp.o
[5.963s] [ 28%] Building CXX object CMakeFiles/drone_c__rosidl_typesupport_cpp.dir/rosidl_typesupport_cpp/drone_c/msg/filter__type_support.cpp.o
[5.964s] [ 29%] Building CXX object CMakeFiles/drone_c__rosidl_typesupport_cpp.dir/rosidl_typesupport_cpp/drone_c/msg/drone_header__type_support.cpp.o
[5.965s] [ 31%] Building CXX object CMakeFiles/drone_c__rosidl_typesupport_fastrtps_cpp.dir/rosidl_typesupport_fastrtps_cpp/drone_c/msg/detail/dds_fastrtps/euler_angles__type_support.cpp.o
[5.987s] [ 32%] Building CXX object CMakeFiles/drone_c__rosidl_typesupport_cpp.dir/rosidl_typesupport_cpp/drone_c/msg/altitude_lidar__type_support.cpp.o
[5.999s] [ 33%] Building CXX object CMakeFiles/drone_c__rosidl_typesupport_fastrtps_cpp.dir/rosidl_typesupport_fastrtps_cpp/drone_c/msg/detail/dds_fastrtps/motors__type_support.cpp.o
[6.007s] [ 34%] Building CXX object CMakeFiles/drone_c__rosidl_typesupport_fastrtps_cpp.dir/rosidl_typesupport_fastrtps_cpp/drone_c/msg/detail/dds_fastrtps/imu_filter__type_support.cpp.o
[6.022s] [ 35%] Building CXX object CMakeFiles/drone_c__rosidl_typesupport_introspection_cpp.dir/rosidl_typesupport_introspection_cpp/drone_c/msg/detail/motors__type_support.cpp.o
[6.103s] [ 36%] Building CXX object CMakeFiles/drone_c__rosidl_typesupport_fastrtps_c.dir/rosidl_typesupport_fastrtps_c/drone_c/msg/detail/pid__type_support_c.cpp.o
[6.173s] [ 37%] Building CXX object CMakeFiles/drone_c__rosidl_typesupport_fastrtps_cpp.dir/rosidl_typesupport_fastrtps_cpp/drone_c/msg/detail/dds_fastrtps/pid_consts__type_support.cpp.o
[6.189s] [ 39%] Building C object CMakeFiles/drone_c__rosidl_typesupport_introspection_c.dir/rosidl_typesupport_introspection_c/drone_c/msg/detail/pid__type_support.c.o
[6.301s] [ 40%] Building C object CMakeFiles/drone_c__rosidl_typesupport_introspection_c.dir/rosidl_typesupport_introspection_c/drone_c/msg/detail/euler_angles__type_support.c.o
[6.428s] [ 41%] Building C object CMakeFiles/drone_c__rosidl_typesupport_introspection_c.dir/rosidl_typesupport_introspection_c/drone_c/msg/detail/motors__type_support.c.o
[6.495s] [ 42%] Building C object CMakeFiles/drone_c__rosidl_typesupport_introspection_c.dir/rosidl_typesupport_introspection_c/drone_c/msg/detail/imu_filter__type_support.c.o
[6.509s] [ 43%] Building C object CMakeFiles/drone_c__rosidl_typesupport_introspection_c.dir/rosidl_typesupport_introspection_c/drone_c/msg/detail/pid_consts__type_support.c.o
[6.544s] [ 44%] Linking CXX shared library libdrone_c__rosidl_typesupport_cpp.dylib
[6.548s] [ 45%] Building C object CMakeFiles/drone_c__rosidl_typesupport_introspection_c.dir/rosidl_typesupport_introspection_c/drone_c/msg/detail/drone_header__type_support.c.o
[6.595s] [ 47%] Building CXX object CMakeFiles/drone_c__rosidl_typesupport_introspection_cpp.dir/rosidl_typesupport_introspection_cpp/drone_c/msg/detail/imu_filter__type_support.cpp.o
[6.615s] ld: warning: duplicate -rpath '/opt/anaconda3/lib' ignored
[6.616s] [ 48%] Building C object CMakeFiles/drone_c__rosidl_typesupport_introspection_c.dir/rosidl_typesupport_introspection_c/drone_c/msg/detail/filter__type_support.c.o
[6.623s] [ 49%] Building C object CMakeFiles/drone_c__rosidl_typesupport_introspection_c.dir/rosidl_typesupport_introspection_c/drone_c/msg/detail/altitude_lidar__type_support.c.o
[6.644s] [ 50%] Building CXX object CMakeFiles/drone_c__rosidl_typesupport_fastrtps_c.dir/rosidl_typesupport_fastrtps_c/drone_c/msg/detail/euler_angles__type_support_c.cpp.o
[6.654s] [ 51%] Building CXX object CMakeFiles/drone_c__rosidl_typesupport_fastrtps_cpp.dir/rosidl_typesupport_fastrtps_cpp/drone_c/msg/detail/dds_fastrtps/drone_header__type_support.cpp.o
[6.662s] [ 51%] Built target drone_c__rosidl_typesupport_cpp
[6.665s] [ 52%] Building CXX object CMakeFiles/drone_c__rosidl_typesupport_fastrtps_cpp.dir/rosidl_typesupport_fastrtps_cpp/drone_c/msg/detail/dds_fastrtps/filter__type_support.cpp.o
[6.694s] [ 54%] Building CXX object CMakeFiles/drone_c__rosidl_typesupport_fastrtps_c.dir/rosidl_typesupport_fastrtps_c/drone_c/msg/detail/motors__type_support_c.cpp.o
[6.702s] [ 55%] Linking C shared library libdrone_c__rosidl_typesupport_introspection_c.dylib
[6.703s] [ 56%] Generating C type support dispatch for ROS interfaces
[6.746s] [ 57%] Building CXX object CMakeFiles/drone_c__rosidl_typesupport_fastrtps_cpp.dir/rosidl_typesupport_fastrtps_cpp/drone_c/msg/detail/dds_fastrtps/altitude_lidar__type_support.cpp.o
[6.755s] ld: warning: duplicate -rpath '/opt/anaconda3/lib' ignored
[6.757s] [ 58%] Building CXX object CMakeFiles/drone_c__rosidl_typesupport_introspection_cpp.dir/rosidl_typesupport_introspection_cpp/drone_c/msg/detail/pid_consts__type_support.cpp.o
[6.831s] [ 59%] Building CXX object CMakeFiles/drone_c__rosidl_typesupport_fastrtps_c.dir/rosidl_typesupport_fastrtps_c/drone_c/msg/detail/imu_filter__type_support_c.cpp.o
[6.952s] [ 59%] Built target drone_c__rosidl_typesupport_introspection_c
[7.004s] [ 60%] Building CXX object CMakeFiles/drone_c__rosidl_typesupport_introspection_cpp.dir/rosidl_typesupport_introspection_cpp/drone_c/msg/detail/drone_header__type_support.cpp.o
[7.233s] [ 62%] Building CXX object CMakeFiles/drone_c__rosidl_typesupport_introspection_cpp.dir/rosidl_typesupport_introspection_cpp/drone_c/msg/detail/filter__type_support.cpp.o
[7.276s] [ 63%] Building CXX object CMakeFiles/drone_c__rosidl_typesupport_fastrtps_c.dir/rosidl_typesupport_fastrtps_c/drone_c/msg/detail/pid_consts__type_support_c.cpp.o
[7.277s] [ 64%] Building CXX object CMakeFiles/drone_c__rosidl_typesupport_c.dir/rosidl_typesupport_c/drone_c/msg/pid__type_support.cpp.o
[7.292s] [ 65%] Building CXX object CMakeFiles/drone_c__rosidl_typesupport_introspection_cpp.dir/rosidl_typesupport_introspection_cpp/drone_c/msg/detail/altitude_lidar__type_support.cpp.o
[7.329s] [ 66%] Building CXX object CMakeFiles/drone_c__rosidl_typesupport_fastrtps_c.dir/rosidl_typesupport_fastrtps_c/drone_c/msg/detail/filter__type_support_c.cpp.o
[7.332s] [ 67%] Building CXX object CMakeFiles/drone_c__rosidl_typesupport_fastrtps_c.dir/rosidl_typesupport_fastrtps_c/drone_c/msg/detail/drone_header__type_support_c.cpp.o
[7.363s] [ 68%] Building CXX object CMakeFiles/drone_c__rosidl_typesupport_fastrtps_c.dir/rosidl_typesupport_fastrtps_c/drone_c/msg/detail/altitude_lidar__type_support_c.cpp.o
[7.397s] [ 70%] Building CXX object CMakeFiles/drone_c__rosidl_typesupport_c.dir/rosidl_typesupport_c/drone_c/msg/euler_angles__type_support.cpp.o
[7.397s] [ 71%] Linking CXX shared library libdrone_c__rosidl_typesupport_fastrtps_cpp.dylib
[7.480s] ld: warning: duplicate -rpath '/opt/anaconda3/lib' ignored
[7.485s] [ 72%] Building CXX object CMakeFiles/drone_c__rosidl_typesupport_c.dir/rosidl_typesupport_c/drone_c/msg/motors__type_support.cpp.o
[7.521s] [ 73%] Building CXX object CMakeFiles/drone_c__rosidl_typesupport_c.dir/rosidl_typesupport_c/drone_c/msg/imu_filter__type_support.cpp.o
[7.572s] [ 73%] Built target drone_c__rosidl_typesupport_fastrtps_cpp
[7.596s] [ 74%] Building CXX object CMakeFiles/drone_c__rosidl_typesupport_c.dir/rosidl_typesupport_c/drone_c/msg/pid_consts__type_support.cpp.o
[7.600s] [ 75%] Building CXX object CMakeFiles/drone_c__rosidl_typesupport_c.dir/rosidl_typesupport_c/drone_c/msg/filter__type_support.cpp.o
[7.610s] [ 77%] Building CXX object CMakeFiles/drone_c__rosidl_typesupport_c.dir/rosidl_typesupport_c/drone_c/msg/drone_header__type_support.cpp.o
[7.640s] [ 78%] Building CXX object CMakeFiles/drone_c__rosidl_typesupport_c.dir/rosidl_typesupport_c/drone_c/msg/altitude_lidar__type_support.cpp.o
[7.705s] [ 79%] Linking CXX shared library libdrone_c__rosidl_typesupport_c.dylib
[7.759s] ld: warning: duplicate -rpath '/opt/anaconda3/lib' ignored
[7.800s] [ 79%] Built target drone_c__rosidl_typesupport_c
[7.822s] [ 80%] Linking CXX shared library libdrone_c__rosidl_typesupport_introspection_cpp.dylib
[7.859s] ld: warning: duplicate -rpath '/opt/anaconda3/lib' ignored
[7.894s] [ 80%] Built target drone_c__rosidl_typesupport_introspection_cpp
[7.911s] [ 81%] Linking CXX shared library libdrone_c__rosidl_typesupport_fastrtps_c.dylib
[7.948s] ld: warning: duplicate -rpath '/opt/anaconda3/lib' ignored
[7.981s] [ 81%] Built target drone_c__rosidl_typesupport_fastrtps_c
[8.015s] [ 81%] Built target drone_c
[8.052s] [ 82%] Generating Python code for ROS interfaces
[8.515s] [ 82%] Built target drone_c__py
[8.555s] [ 83%] Building C object CMakeFiles/drone_c__rosidl_generator_py.dir/rosidl_generator_py/drone_c/msg/_pid_s.c.o
[8.557s] [ 85%] Building C object CMakeFiles/drone_c__rosidl_generator_py.dir/rosidl_generator_py/drone_c/msg/_motors_s.c.o
[8.557s] [ 86%] Building C object CMakeFiles/drone_c__rosidl_generator_py.dir/rosidl_generator_py/drone_c/msg/_euler_angles_s.c.o
[8.560s] [ 87%] Building C object CMakeFiles/drone_c__rosidl_generator_py.dir/rosidl_generator_py/drone_c/msg/_drone_header_s.c.o
[8.563s] [ 88%] Building C object CMakeFiles/drone_c__rosidl_generator_py.dir/rosidl_generator_py/drone_c/msg/_altitude_lidar_s.c.o
[8.563s] [ 89%] Building C object CMakeFiles/drone_c__rosidl_generator_py.dir/rosidl_generator_py/drone_c/msg/_pid_consts_s.c.o
[8.570s] [ 90%] Building C object CMakeFiles/drone_c__rosidl_generator_py.dir/rosidl_generator_py/drone_c/msg/_imu_filter_s.c.o
[8.576s] [ 91%] Building C object CMakeFiles/drone_c__rosidl_generator_py.dir/rosidl_generator_py/drone_c/msg/_filter_s.c.o
[8.711s] [ 93%] Linking C shared library rosidl_generator_py/drone_c/libdrone_c__rosidl_generator_py.dylib
[8.748s] ld: warning: duplicate -rpath '/opt/anaconda3/lib' ignored
[8.781s] [ 93%] Built target drone_c__rosidl_generator_py
[8.818s] [ 94%] Building C object CMakeFiles/drone_c__rosidl_typesupport_introspection_c__pyext.dir/rosidl_generator_py/drone_c/_drone_c_s.ep.rosidl_typesupport_introspection_c.c.o
[8.818s] [ 96%] Building C object CMakeFiles/drone_c__rosidl_typesupport_c__pyext.dir/rosidl_generator_py/drone_c/_drone_c_s.ep.rosidl_typesupport_c.c.o
[8.818s] [ 96%] Building C object CMakeFiles/drone_c__rosidl_typesupport_fastrtps_c__pyext.dir/rosidl_generator_py/drone_c/_drone_c_s.ep.rosidl_typesupport_fastrtps_c.c.o
[8.925s] [100%] Linking C shared library rosidl_generator_py/drone_c/drone_c_s__rosidl_typesupport_c.cpython-311-darwin.so
[8.925s] [100%] Linking C shared library rosidl_generator_py/drone_c/drone_c_s__rosidl_typesupport_fastrtps_c.cpython-311-darwin.so
[8.925s] [100%] Linking C shared library rosidl_generator_py/drone_c/drone_c_s__rosidl_typesupport_introspection_c.cpython-311-darwin.so
[8.964s] ld: warning: duplicate -rpath '/opt/anaconda3/lib' ignored
[8.966s] ld: warning: duplicate -rpath '/opt/anaconda3/lib' ignored
[8.966s] ld: warning: duplicate -rpath '/opt/anaconda3/lib' ignored
[8.999s] [100%] Built target drone_c__rosidl_typesupport_c__pyext
[8.999s] [100%] Built target drone_c__rosidl_typesupport_introspection_c__pyext
[9.002s] [100%] Built target drone_c__rosidl_typesupport_fastrtps_c__pyext
[9.021s] Invoked command in '/Users/amitgedj/Library/CloudStorage/OneDrive-Personal/University/MsC/Thesis/Code/ROS_files/build/drone_c' returned '0': CMAKE_PREFIX_PATH=${CMAKE_PREFIX_PATH}:/opt/anaconda3/envs/ThesisRos CONDA_PROMPT_MODIFIER=(ThesisRos) SHLVL=2 _=/opt/anaconda3/envs/ThesisRos/bin/env __CF_USER_TEXT_ENCODING=0x1F5:0x0:0x0 /opt/anaconda3/envs/ThesisRos/bin/cmake --build /Users/amitgedj/Library/CloudStorage/OneDrive-Personal/University/MsC/Thesis/Code/ROS_files/build/drone_c -- -j10 -l10
[9.782s] Invoking command in '/Users/amitgedj/Library/CloudStorage/OneDrive-Personal/University/MsC/Thesis/Code/ROS_files/build/drone_c': CMAKE_PREFIX_PATH=${CMAKE_PREFIX_PATH}:/opt/anaconda3/envs/ThesisRos CONDA_PROMPT_MODIFIER=(ThesisRos) SHLVL=2 _=/opt/anaconda3/envs/ThesisRos/bin/env __CF_USER_TEXT_ENCODING=0x1F5:0x0:0x0 /opt/anaconda3/envs/ThesisRos/bin/cmake --install /Users/amitgedj/Library/CloudStorage/OneDrive-Personal/University/MsC/Thesis/Code/ROS_files/build/drone_c
[9.793s] -- Install configuration: ""
[9.794s] -- Installing: /Users/amitgedj/Library/CloudStorage/OneDrive-Personal/University/MsC/Thesis/Code/ROS_files/install/drone_c/share/ament_index/resource_index/rosidl_interfaces/drone_c
[9.794s] -- Installing: /Users/amitgedj/Library/CloudStorage/OneDrive-Personal/University/MsC/Thesis/Code/ROS_files/install/drone_c/include/drone_c/drone_c
[9.794s] -- Installing: /Users/amitgedj/Library/CloudStorage/OneDrive-Personal/University/MsC/Thesis/Code/ROS_files/install/drone_c/include/drone_c/drone_c/msg
[9.795s] -- Installing: /Users/amitgedj/Library/CloudStorage/OneDrive-Personal/University/MsC/Thesis/Code/ROS_files/install/drone_c/include/drone_c/drone_c/msg/rosidl_generator_c__visibility_control.h
[9.795s] -- Installing: /Users/amitgedj/Library/CloudStorage/OneDrive-Personal/University/MsC/Thesis/Code/ROS_files/install/drone_c/include/drone_c/drone_c/msg/euler_angles.h
[9.796s] -- Installing: /Users/amitgedj/Library/CloudStorage/OneDrive-Personal/University/MsC/Thesis/Code/ROS_files/install/drone_c/include/drone_c/drone_c/msg/motors.h
[9.796s] -- Installing: /Users/amitgedj/Library/CloudStorage/OneDrive-Personal/University/MsC/Thesis/Code/ROS_files/install/drone_c/include/drone_c/drone_c/msg/detail
[9.796s] -- Installing: /Users/amitgedj/Library/CloudStorage/OneDrive-Personal/University/MsC/Thesis/Code/ROS_files/install/drone_c/include/drone_c/drone_c/msg/detail/drone_header__type_support.h
[9.797s] -- Installing: /Users/amitgedj/Library/CloudStorage/OneDrive-Personal/University/MsC/Thesis/Code/ROS_files/install/drone_c/include/drone_c/drone_c/msg/detail/pid__struct.h
[9.798s] -- Installing: /Users/amitgedj/Library/CloudStorage/OneDrive-Personal/University/MsC/Thesis/Code/ROS_files/install/drone_c/include/drone_c/drone_c/msg/detail/motors__struct.h
[9.798s] -- Installing: /Users/amitgedj/Library/CloudStorage/OneDrive-Personal/University/MsC/Thesis/Code/ROS_files/install/drone_c/include/drone_c/drone_c/msg/detail/altitude_lidar__functions.c
[9.799s] -- Installing: /Users/amitgedj/Library/CloudStorage/OneDrive-Personal/University/MsC/Thesis/Code/ROS_files/install/drone_c/include/drone_c/drone_c/msg/detail/pid__type_support.h
[9.799s] -- Installing: /Users/amitgedj/Library/CloudStorage/OneDrive-Personal/University/MsC/Thesis/Code/ROS_files/install/drone_c/include/drone_c/drone_c/msg/detail/motors__type_support.h
[9.800s] -- Installing: /Users/amitgedj/Library/CloudStorage/OneDrive-Personal/University/MsC/Thesis/Code/ROS_files/install/drone_c/include/drone_c/drone_c/msg/detail/filter__type_support.h
[9.801s] -- Installing: /Users/amitgedj/Library/CloudStorage/OneDrive-Personal/University/MsC/Thesis/Code/ROS_files/install/drone_c/include/drone_c/drone_c/msg/detail/euler_angles__type_support.h
[9.801s] -- Installing: /Users/amitgedj/Library/CloudStorage/OneDrive-Personal/University/MsC/Thesis/Code/ROS_files/install/drone_c/include/drone_c/drone_c/msg/detail/pid_consts__functions.h
[9.802s] -- Installing: /Users/amitgedj/Library/CloudStorage/OneDrive-Personal/University/MsC/Thesis/Code/ROS_files/install/drone_c/include/drone_c/drone_c/msg/detail/drone_header__functions.h
[9.802s] -- Installing: /Users/amitgedj/Library/CloudStorage/OneDrive-Personal/University/MsC/Thesis/Code/ROS_files/install/drone_c/include/drone_c/drone_c/msg/detail/imu_filter__functions.h
[9.803s] -- Installing: /Users/amitgedj/Library/CloudStorage/OneDrive-Personal/University/MsC/Thesis/Code/ROS_files/install/drone_c/include/drone_c/drone_c/msg/detail/filter__functions.c
[9.803s] -- Installing: /Users/amitgedj/Library/CloudStorage/OneDrive-Personal/University/MsC/Thesis/Code/ROS_files/install/drone_c/include/drone_c/drone_c/msg/detail/euler_angles__functions.c
[9.804s] -- Installing: /Users/amitgedj/Library/CloudStorage/OneDrive-Personal/University/MsC/Thesis/Code/ROS_files/install/drone_c/include/drone_c/drone_c/msg/detail/altitude_lidar__struct.h
[9.805s] -- Installing: /Users/amitgedj/Library/CloudStorage/OneDrive-Personal/University/MsC/Thesis/Code/ROS_files/install/drone_c/include/drone_c/drone_c/msg/detail/pid_consts__struct.h
[9.805s] -- Installing: /Users/amitgedj/Library/CloudStorage/OneDrive-Personal/University/MsC/Thesis/Code/ROS_files/install/drone_c/include/drone_c/drone_c/msg/detail/pid__functions.c
[9.806s] -- Installing: /Users/amitgedj/Library/CloudStorage/OneDrive-Personal/University/MsC/Thesis/Code/ROS_files/install/drone_c/include/drone_c/drone_c/msg/detail/motors__functions.h
[9.807s] -- Installing: /Users/amitgedj/Library/CloudStorage/OneDrive-Personal/University/MsC/Thesis/Code/ROS_files/install/drone_c/include/drone_c/drone_c/msg/detail/altitude_lidar__functions.h
[9.808s] -- Installing: /Users/amitgedj/Library/CloudStorage/OneDrive-Personal/University/MsC/Thesis/Code/ROS_files/install/drone_c/include/drone_c/drone_c/msg/detail/altitude_lidar__type_support.h
[9.809s] -- Installing: /Users/amitgedj/Library/CloudStorage/OneDrive-Personal/University/MsC/Thesis/Code/ROS_files/install/drone_c/include/drone_c/drone_c/msg/detail/euler_angles__struct.h
[9.810s] -- Installing: /Users/amitgedj/Library/CloudStorage/OneDrive-Personal/University/MsC/Thesis/Code/ROS_files/install/drone_c/include/drone_c/drone_c/msg/detail/imu_filter__struct.h
[9.811s] -- Installing: /Users/amitgedj/Library/CloudStorage/OneDrive-Personal/University/MsC/Thesis/Code/ROS_files/install/drone_c/include/drone_c/drone_c/msg/detail/filter__functions.h
[9.811s] -- Installing: /Users/amitgedj/Library/CloudStorage/OneDrive-Personal/University/MsC/Thesis/Code/ROS_files/install/drone_c/include/drone_c/drone_c/msg/detail/imu_filter__functions.c
[9.812s] -- Installing: /Users/amitgedj/Library/CloudStorage/OneDrive-Personal/University/MsC/Thesis/Code/ROS_files/install/drone_c/include/drone_c/drone_c/msg/detail/drone_header__functions.c
[9.813s] -- Installing: /Users/amitgedj/Library/CloudStorage/OneDrive-Personal/University/MsC/Thesis/Code/ROS_files/install/drone_c/include/drone_c/drone_c/msg/detail/pid_consts__functions.c
[9.813s] -- Installing: /Users/amitgedj/Library/CloudStorage/OneDrive-Personal/University/MsC/Thesis/Code/ROS_files/install/drone_c/include/drone_c/drone_c/msg/detail/drone_header__struct.h
[9.814s] -- Installing: /Users/amitgedj/Library/CloudStorage/OneDrive-Personal/University/MsC/Thesis/Code/ROS_files/install/drone_c/include/drone_c/drone_c/msg/detail/euler_angles__functions.h
[9.815s] -- Installing: /Users/amitgedj/Library/CloudStorage/OneDrive-Personal/University/MsC/Thesis/Code/ROS_files/install/drone_c/include/drone_c/drone_c/msg/detail/filter__struct.h
[9.815s] -- Installing: /Users/amitgedj/Library/CloudStorage/OneDrive-Personal/University/MsC/Thesis/Code/ROS_files/install/drone_c/include/drone_c/drone_c/msg/detail/pid_consts__type_support.h
[9.816s] -- Installing: /Users/amitgedj/Library/CloudStorage/OneDrive-Personal/University/MsC/Thesis/Code/ROS_files/install/drone_c/include/drone_c/drone_c/msg/detail/imu_filter__type_support.h
[9.816s] -- Installing: /Users/amitgedj/Library/CloudStorage/OneDrive-Personal/University/MsC/Thesis/Code/ROS_files/install/drone_c/include/drone_c/drone_c/msg/detail/motors__functions.c
[9.817s] -- Installing: /Users/amitgedj/Library/CloudStorage/OneDrive-Personal/University/MsC/Thesis/Code/ROS_files/install/drone_c/include/drone_c/drone_c/msg/detail/pid__functions.h
[9.818s] -- Installing: /Users/amitgedj/Library/CloudStorage/OneDrive-Personal/University/MsC/Thesis/Code/ROS_files/install/drone_c/include/drone_c/drone_c/msg/drone_header.h
[9.819s] -- Installing: /Users/amitgedj/Library/CloudStorage/OneDrive-Personal/University/MsC/Thesis/Code/ROS_files/install/drone_c/include/drone_c/drone_c/msg/altitude_lidar.h
[9.819s] -- Installing: /Users/amitgedj/Library/CloudStorage/OneDrive-Personal/University/MsC/Thesis/Code/ROS_files/install/drone_c/include/drone_c/drone_c/msg/pid_consts.h
[9.820s] -- Installing: /Users/amitgedj/Library/CloudStorage/OneDrive-Personal/University/MsC/Thesis/Code/ROS_files/install/drone_c/include/drone_c/drone_c/msg/pid.h
[9.821s] -- Installing: /Users/amitgedj/Library/CloudStorage/OneDrive-Personal/University/MsC/Thesis/Code/ROS_files/install/drone_c/include/drone_c/drone_c/msg/imu_filter.h
[9.821s] -- Installing: /Users/amitgedj/Library/CloudStorage/OneDrive-Personal/University/MsC/Thesis/Code/ROS_files/install/drone_c/include/drone_c/drone_c/msg/filter.h
[9.822s] -- Installing: /Users/amitgedj/Library/CloudStorage/OneDrive-Personal/University/MsC/Thesis/Code/ROS_files/install/drone_c/lib/libdrone_c__rosidl_generator_c.dylib
[9.823s] -- Up-to-date: /Users/amitgedj/Library/CloudStorage/OneDrive-Personal/University/MsC/Thesis/Code/ROS_files/install/drone_c/include/drone_c/drone_c
[9.823s] -- Up-to-date: /Users/amitgedj/Library/CloudStorage/OneDrive-Personal/University/MsC/Thesis/Code/ROS_files/install/drone_c/include/drone_c/drone_c/msg
[9.823s] -- Up-to-date: /Users/amitgedj/Library/CloudStorage/OneDrive-Personal/University/MsC/Thesis/Code/ROS_files/install/drone_c/include/drone_c/drone_c/msg/detail
[9.823s] -- Installing: /Users/amitgedj/Library/CloudStorage/OneDrive-Personal/University/MsC/Thesis/Code/ROS_files/install/drone_c/include/drone_c/drone_c/msg/detail/filter__rosidl_typesupport_fastrtps_c.h
[9.823s] -- Installing: /Users/amitgedj/Library/CloudStorage/OneDrive-Personal/University/MsC/Thesis/Code/ROS_files/install/drone_c/include/drone_c/drone_c/msg/detail/imu_filter__rosidl_typesupport_fastrtps_c.h
[9.824s] -- Installing: /Users/amitgedj/Library/CloudStorage/OneDrive-Personal/University/MsC/Thesis/Code/ROS_files/install/drone_c/include/drone_c/drone_c/msg/detail/euler_angles__rosidl_typesupport_fastrtps_c.h
[9.824s] -- Installing: /Users/amitgedj/Library/CloudStorage/OneDrive-Personal/University/MsC/Thesis/Code/ROS_files/install/drone_c/include/drone_c/drone_c/msg/detail/altitude_lidar__rosidl_typesupport_fastrtps_c.h
[9.824s] -- Installing: /Users/amitgedj/Library/CloudStorage/OneDrive-Personal/University/MsC/Thesis/Code/ROS_files/install/drone_c/include/drone_c/drone_c/msg/detail/pid__rosidl_typesupport_fastrtps_c.h
[9.825s] -- Installing: /Users/amitgedj/Library/CloudStorage/OneDrive-Personal/University/MsC/Thesis/Code/ROS_files/install/drone_c/include/drone_c/drone_c/msg/detail/drone_header__rosidl_typesupport_fastrtps_c.h
[9.825s] -- Installing: /Users/amitgedj/Library/CloudStorage/OneDrive-Personal/University/MsC/Thesis/Code/ROS_files/install/drone_c/include/drone_c/drone_c/msg/detail/motors__rosidl_typesupport_fastrtps_c.h
[9.825s] -- Installing: /Users/amitgedj/Library/CloudStorage/OneDrive-Personal/University/MsC/Thesis/Code/ROS_files/install/drone_c/include/drone_c/drone_c/msg/detail/pid_consts__rosidl_typesupport_fastrtps_c.h
[9.826s] -- Installing: /Users/amitgedj/Library/CloudStorage/OneDrive-Personal/University/MsC/Thesis/Code/ROS_files/install/drone_c/include/drone_c/drone_c/msg/rosidl_typesupport_fastrtps_c__visibility_control.h
[9.827s] -- Installing: /Users/amitgedj/Library/CloudStorage/OneDrive-Personal/University/MsC/Thesis/Code/ROS_files/install/drone_c/lib/libdrone_c__rosidl_typesupport_fastrtps_c.dylib
[9.831s] /opt/anaconda3/bin/install_name_tool: warning: changes being made to the file will invalidate the code signature in: /Users/amitgedj/Library/CloudStorage/OneDrive-Personal/University/MsC/Thesis/Code/ROS_files/install/drone_c/lib/libdrone_c__rosidl_typesupport_fastrtps_c.dylib
[9.831s] [cctools-port]: generating fake signature for '/Users/amitgedj/Library/CloudStorage/OneDrive-Personal/University/MsC/Thesis/Code/ROS_files/install/drone_c/lib/libdrone_c__rosidl_typesupport_fastrtps_c.dylib'
[9.851s] -- Up-to-date: /Users/amitgedj/Library/CloudStorage/OneDrive-Personal/University/MsC/Thesis/Code/ROS_files/install/drone_c/include/drone_c/drone_c
[9.851s] -- Up-to-date: /Users/amitgedj/Library/CloudStorage/OneDrive-Personal/University/MsC/Thesis/Code/ROS_files/install/drone_c/include/drone_c/drone_c/msg
[9.851s] -- Installing: /Users/amitgedj/Library/CloudStorage/OneDrive-Personal/University/MsC/Thesis/Code/ROS_files/install/drone_c/include/drone_c/drone_c/msg/euler_angles.hpp
[9.852s] -- Up-to-date: /Users/amitgedj/Library/CloudStorage/OneDrive-Personal/University/MsC/Thesis/Code/ROS_files/install/drone_c/include/drone_c/drone_c/msg/detail
[9.852s] -- Installing: /Users/amitgedj/Library/CloudStorage/OneDrive-Personal/University/MsC/Thesis/Code/ROS_files/install/drone_c/include/drone_c/drone_c/msg/detail/drone_header__traits.hpp
[9.852s] -- Installing: /Users/amitgedj/Library/CloudStorage/OneDrive-Personal/University/MsC/Thesis/Code/ROS_files/install/drone_c/include/drone_c/drone_c/msg/detail/drone_header__type_support.hpp
[9.853s] -- Installing: /Users/amitgedj/Library/CloudStorage/OneDrive-Personal/University/MsC/Thesis/Code/ROS_files/install/drone_c/include/drone_c/drone_c/msg/detail/pid__builder.hpp
[9.853s] -- Installing: /Users/amitgedj/Library/CloudStorage/OneDrive-Personal/University/MsC/Thesis/Code/ROS_files/install/drone_c/include/drone_c/drone_c/msg/detail/motors__struct.hpp
[9.854s] -- Installing: /Users/amitgedj/Library/CloudStorage/OneDrive-Personal/University/MsC/Thesis/Code/ROS_files/install/drone_c/include/drone_c/drone_c/msg/detail/euler_angles__traits.hpp
[9.854s] -- Installing: /Users/amitgedj/Library/CloudStorage/OneDrive-Personal/University/MsC/Thesis/Code/ROS_files/install/drone_c/include/drone_c/drone_c/msg/detail/pid__traits.hpp
[9.854s] -- Installing: /Users/amitgedj/Library/CloudStorage/OneDrive-Personal/University/MsC/Thesis/Code/ROS_files/install/drone_c/include/drone_c/drone_c/msg/detail/euler_angles__builder.hpp
[9.855s] -- Installing: /Users/amitgedj/Library/CloudStorage/OneDrive-Personal/University/MsC/Thesis/Code/ROS_files/install/drone_c/include/drone_c/drone_c/msg/detail/altitude_lidar__type_support.hpp
[9.855s] -- Installing: /Users/amitgedj/Library/CloudStorage/OneDrive-Personal/University/MsC/Thesis/Code/ROS_files/install/drone_c/include/drone_c/drone_c/msg/detail/filter__traits.hpp
[9.856s] -- Installing: /Users/amitgedj/Library/CloudStorage/OneDrive-Personal/University/MsC/Thesis/Code/ROS_files/install/drone_c/include/drone_c/drone_c/msg/detail/pid_consts__type_support.hpp
[9.856s] -- Installing: /Users/amitgedj/Library/CloudStorage/OneDrive-Personal/University/MsC/Thesis/Code/ROS_files/install/drone_c/include/drone_c/drone_c/msg/detail/pid_consts__struct.hpp
[9.857s] -- Installing: /Users/amitgedj/Library/CloudStorage/OneDrive-Personal/University/MsC/Thesis/Code/ROS_files/install/drone_c/include/drone_c/drone_c/msg/detail/altitude_lidar__traits.hpp
[9.857s] -- Installing: /Users/amitgedj/Library/CloudStorage/OneDrive-Personal/University/MsC/Thesis/Code/ROS_files/install/drone_c/include/drone_c/drone_c/msg/detail/filter__type_support.hpp
[9.857s] -- Installing: /Users/amitgedj/Library/CloudStorage/OneDrive-Personal/University/MsC/Thesis/Code/ROS_files/install/drone_c/include/drone_c/drone_c/msg/detail/filter__builder.hpp
[9.857s] -- Installing: /Users/amitgedj/Library/CloudStorage/OneDrive-Personal/University/MsC/Thesis/Code/ROS_files/install/drone_c/include/drone_c/drone_c/msg/detail/imu_filter__traits.hpp
[9.858s] -- Installing: /Users/amitgedj/Library/CloudStorage/OneDrive-Personal/University/MsC/Thesis/Code/ROS_files/install/drone_c/include/drone_c/drone_c/msg/detail/altitude_lidar__builder.hpp
[9.858s] -- Installing: /Users/amitgedj/Library/CloudStorage/OneDrive-Personal/University/MsC/Thesis/Code/ROS_files/install/drone_c/include/drone_c/drone_c/msg/detail/pid__struct.hpp
[9.859s] -- Installing: /Users/amitgedj/Library/CloudStorage/OneDrive-Personal/University/MsC/Thesis/Code/ROS_files/install/drone_c/include/drone_c/drone_c/msg/detail/euler_angles__struct.hpp
[9.859s] -- Installing: /Users/amitgedj/Library/CloudStorage/OneDrive-Personal/University/MsC/Thesis/Code/ROS_files/install/drone_c/include/drone_c/drone_c/msg/detail/motors__traits.hpp
[9.860s] -- Installing: /Users/amitgedj/Library/CloudStorage/OneDrive-Personal/University/MsC/Thesis/Code/ROS_files/install/drone_c/include/drone_c/drone_c/msg/detail/motors__builder.hpp
[9.861s] -- Installing: /Users/amitgedj/Library/CloudStorage/OneDrive-Personal/University/MsC/Thesis/Code/ROS_files/install/drone_c/include/drone_c/drone_c/msg/detail/drone_header__struct.hpp
[9.861s] -- Installing: /Users/amitgedj/Library/CloudStorage/OneDrive-Personal/University/MsC/Thesis/Code/ROS_files/install/drone_c/include/drone_c/drone_c/msg/detail/filter__struct.hpp
[9.862s] -- Installing: /Users/amitgedj/Library/CloudStorage/OneDrive-Personal/University/MsC/Thesis/Code/ROS_files/install/drone_c/include/drone_c/drone_c/msg/detail/imu_filter__builder.hpp
[9.862s] -- Installing: /Users/amitgedj/Library/CloudStorage/OneDrive-Personal/University/MsC/Thesis/Code/ROS_files/install/drone_c/include/drone_c/drone_c/msg/detail/euler_angles__type_support.hpp
[9.863s] -- Installing: /Users/amitgedj/Library/CloudStorage/OneDrive-Personal/University/MsC/Thesis/Code/ROS_files/install/drone_c/include/drone_c/drone_c/msg/detail/imu_filter__type_support.hpp
[9.864s] -- Installing: /Users/amitgedj/Library/CloudStorage/OneDrive-Personal/University/MsC/Thesis/Code/ROS_files/install/drone_c/include/drone_c/drone_c/msg/detail/altitude_lidar__struct.hpp
[9.864s] -- Installing: /Users/amitgedj/Library/CloudStorage/OneDrive-Personal/University/MsC/Thesis/Code/ROS_files/install/drone_c/include/drone_c/drone_c/msg/detail/drone_header__builder.hpp
[9.865s] -- Installing: /Users/amitgedj/Library/CloudStorage/OneDrive-Personal/University/MsC/Thesis/Code/ROS_files/install/drone_c/include/drone_c/drone_c/msg/detail/pid_consts__builder.hpp
[9.865s] -- Installing: /Users/amitgedj/Library/CloudStorage/OneDrive-Personal/University/MsC/Thesis/Code/ROS_files/install/drone_c/include/drone_c/drone_c/msg/detail/pid_consts__traits.hpp
[9.866s] -- Installing: /Users/amitgedj/Library/CloudStorage/OneDrive-Personal/University/MsC/Thesis/Code/ROS_files/install/drone_c/include/drone_c/drone_c/msg/detail/pid__type_support.hpp
[9.867s] -- Installing: /Users/amitgedj/Library/CloudStorage/OneDrive-Personal/University/MsC/Thesis/Code/ROS_files/install/drone_c/include/drone_c/drone_c/msg/detail/motors__type_support.hpp
[9.867s] -- Installing: /Users/amitgedj/Library/CloudStorage/OneDrive-Personal/University/MsC/Thesis/Code/ROS_files/install/drone_c/include/drone_c/drone_c/msg/detail/imu_filter__struct.hpp
[9.868s] -- Installing: /Users/amitgedj/Library/CloudStorage/OneDrive-Personal/University/MsC/Thesis/Code/ROS_files/install/drone_c/include/drone_c/drone_c/msg/rosidl_generator_cpp__visibility_control.hpp
[9.869s] -- Installing: /Users/amitgedj/Library/CloudStorage/OneDrive-Personal/University/MsC/Thesis/Code/ROS_files/install/drone_c/include/drone_c/drone_c/msg/drone_header.hpp
[9.869s] -- Installing: /Users/amitgedj/Library/CloudStorage/OneDrive-Personal/University/MsC/Thesis/Code/ROS_files/install/drone_c/include/drone_c/drone_c/msg/altitude_lidar.hpp
[9.870s] -- Installing: /Users/amitgedj/Library/CloudStorage/OneDrive-Personal/University/MsC/Thesis/Code/ROS_files/install/drone_c/include/drone_c/drone_c/msg/imu_filter.hpp
[9.871s] -- Installing: /Users/amitgedj/Library/CloudStorage/OneDrive-Personal/University/MsC/Thesis/Code/ROS_files/install/drone_c/include/drone_c/drone_c/msg/filter.hpp
[9.872s] -- Installing: /Users/amitgedj/Library/CloudStorage/OneDrive-Personal/University/MsC/Thesis/Code/ROS_files/install/drone_c/include/drone_c/drone_c/msg/motors.hpp
[9.872s] -- Installing: /Users/amitgedj/Library/CloudStorage/OneDrive-Personal/University/MsC/Thesis/Code/ROS_files/install/drone_c/include/drone_c/drone_c/msg/pid.hpp
[9.873s] -- Installing: /Users/amitgedj/Library/CloudStorage/OneDrive-Personal/University/MsC/Thesis/Code/ROS_files/install/drone_c/include/drone_c/drone_c/msg/pid_consts.hpp
[9.874s] -- Up-to-date: /Users/amitgedj/Library/CloudStorage/OneDrive-Personal/University/MsC/Thesis/Code/ROS_files/install/drone_c/include/drone_c/drone_c
[9.874s] -- Up-to-date: /Users/amitgedj/Library/CloudStorage/OneDrive-Personal/University/MsC/Thesis/Code/ROS_files/install/drone_c/include/drone_c/drone_c/msg
[9.874s] -- Installing: /Users/amitgedj/Library/CloudStorage/OneDrive-Personal/University/MsC/Thesis/Code/ROS_files/install/drone_c/include/drone_c/drone_c/msg/rosidl_typesupport_fastrtps_cpp__visibility_control.h
[9.875s] -- Up-to-date: /Users/amitgedj/Library/CloudStorage/OneDrive-Personal/University/MsC/Thesis/Code/ROS_files/install/drone_c/include/drone_c/drone_c/msg/detail
[9.875s] -- Installing: /Users/amitgedj/Library/CloudStorage/OneDrive-Personal/University/MsC/Thesis/Code/ROS_files/install/drone_c/include/drone_c/drone_c/msg/detail/drone_header__rosidl_typesupport_fastrtps_cpp.hpp
[9.875s] -- Installing: /Users/amitgedj/Library/CloudStorage/OneDrive-Personal/University/MsC/Thesis/Code/ROS_files/install/drone_c/include/drone_c/drone_c/msg/detail/filter__rosidl_typesupport_fastrtps_cpp.hpp
[9.876s] -- Installing: /Users/amitgedj/Library/CloudStorage/OneDrive-Personal/University/MsC/Thesis/Code/ROS_files/install/drone_c/include/drone_c/drone_c/msg/detail/pid_consts__rosidl_typesupport_fastrtps_cpp.hpp
[9.876s] -- Installing: /Users/amitgedj/Library/CloudStorage/OneDrive-Personal/University/MsC/Thesis/Code/ROS_files/install/drone_c/include/drone_c/drone_c/msg/detail/altitude_lidar__rosidl_typesupport_fastrtps_cpp.hpp
[9.877s] -- Installing: /Users/amitgedj/Library/CloudStorage/OneDrive-Personal/University/MsC/Thesis/Code/ROS_files/install/drone_c/include/drone_c/drone_c/msg/detail/euler_angles__rosidl_typesupport_fastrtps_cpp.hpp
[9.877s] -- Installing: /Users/amitgedj/Library/CloudStorage/OneDrive-Personal/University/MsC/Thesis/Code/ROS_files/install/drone_c/include/drone_c/drone_c/msg/detail/motors__rosidl_typesupport_fastrtps_cpp.hpp
[9.878s] -- Installing: /Users/amitgedj/Library/CloudStorage/OneDrive-Personal/University/MsC/Thesis/Code/ROS_files/install/drone_c/include/drone_c/drone_c/msg/detail/imu_filter__rosidl_typesupport_fastrtps_cpp.hpp
[9.878s] -- Installing: /Users/amitgedj/Library/CloudStorage/OneDrive-Personal/University/MsC/Thesis/Code/ROS_files/install/drone_c/include/drone_c/drone_c/msg/detail/pid__rosidl_typesupport_fastrtps_cpp.hpp
[9.879s] -- Installing: /Users/amitgedj/Library/CloudStorage/OneDrive-Personal/University/MsC/Thesis/Code/ROS_files/install/drone_c/include/drone_c/drone_c/msg/detail/dds_fastrtps
[9.879s] -- Installing: /Users/amitgedj/Library/CloudStorage/OneDrive-Personal/University/MsC/Thesis/Code/ROS_files/install/drone_c/lib/libdrone_c__rosidl_typesupport_fastrtps_cpp.dylib
[9.879s] -- Up-to-date: /Users/amitgedj/Library/CloudStorage/OneDrive-Personal/University/MsC/Thesis/Code/ROS_files/install/drone_c/include/drone_c/drone_c
[9.879s] -- Up-to-date: /Users/amitgedj/Library/CloudStorage/OneDrive-Personal/University/MsC/Thesis/Code/ROS_files/install/drone_c/include/drone_c/drone_c/msg
[9.879s] -- Up-to-date: /Users/amitgedj/Library/CloudStorage/OneDrive-Personal/University/MsC/Thesis/Code/ROS_files/install/drone_c/include/drone_c/drone_c/msg/detail
[9.880s] -- Installing: /Users/amitgedj/Library/CloudStorage/OneDrive-Personal/University/MsC/Thesis/Code/ROS_files/install/drone_c/include/drone_c/drone_c/msg/detail/filter__rosidl_typesupport_introspection_c.h
[9.880s] -- Installing: /Users/amitgedj/Library/CloudStorage/OneDrive-Personal/University/MsC/Thesis/Code/ROS_files/install/drone_c/include/drone_c/drone_c/msg/detail/altitude_lidar__type_support.c
[9.880s] -- Installing: /Users/amitgedj/Library/CloudStorage/OneDrive-Personal/University/MsC/Thesis/Code/ROS_files/install/drone_c/include/drone_c/drone_c/msg/detail/pid_consts__rosidl_typesupport_introspection_c.h
[9.881s] -- Installing: /Users/amitgedj/Library/CloudStorage/OneDrive-Personal/University/MsC/Thesis/Code/ROS_files/install/drone_c/include/drone_c/drone_c/msg/detail/pid__rosidl_typesupport_introspection_c.h
[9.881s] -- Installing: /Users/amitgedj/Library/CloudStorage/OneDrive-Personal/University/MsC/Thesis/Code/ROS_files/install/drone_c/include/drone_c/drone_c/msg/detail/pid_consts__type_support.c
[9.882s] -- Installing: /Users/amitgedj/Library/CloudStorage/OneDrive-Personal/University/MsC/Thesis/Code/ROS_files/install/drone_c/include/drone_c/drone_c/msg/detail/euler_angles__rosidl_typesupport_introspection_c.h
[9.882s] -- Installing: /Users/amitgedj/Library/CloudStorage/OneDrive-Personal/University/MsC/Thesis/Code/ROS_files/install/drone_c/include/drone_c/drone_c/msg/detail/imu_filter__type_support.c
[9.883s] -- Installing: /Users/amitgedj/Library/CloudStorage/OneDrive-Personal/University/MsC/Thesis/Code/ROS_files/install/drone_c/include/drone_c/drone_c/msg/detail/pid__type_support.c
[9.883s] -- Installing: /Users/amitgedj/Library/CloudStorage/OneDrive-Personal/University/MsC/Thesis/Code/ROS_files/install/drone_c/include/drone_c/drone_c/msg/detail/imu_filter__rosidl_typesupport_introspection_c.h
[9.884s] -- Installing: /Users/amitgedj/Library/CloudStorage/OneDrive-Personal/University/MsC/Thesis/Code/ROS_files/install/drone_c/include/drone_c/drone_c/msg/detail/drone_header__type_support.c
[9.884s] -- Installing: /Users/amitgedj/Library/CloudStorage/OneDrive-Personal/University/MsC/Thesis/Code/ROS_files/install/drone_c/include/drone_c/drone_c/msg/detail/altitude_lidar__rosidl_typesupport_introspection_c.h
[9.884s] -- Installing: /Users/amitgedj/Library/CloudStorage/OneDrive-Personal/University/MsC/Thesis/Code/ROS_files/install/drone_c/include/drone_c/drone_c/msg/detail/motors__type_support.c
[9.885s] -- Installing: /Users/amitgedj/Library/CloudStorage/OneDrive-Personal/University/MsC/Thesis/Code/ROS_files/install/drone_c/include/drone_c/drone_c/msg/detail/filter__type_support.c
[9.885s] -- Installing: /Users/amitgedj/Library/CloudStorage/OneDrive-Personal/University/MsC/Thesis/Code/ROS_files/install/drone_c/include/drone_c/drone_c/msg/detail/euler_angles__type_support.c
[9.886s] -- Installing: /Users/amitgedj/Library/CloudStorage/OneDrive-Personal/University/MsC/Thesis/Code/ROS_files/install/drone_c/include/drone_c/drone_c/msg/detail/drone_header__rosidl_typesupport_introspection_c.h
[9.887s] -- Installing: /Users/amitgedj/Library/CloudStorage/OneDrive-Personal/University/MsC/Thesis/Code/ROS_files/install/drone_c/include/drone_c/drone_c/msg/detail/motors__rosidl_typesupport_introspection_c.h
[9.887s] -- Installing: /Users/amitgedj/Library/CloudStorage/OneDrive-Personal/University/MsC/Thesis/Code/ROS_files/install/drone_c/include/drone_c/drone_c/msg/rosidl_typesupport_introspection_c__visibility_control.h
[9.888s] -- Installing: /Users/amitgedj/Library/CloudStorage/OneDrive-Personal/University/MsC/Thesis/Code/ROS_files/install/drone_c/lib/libdrone_c__rosidl_typesupport_introspection_c.dylib
[9.890s] /opt/anaconda3/bin/install_name_tool: warning: changes being made to the file will invalidate the code signature in: /Users/amitgedj/Library/CloudStorage/OneDrive-Personal/University/MsC/Thesis/Code/ROS_files/install/drone_c/lib/libdrone_c__rosidl_typesupport_introspection_c.dylib
[9.891s] [cctools-port]: generating fake signature for '/Users/amitgedj/Library/CloudStorage/OneDrive-Personal/University/MsC/Thesis/Code/ROS_files/install/drone_c/lib/libdrone_c__rosidl_typesupport_introspection_c.dylib'
[9.901s] -- Installing: /Users/amitgedj/Library/CloudStorage/OneDrive-Personal/University/MsC/Thesis/Code/ROS_files/install/drone_c/lib/libdrone_c__rosidl_typesupport_c.dylib
[9.903s] /opt/anaconda3/bin/install_name_tool: warning: changes being made to the file will invalidate the code signature in: /Users/amitgedj/Library/CloudStorage/OneDrive-Personal/University/MsC/Thesis/Code/ROS_files/install/drone_c/lib/libdrone_c__rosidl_typesupport_c.dylib
[9.904s] [cctools-port]: generating fake signature for '/Users/amitgedj/Library/CloudStorage/OneDrive-Personal/University/MsC/Thesis/Code/ROS_files/install/drone_c/lib/libdrone_c__rosidl_typesupport_c.dylib'
[9.913s] -- Up-to-date: /Users/amitgedj/Library/CloudStorage/OneDrive-Personal/University/MsC/Thesis/Code/ROS_files/install/drone_c/include/drone_c/drone_c
[9.913s] -- Up-to-date: /Users/amitgedj/Library/CloudStorage/OneDrive-Personal/University/MsC/Thesis/Code/ROS_files/install/drone_c/include/drone_c/drone_c/msg
[9.913s] -- Up-to-date: /Users/amitgedj/Library/CloudStorage/OneDrive-Personal/University/MsC/Thesis/Code/ROS_files/install/drone_c/include/drone_c/drone_c/msg/detail
[9.913s] -- Installing: /Users/amitgedj/Library/CloudStorage/OneDrive-Personal/University/MsC/Thesis/Code/ROS_files/install/drone_c/include/drone_c/drone_c/msg/detail/altitude_lidar__rosidl_typesupport_introspection_cpp.hpp
[9.914s] -- Installing: /Users/amitgedj/Library/CloudStorage/OneDrive-Personal/University/MsC/Thesis/Code/ROS_files/install/drone_c/include/drone_c/drone_c/msg/detail/motors__rosidl_typesupport_introspection_cpp.hpp
[9.914s] -- Installing: /Users/amitgedj/Library/CloudStorage/OneDrive-Personal/University/MsC/Thesis/Code/ROS_files/install/drone_c/include/drone_c/drone_c/msg/detail/euler_angles__type_support.cpp
[9.915s] -- Installing: /Users/amitgedj/Library/CloudStorage/OneDrive-Personal/University/MsC/Thesis/Code/ROS_files/install/drone_c/include/drone_c/drone_c/msg/detail/imu_filter__type_support.cpp
[9.915s] -- Installing: /Users/amitgedj/Library/CloudStorage/OneDrive-Personal/University/MsC/Thesis/Code/ROS_files/install/drone_c/include/drone_c/drone_c/msg/detail/pid__type_support.cpp
[9.916s] -- Installing: /Users/amitgedj/Library/CloudStorage/OneDrive-Personal/University/MsC/Thesis/Code/ROS_files/install/drone_c/include/drone_c/drone_c/msg/detail/motors__type_support.cpp
[9.916s] -- Installing: /Users/amitgedj/Library/CloudStorage/OneDrive-Personal/University/MsC/Thesis/Code/ROS_files/install/drone_c/include/drone_c/drone_c/msg/detail/filter__rosidl_typesupport_introspection_cpp.hpp
[9.917s] -- Installing: /Users/amitgedj/Library/CloudStorage/OneDrive-Personal/University/MsC/Thesis/Code/ROS_files/install/drone_c/include/drone_c/drone_c/msg/detail/pid__rosidl_typesupport_introspection_cpp.hpp
[9.918s] -- Installing: /Users/amitgedj/Library/CloudStorage/OneDrive-Personal/University/MsC/Thesis/Code/ROS_files/install/drone_c/include/drone_c/drone_c/msg/detail/drone_header__rosidl_typesupport_introspection_cpp.hpp
[9.918s] -- Installing: /Users/amitgedj/Library/CloudStorage/OneDrive-Personal/University/MsC/Thesis/Code/ROS_files/install/drone_c/include/drone_c/drone_c/msg/detail/filter__type_support.cpp
[9.919s] -- Installing: /Users/amitgedj/Library/CloudStorage/OneDrive-Personal/University/MsC/Thesis/Code/ROS_files/install/drone_c/include/drone_c/drone_c/msg/detail/drone_header__type_support.cpp
[9.919s] -- Installing: /Users/amitgedj/Library/CloudStorage/OneDrive-Personal/University/MsC/Thesis/Code/ROS_files/install/drone_c/include/drone_c/drone_c/msg/detail/pid_consts__rosidl_typesupport_introspection_cpp.hpp
[9.920s] -- Installing: /Users/amitgedj/Library/CloudStorage/OneDrive-Personal/University/MsC/Thesis/Code/ROS_files/install/drone_c/include/drone_c/drone_c/msg/detail/imu_filter__rosidl_typesupport_introspection_cpp.hpp
[9.920s] -- Installing: /Users/amitgedj/Library/CloudStorage/OneDrive-Personal/University/MsC/Thesis/Code/ROS_files/install/drone_c/include/drone_c/drone_c/msg/detail/euler_angles__rosidl_typesupport_introspection_cpp.hpp
[9.921s] -- Installing: /Users/amitgedj/Library/CloudStorage/OneDrive-Personal/University/MsC/Thesis/Code/ROS_files/install/drone_c/include/drone_c/drone_c/msg/detail/altitude_lidar__type_support.cpp
[9.921s] -- Installing: /Users/amitgedj/Library/CloudStorage/OneDrive-Personal/University/MsC/Thesis/Code/ROS_files/install/drone_c/include/drone_c/drone_c/msg/detail/pid_consts__type_support.cpp
[9.922s] -- Installing: /Users/amitgedj/Library/CloudStorage/OneDrive-Personal/University/MsC/Thesis/Code/ROS_files/install/drone_c/lib/libdrone_c__rosidl_typesupport_introspection_cpp.dylib
[9.922s] -- Installing: /Users/amitgedj/Library/CloudStorage/OneDrive-Personal/University/MsC/Thesis/Code/ROS_files/install/drone_c/lib/libdrone_c__rosidl_typesupport_cpp.dylib
[9.923s] -- Installing: /Users/amitgedj/Library/CloudStorage/OneDrive-Personal/University/MsC/Thesis/Code/ROS_files/install/drone_c/share/drone_c/environment/pythonpath.sh
[9.923s] -- Installing: /Users/amitgedj/Library/CloudStorage/OneDrive-Personal/University/MsC/Thesis/Code/ROS_files/install/drone_c/share/drone_c/environment/pythonpath.dsv
[9.924s] -- Installing: /Users/amitgedj/Library/CloudStorage/OneDrive-Personal/University/MsC/Thesis/Code/ROS_files/install/drone_c/lib/python3.11/site-packages/drone_c-0.0.1-py3.11.egg-info
[9.924s] -- Installing: /Users/amitgedj/Library/CloudStorage/OneDrive-Personal/University/MsC/Thesis/Code/ROS_files/install/drone_c/lib/python3.11/site-packages/drone_c-0.0.1-py3.11.egg-info/PKG-INFO
[9.924s] -- Installing: /Users/amitgedj/Library/CloudStorage/OneDrive-Personal/University/MsC/Thesis/Code/ROS_files/install/drone_c/lib/python3.11/site-packages/drone_c-0.0.1-py3.11.egg-info/SOURCES.txt
[9.924s] -- Installing: /Users/amitgedj/Library/CloudStorage/OneDrive-Personal/University/MsC/Thesis/Code/ROS_files/install/drone_c/lib/python3.11/site-packages/drone_c-0.0.1-py3.11.egg-info/top_level.txt
[9.925s] -- Installing: /Users/amitgedj/Library/CloudStorage/OneDrive-Personal/University/MsC/Thesis/Code/ROS_files/install/drone_c/lib/python3.11/site-packages/drone_c-0.0.1-py3.11.egg-info/dependency_links.txt
[9.925s] -- Installing: /Users/amitgedj/Library/CloudStorage/OneDrive-Personal/University/MsC/Thesis/Code/ROS_files/install/drone_c/lib/python3.11/site-packages/drone_c
[9.925s] -- Installing: /Users/amitgedj/Library/CloudStorage/OneDrive-Personal/University/MsC/Thesis/Code/ROS_files/install/drone_c/lib/python3.11/site-packages/drone_c/drone_c_s__rosidl_typesupport_introspection_c.cpython-311-darwin.so
[9.926s] -- Installing: /Users/amitgedj/Library/CloudStorage/OneDrive-Personal/University/MsC/Thesis/Code/ROS_files/install/drone_c/lib/python3.11/site-packages/drone_c/msg
[9.926s] -- Installing: /Users/amitgedj/Library/CloudStorage/OneDrive-Personal/University/MsC/Thesis/Code/ROS_files/install/drone_c/lib/python3.11/site-packages/drone_c/msg/_euler_angles.py
[9.926s] -- Installing: /Users/amitgedj/Library/CloudStorage/OneDrive-Personal/University/MsC/Thesis/Code/ROS_files/install/drone_c/lib/python3.11/site-packages/drone_c/msg/_pid_consts.py
[9.926s] -- Installing: /Users/amitgedj/Library/CloudStorage/OneDrive-Personal/University/MsC/Thesis/Code/ROS_files/install/drone_c/lib/python3.11/site-packages/drone_c/msg/_pid_s.c
[9.927s] -- Installing: /Users/amitgedj/Library/CloudStorage/OneDrive-Personal/University/MsC/Thesis/Code/ROS_files/install/drone_c/lib/python3.11/site-packages/drone_c/msg/_filter.py
[9.927s] -- Installing: /Users/amitgedj/Library/CloudStorage/OneDrive-Personal/University/MsC/Thesis/Code/ROS_files/install/drone_c/lib/python3.11/site-packages/drone_c/msg/__init__.py
[9.928s] -- Installing: /Users/amitgedj/Library/CloudStorage/OneDrive-Personal/University/MsC/Thesis/Code/ROS_files/install/drone_c/lib/python3.11/site-packages/drone_c/msg/_drone_header_s.c
[9.929s] -- Installing: /Users/amitgedj/Library/CloudStorage/OneDrive-Personal/University/MsC/Thesis/Code/ROS_files/install/drone_c/lib/python3.11/site-packages/drone_c/msg/_filter_s.c
[9.929s] -- Installing: /Users/amitgedj/Library/CloudStorage/OneDrive-Personal/University/MsC/Thesis/Code/ROS_files/install/drone_c/lib/python3.11/site-packages/drone_c/msg/_drone_header.py
[9.930s] -- Installing: /Users/amitgedj/Library/CloudStorage/OneDrive-Personal/University/MsC/Thesis/Code/ROS_files/install/drone_c/lib/python3.11/site-packages/drone_c/msg/_pid.py
[9.930s] -- Installing: /Users/amitgedj/Library/CloudStorage/OneDrive-Personal/University/MsC/Thesis/Code/ROS_files/install/drone_c/lib/python3.11/site-packages/drone_c/msg/_altitude_lidar_s.c
[9.931s] -- Installing: /Users/amitgedj/Library/CloudStorage/OneDrive-Personal/University/MsC/Thesis/Code/ROS_files/install/drone_c/lib/python3.11/site-packages/drone_c/msg/_imu_filter_s.c
[9.931s] -- Installing: /Users/amitgedj/Library/CloudStorage/OneDrive-Personal/University/MsC/Thesis/Code/ROS_files/install/drone_c/lib/python3.11/site-packages/drone_c/msg/_imu_filter.py
[9.932s] -- Installing: /Users/amitgedj/Library/CloudStorage/OneDrive-Personal/University/MsC/Thesis/Code/ROS_files/install/drone_c/lib/python3.11/site-packages/drone_c/msg/_euler_angles_s.c
[9.932s] -- Installing: /Users/amitgedj/Library/CloudStorage/OneDrive-Personal/University/MsC/Thesis/Code/ROS_files/install/drone_c/lib/python3.11/site-packages/drone_c/msg/_motors.py
[9.932s] -- Installing: /Users/amitgedj/Library/CloudStorage/OneDrive-Personal/University/MsC/Thesis/Code/ROS_files/install/drone_c/lib/python3.11/site-packages/drone_c/msg/_pid_consts_s.c
[9.933s] -- Installing: /Users/amitgedj/Library/CloudStorage/OneDrive-Personal/University/MsC/Thesis/Code/ROS_files/install/drone_c/lib/python3.11/site-packages/drone_c/msg/_altitude_lidar.py
[9.933s] -- Installing: /Users/amitgedj/Library/CloudStorage/OneDrive-Personal/University/MsC/Thesis/Code/ROS_files/install/drone_c/lib/python3.11/site-packages/drone_c/msg/_motors_s.c
[9.934s] -- Installing: /Users/amitgedj/Library/CloudStorage/OneDrive-Personal/University/MsC/Thesis/Code/ROS_files/install/drone_c/lib/python3.11/site-packages/drone_c/drone_c_s__rosidl_typesupport_c.cpython-311-darwin.so
[9.935s] -- Installing: /Users/amitgedj/Library/CloudStorage/OneDrive-Personal/University/MsC/Thesis/Code/ROS_files/install/drone_c/lib/python3.11/site-packages/drone_c/drone_c_s__rosidl_typesupport_fastrtps_c.cpython-311-darwin.so
[9.935s] -- Installing: /Users/amitgedj/Library/CloudStorage/OneDrive-Personal/University/MsC/Thesis/Code/ROS_files/install/drone_c/lib/python3.11/site-packages/drone_c/__init__.py
[9.936s] -- Installing: /Users/amitgedj/Library/CloudStorage/OneDrive-Personal/University/MsC/Thesis/Code/ROS_files/install/drone_c/lib/python3.11/site-packages/drone_c/libdrone_c__rosidl_generator_py.dylib
[9.937s] -- Installing: /Users/amitgedj/Library/CloudStorage/OneDrive-Personal/University/MsC/Thesis/Code/ROS_files/install/drone_c/lib/python3.11/site-packages/drone_c/_drone_c_s.ep.rosidl_typesupport_introspection_c.c
[9.937s] -- Installing: /Users/amitgedj/Library/CloudStorage/OneDrive-Personal/University/MsC/Thesis/Code/ROS_files/install/drone_c/lib/python3.11/site-packages/drone_c/_drone_c_s.ep.rosidl_typesupport_c.c
[9.938s] -- Installing: /Users/amitgedj/Library/CloudStorage/OneDrive-Personal/University/MsC/Thesis/Code/ROS_files/install/drone_c/lib/python3.11/site-packages/drone_c/_drone_c_s.ep.rosidl_typesupport_fastrtps_c.c
[9.961s] Listing 'lib/python3.11/site-packages/drone_c'...
[9.961s] Can't list 'lib/python3.11/site-packages/drone_c'
[9.964s] -- Up-to-date: /Users/amitgedj/Library/CloudStorage/OneDrive-Personal/University/MsC/Thesis/Code/ROS_files/install/drone_c/lib/python3.11/site-packages/drone_c/drone_c_s__rosidl_typesupport_fastrtps_c.cpython-311-darwin.so
[9.967s] /opt/anaconda3/bin/install_name_tool: warning: changes being made to the file will invalidate the code signature in: /Users/amitgedj/Library/CloudStorage/OneDrive-Personal/University/MsC/Thesis/Code/ROS_files/install/drone_c/lib/python3.11/site-packages/drone_c/drone_c_s__rosidl_typesupport_fastrtps_c.cpython-311-darwin.so
[9.967s] [cctools-port]: generating fake signature for '/Users/amitgedj/Library/CloudStorage/OneDrive-Personal/University/MsC/Thesis/Code/ROS_files/install/drone_c/lib/python3.11/site-packages/drone_c/drone_c_s__rosidl_typesupport_fastrtps_c.cpython-311-darwin.so'
[9.977s] -- Up-to-date: /Users/amitgedj/Library/CloudStorage/OneDrive-Personal/University/MsC/Thesis/Code/ROS_files/install/drone_c/lib/python3.11/site-packages/drone_c/drone_c_s__rosidl_typesupport_introspection_c.cpython-311-darwin.so
[9.979s] /opt/anaconda3/bin/install_name_tool: warning: changes being made to the file will invalidate the code signature in: /Users/amitgedj/Library/CloudStorage/OneDrive-Personal/University/MsC/Thesis/Code/ROS_files/install/drone_c/lib/python3.11/site-packages/drone_c/drone_c_s__rosidl_typesupport_introspection_c.cpython-311-darwin.so
[9.979s] [cctools-port]: generating fake signature for '/Users/amitgedj/Library/CloudStorage/OneDrive-Personal/University/MsC/Thesis/Code/ROS_files/install/drone_c/lib/python3.11/site-packages/drone_c/drone_c_s__rosidl_typesupport_introspection_c.cpython-311-darwin.so'
[9.988s] -- Up-to-date: /Users/amitgedj/Library/CloudStorage/OneDrive-Personal/University/MsC/Thesis/Code/ROS_files/install/drone_c/lib/python3.11/site-packages/drone_c/drone_c_s__rosidl_typesupport_c.cpython-311-darwin.so
[9.990s] /opt/anaconda3/bin/install_name_tool: warning: changes being made to the file will invalidate the code signature in: /Users/amitgedj/Library/CloudStorage/OneDrive-Personal/University/MsC/Thesis/Code/ROS_files/install/drone_c/lib/python3.11/site-packages/drone_c/drone_c_s__rosidl_typesupport_c.cpython-311-darwin.so
[9.990s] [cctools-port]: generating fake signature for '/Users/amitgedj/Library/CloudStorage/OneDrive-Personal/University/MsC/Thesis/Code/ROS_files/install/drone_c/lib/python3.11/site-packages/drone_c/drone_c_s__rosidl_typesupport_c.cpython-311-darwin.so'
[9.999s] -- Installing: /Users/amitgedj/Library/CloudStorage/OneDrive-Personal/University/MsC/Thesis/Code/ROS_files/install/drone_c/lib/libdrone_c__rosidl_generator_py.dylib
[10.002s] /opt/anaconda3/bin/install_name_tool: warning: changes being made to the file will invalidate the code signature in: /Users/amitgedj/Library/CloudStorage/OneDrive-Personal/University/MsC/Thesis/Code/ROS_files/install/drone_c/lib/libdrone_c__rosidl_generator_py.dylib
[10.002s] [cctools-port]: generating fake signature for '/Users/amitgedj/Library/CloudStorage/OneDrive-Personal/University/MsC/Thesis/Code/ROS_files/install/drone_c/lib/libdrone_c__rosidl_generator_py.dylib'
[10.012s] -- Installing: /Users/amitgedj/Library/CloudStorage/OneDrive-Personal/University/MsC/Thesis/Code/ROS_files/install/drone_c/share/drone_c/msg/Pid.idl
[10.012s] -- Installing: /Users/amitgedj/Library/CloudStorage/OneDrive-Personal/University/MsC/Thesis/Code/ROS_files/install/drone_c/share/drone_c/msg/EulerAngles.idl
[10.013s] -- Installing: /Users/amitgedj/Library/CloudStorage/OneDrive-Personal/University/MsC/Thesis/Code/ROS_files/install/drone_c/share/drone_c/msg/Motors.idl
[10.014s] -- Installing: /Users/amitgedj/Library/CloudStorage/OneDrive-Personal/University/MsC/Thesis/Code/ROS_files/install/drone_c/share/drone_c/msg/ImuFilter.idl
[10.014s] -- Installing: /Users/amitgedj/Library/CloudStorage/OneDrive-Personal/University/MsC/Thesis/Code/ROS_files/install/drone_c/share/drone_c/msg/PidConsts.idl
[10.015s] -- Installing: /Users/amitgedj/Library/CloudStorage/OneDrive-Personal/University/MsC/Thesis/Code/ROS_files/install/drone_c/share/drone_c/msg/DroneHeader.idl
[10.016s] -- Installing: /Users/amitgedj/Library/CloudStorage/OneDrive-Personal/University/MsC/Thesis/Code/ROS_files/install/drone_c/share/drone_c/msg/Filter.idl
[10.016s] -- Installing: /Users/amitgedj/Library/CloudStorage/OneDrive-Personal/University/MsC/Thesis/Code/ROS_files/install/drone_c/share/drone_c/msg/AltitudeLidar.idl
[10.017s] -- Installing: /Users/amitgedj/Library/CloudStorage/OneDrive-Personal/University/MsC/Thesis/Code/ROS_files/install/drone_c/share/drone_c/msg/Pid.msg
[10.018s] -- Installing: /Users/amitgedj/Library/CloudStorage/OneDrive-Personal/University/MsC/Thesis/Code/ROS_files/install/drone_c/share/drone_c/msg/EulerAngles.msg
[10.019s] -- Installing: /Users/amitgedj/Library/CloudStorage/OneDrive-Personal/University/MsC/Thesis/Code/ROS_files/install/drone_c/share/drone_c/msg/Motors.msg
[10.019s] -- Installing: /Users/amitgedj/Library/CloudStorage/OneDrive-Personal/University/MsC/Thesis/Code/ROS_files/install/drone_c/share/drone_c/msg/ImuFilter.msg
[10.020s] -- Installing: /Users/amitgedj/Library/CloudStorage/OneDrive-Personal/University/MsC/Thesis/Code/ROS_files/install/drone_c/share/drone_c/msg/PidConsts.msg
[10.020s] -- Installing: /Users/amitgedj/Library/CloudStorage/OneDrive-Personal/University/MsC/Thesis/Code/ROS_files/install/drone_c/share/drone_c/msg/DroneHeader.msg
[10.020s] -- Installing: /Users/amitgedj/Library/CloudStorage/OneDrive-Personal/University/MsC/Thesis/Code/ROS_files/install/drone_c/share/drone_c/msg/Filter.msg
[10.021s] -- Installing: /Users/amitgedj/Library/CloudStorage/OneDrive-Personal/University/MsC/Thesis/Code/ROS_files/install/drone_c/share/drone_c/msg/AltitudeLidar.msg
[10.021s] -- Installing: /Users/amitgedj/Library/CloudStorage/OneDrive-Personal/University/MsC/Thesis/Code/ROS_files/install/drone_c/lib/drone_c/rtcom
[10.022s] -- Installing: /Users/amitgedj/Library/CloudStorage/OneDrive-Personal/University/MsC/Thesis/Code/ROS_files/install/drone_c/lib/drone_c/rtcom/rtcom_client.py
[10.022s] -- Installing: /Users/amitgedj/Library/CloudStorage/OneDrive-Personal/University/MsC/Thesis/Code/ROS_files/install/drone_c/lib/drone_c/rtcom/rtcom_server.py
[10.023s] -- Installing: /Users/amitgedj/Library/CloudStorage/OneDrive-Personal/University/MsC/Thesis/Code/ROS_files/install/drone_c/lib/drone_c/rtcom/__init__.py
[10.024s] -- Installing: /Users/amitgedj/Library/CloudStorage/OneDrive-Personal/University/MsC/Thesis/Code/ROS_files/install/drone_c/lib/drone_c/rtcom/core.py
[10.024s] -- Installing: /Users/amitgedj/Library/CloudStorage/OneDrive-Personal/University/MsC/Thesis/Code/ROS_files/install/drone_c/lib/drone_c/rtcom/utils.py
[10.025s] -- Installing: /Users/amitgedj/Library/CloudStorage/OneDrive-Personal/University/MsC/Thesis/Code/ROS_files/install/drone_c/lib/drone_c/rtcom_teensy_ros.py
[10.025s] -- Installing: /Users/amitgedj/Library/CloudStorage/OneDrive-Personal/University/MsC/Thesis/Code/ROS_files/install/drone_c/share/drone_c/launch
[10.026s] -- Installing: /Users/amitgedj/Library/CloudStorage/OneDrive-Personal/University/MsC/Thesis/Code/ROS_files/install/drone_c/share/drone_c/launch/drone_launch.launch.py
[10.026s] -- Installing: /Users/amitgedj/Library/CloudStorage/OneDrive-Personal/University/MsC/Thesis/Code/ROS_files/install/drone_c/share/drone_c/plotjuggler
[10.027s] -- Installing: /Users/amitgedj/Library/CloudStorage/OneDrive-Personal/University/MsC/Thesis/Code/ROS_files/install/drone_c/share/drone_c/plotjuggler/.DS_Store
[10.027s] -- Installing: /Users/amitgedj/Library/CloudStorage/OneDrive-Personal/University/MsC/Thesis/Code/ROS_files/install/drone_c/share/ament_index/resource_index/package_run_dependencies/drone_c
[10.028s] -- Installing: /Users/amitgedj/Library/CloudStorage/OneDrive-Personal/University/MsC/Thesis/Code/ROS_files/install/drone_c/share/ament_index/resource_index/parent_prefix_path/drone_c
[10.029s] -- Installing: /Users/amitgedj/Library/CloudStorage/OneDrive-Personal/University/MsC/Thesis/Code/ROS_files/install/drone_c/share/drone_c/environment/ament_prefix_path.sh
[10.029s] -- Installing: /Users/amitgedj/Library/CloudStorage/OneDrive-Personal/University/MsC/Thesis/Code/ROS_files/install/drone_c/share/drone_c/environment/ament_prefix_path.dsv
[10.030s] -- Installing: /Users/amitgedj/Library/CloudStorage/OneDrive-Personal/University/MsC/Thesis/Code/ROS_files/install/drone_c/share/drone_c/environment/path.sh
[10.031s] -- Installing: /Users/amitgedj/Library/CloudStorage/OneDrive-Personal/University/MsC/Thesis/Code/ROS_files/install/drone_c/share/drone_c/environment/path.dsv
[10.031s] -- Installing: /Users/amitgedj/Library/CloudStorage/OneDrive-Personal/University/MsC/Thesis/Code/ROS_files/install/drone_c/share/drone_c/local_setup.bash
[10.032s] -- Installing: /Users/amitgedj/Library/CloudStorage/OneDrive-Personal/University/MsC/Thesis/Code/ROS_files/install/drone_c/share/drone_c/local_setup.sh
[10.032s] -- Installing: /Users/amitgedj/Library/CloudStorage/OneDrive-Personal/University/MsC/Thesis/Code/ROS_files/install/drone_c/share/drone_c/local_setup.zsh
[10.033s] -- Installing: /Users/amitgedj/Library/CloudStorage/OneDrive-Personal/University/MsC/Thesis/Code/ROS_files/install/drone_c/share/drone_c/local_setup.dsv
[10.033s] -- Installing: /Users/amitgedj/Library/CloudStorage/OneDrive-Personal/University/MsC/Thesis/Code/ROS_files/install/drone_c/share/drone_c/package.dsv
[10.034s] -- Installing: /Users/amitgedj/Library/CloudStorage/OneDrive-Personal/University/MsC/Thesis/Code/ROS_files/install/drone_c/share/ament_index/resource_index/packages/drone_c
[10.035s] -- Installing: /Users/amitgedj/Library/CloudStorage/OneDrive-Personal/University/MsC/Thesis/Code/ROS_files/install/drone_c/share/drone_c/cmake/export_drone_c__rosidl_generator_cExport.cmake
[10.035s] -- Installing: /Users/amitgedj/Library/CloudStorage/OneDrive-Personal/University/MsC/Thesis/Code/ROS_files/install/drone_c/share/drone_c/cmake/export_drone_c__rosidl_generator_cExport-noconfig.cmake
[10.035s] -- Installing: /Users/amitgedj/Library/CloudStorage/OneDrive-Personal/University/MsC/Thesis/Code/ROS_files/install/drone_c/share/drone_c/cmake/export_drone_c__rosidl_typesupport_fastrtps_cExport.cmake
[10.036s] -- Installing: /Users/amitgedj/Library/CloudStorage/OneDrive-Personal/University/MsC/Thesis/Code/ROS_files/install/drone_c/share/drone_c/cmake/export_drone_c__rosidl_typesupport_fastrtps_cExport-noconfig.cmake
[10.036s] -- Installing: /Users/amitgedj/Library/CloudStorage/OneDrive-Personal/University/MsC/Thesis/Code/ROS_files/install/drone_c/share/drone_c/cmake/export_drone_c__rosidl_generator_cppExport.cmake
[10.036s] -- Installing: /Users/amitgedj/Library/CloudStorage/OneDrive-Personal/University/MsC/Thesis/Code/ROS_files/install/drone_c/share/drone_c/cmake/export_drone_c__rosidl_typesupport_fastrtps_cppExport.cmake
[10.037s] -- Installing: /Users/amitgedj/Library/CloudStorage/OneDrive-Personal/University/MsC/Thesis/Code/ROS_files/install/drone_c/share/drone_c/cmake/export_drone_c__rosidl_typesupport_fastrtps_cppExport-noconfig.cmake
[10.037s] -- Installing: /Users/amitgedj/Library/CloudStorage/OneDrive-Personal/University/MsC/Thesis/Code/ROS_files/install/drone_c/share/drone_c/cmake/drone_c__rosidl_typesupport_introspection_cExport.cmake
[10.038s] -- Installing: /Users/amitgedj/Library/CloudStorage/OneDrive-Personal/University/MsC/Thesis/Code/ROS_files/install/drone_c/share/drone_c/cmake/drone_c__rosidl_typesupport_introspection_cExport-noconfig.cmake
[10.038s] -- Installing: /Users/amitgedj/Library/CloudStorage/OneDrive-Personal/University/MsC/Thesis/Code/ROS_files/install/drone_c/share/drone_c/cmake/drone_c__rosidl_typesupport_cExport.cmake
[10.038s] -- Installing: /Users/amitgedj/Library/CloudStorage/OneDrive-Personal/University/MsC/Thesis/Code/ROS_files/install/drone_c/share/drone_c/cmake/drone_c__rosidl_typesupport_cExport-noconfig.cmake
[10.039s] -- Installing: /Users/amitgedj/Library/CloudStorage/OneDrive-Personal/University/MsC/Thesis/Code/ROS_files/install/drone_c/share/drone_c/cmake/drone_c__rosidl_typesupport_introspection_cppExport.cmake
[10.039s] -- Installing: /Users/amitgedj/Library/CloudStorage/OneDrive-Personal/University/MsC/Thesis/Code/ROS_files/install/drone_c/share/drone_c/cmake/drone_c__rosidl_typesupport_introspection_cppExport-noconfig.cmake
[10.039s] -- Installing: /Users/amitgedj/Library/CloudStorage/OneDrive-Personal/University/MsC/Thesis/Code/ROS_files/install/drone_c/share/drone_c/cmake/drone_c__rosidl_typesupport_cppExport.cmake
[10.040s] -- Installing: /Users/amitgedj/Library/CloudStorage/OneDrive-Personal/University/MsC/Thesis/Code/ROS_files/install/drone_c/share/drone_c/cmake/drone_c__rosidl_typesupport_cppExport-noconfig.cmake
[10.040s] -- Installing: /Users/amitgedj/Library/CloudStorage/OneDrive-Personal/University/MsC/Thesis/Code/ROS_files/install/drone_c/share/drone_c/cmake/export_drone_c__rosidl_generator_pyExport.cmake
[10.041s] -- Installing: /Users/amitgedj/Library/CloudStorage/OneDrive-Personal/University/MsC/Thesis/Code/ROS_files/install/drone_c/share/drone_c/cmake/export_drone_c__rosidl_generator_pyExport-noconfig.cmake
[10.041s] -- Installing: /Users/amitgedj/Library/CloudStorage/OneDrive-Personal/University/MsC/Thesis/Code/ROS_files/install/drone_c/share/drone_c/cmake/rosidl_cmake-extras.cmake
[10.042s] -- Installing: /Users/amitgedj/Library/CloudStorage/OneDrive-Personal/University/MsC/Thesis/Code/ROS_files/install/drone_c/share/drone_c/cmake/ament_cmake_export_dependencies-extras.cmake
[10.042s] -- Installing: /Users/amitgedj/Library/CloudStorage/OneDrive-Personal/University/MsC/Thesis/Code/ROS_files/install/drone_c/share/drone_c/cmake/ament_cmake_export_include_directories-extras.cmake
[10.042s] -- Installing: /Users/amitgedj/Library/CloudStorage/OneDrive-Personal/University/MsC/Thesis/Code/ROS_files/install/drone_c/share/drone_c/cmake/ament_cmake_export_libraries-extras.cmake
[10.043s] -- Installing: /Users/amitgedj/Library/CloudStorage/OneDrive-Personal/University/MsC/Thesis/Code/ROS_files/install/drone_c/share/drone_c/cmake/ament_cmake_export_targets-extras.cmake
[10.043s] -- Installing: /Users/amitgedj/Library/CloudStorage/OneDrive-Personal/University/MsC/Thesis/Code/ROS_files/install/drone_c/share/drone_c/cmake/rosidl_cmake_export_typesupport_targets-extras.cmake
[10.044s] -- Installing: /Users/amitgedj/Library/CloudStorage/OneDrive-Personal/University/MsC/Thesis/Code/ROS_files/install/drone_c/share/drone_c/cmake/rosidl_cmake_export_typesupport_libraries-extras.cmake
[10.044s] -- Installing: /Users/amitgedj/Library/CloudStorage/OneDrive-Personal/University/MsC/Thesis/Code/ROS_files/install/drone_c/share/drone_c/cmake/drone_cConfig.cmake
[10.044s] -- Installing: /Users/amitgedj/Library/CloudStorage/OneDrive-Personal/University/MsC/Thesis/Code/ROS_files/install/drone_c/share/drone_c/cmake/drone_cConfig-version.cmake
[10.045s] -- Installing: /Users/amitgedj/Library/CloudStorage/OneDrive-Personal/University/MsC/Thesis/Code/ROS_files/install/drone_c/share/drone_c/package.xml
[10.047s] Invoked command in '/Users/amitgedj/Library/CloudStorage/OneDrive-Personal/University/MsC/Thesis/Code/ROS_files/build/drone_c' returned '0': CMAKE_PREFIX_PATH=${CMAKE_PREFIX_PATH}:/opt/anaconda3/envs/ThesisRos CONDA_PROMPT_MODIFIER=(ThesisRos) SHLVL=2 _=/opt/anaconda3/envs/ThesisRos/bin/env __CF_USER_TEXT_ENCODING=0x1F5:0x0:0x0 /opt/anaconda3/envs/ThesisRos/bin/cmake --install /Users/amitgedj/Library/CloudStorage/OneDrive-Personal/University/MsC/Thesis/Code/ROS_files/build/drone_c
