[0.050s] Invoking command in '/Users/amitgedj/Library/CloudStorage/OneDrive-Personal/University/MsC/Thesis/GitHub/ROS_files/build/drone_c': CONDA_PROMPT_MODIFIER=(ros2) SHLVL=2 _=/opt/anaconda3/envs/ros2/bin/env __CF_USER_TEXT_ENCODING=0x1F5:0x0:0x0 /opt/anaconda3/envs/ros2/bin/cmake /Users/amitgedj/Library/CloudStorage/OneDrive-Personal/University/MsC/Thesis/GitHub/ROS_files/src/drone_c -DPython3_EXECUTABLE=/opt/anaconda3/envs/ros2/bin/python -DAMENT_CMAKE_SYMLINK_INSTALL=1 -DCMAKE_INSTALL_PREFIX=/Users/amitgedj/Library/CloudStorage/OneDrive-Personal/University/MsC/Thesis/GitHub/ROS_files/install/drone_c
[2.095s] -- The C compiler identification is Clang 14.0.6
[2.181s] -- The CXX compiler identification is Clang 14.0.6
[2.191s] -- Detecting C compiler ABI info
[2.359s] -- Detecting C compiler ABI info - done
[2.362s] -- Check for working C compiler: /opt/anaconda3/envs/ros2/bin/arm64-apple-darwin20.0.0-clang - skipped
[2.363s] -- Detecting C compile features
[2.363s] -- Detecting C compile features - done
[2.368s] -- Detecting CXX compiler ABI info
[2.513s] -- Detecting CXX compiler ABI info - done
[2.516s] -- Check for working CXX compiler: /opt/anaconda3/envs/ros2/bin/arm64-apple-darwin20.0.0-clang++ - skipped
[2.516s] -- Detecting CXX compile features
[2.517s] -- Detecting CXX compile features - done
[2.542s] -- Found ament_cmake: 1.3.3 (/opt/anaconda3/envs/ros2/share/ament_cmake/cmake)
[2.920s] -- Found Python3: /opt/anaconda3/envs/ros2/bin/python (found version "3.10.6") found components: Interpreter 
[2.977s] -- Override CMake install command with custom implementation using symlinks instead of copying resources
[3.114s] -- Found rclcpp: 16.0.3 (/opt/anaconda3/envs/ros2/share/rclcpp/cmake)
[3.261s] -- Found rosidl_generator_c: 3.1.4 (/opt/anaconda3/envs/ros2/share/rosidl_generator_c/cmake)
[3.280s] -- Found rosidl_adapter: 3.1.4 (/opt/anaconda3/envs/ros2/share/rosidl_adapter/cmake)
[3.304s] -- Found rosidl_generator_cpp: 3.1.4 (/opt/anaconda3/envs/ros2/share/rosidl_generator_cpp/cmake)
[3.335s] -- Using all available rosidl_typesupport_c: rosidl_typesupport_fastrtps_c;rosidl_typesupport_introspection_c
[3.376s] -- Using all available rosidl_typesupport_cpp: rosidl_typesupport_fastrtps_cpp;rosidl_typesupport_introspection_cpp
[3.752s] -- Checking for module 'yaml-0.1'
[3.875s] --   Found yaml-0.1, version 0.2.5
[4.206s] -- Found rmw_implementation_cmake: 6.1.1 (/opt/anaconda3/envs/ros2/share/rmw_implementation_cmake/cmake)
[4.218s] -- Found rmw_cyclonedds_cpp: 1.3.4 (/opt/anaconda3/envs/ros2/share/rmw_cyclonedds_cpp/cmake)
[4.285s] -- Using RMW implementation 'rmw_cyclonedds_cpp' as default
[4.312s] -- Performing Test CMAKE_HAVE_LIBC_PTHREAD
[4.460s] -- Performing Test CMAKE_HAVE_LIBC_PTHREAD - Success
[4.460s] -- Found Threads: TRUE  
[4.580s] -- Found std_msgs: 4.2.3 (/opt/anaconda3/envs/ros2/share/std_msgs/cmake)
[4.615s] -- Found rosidl_default_generators: 1.2.0 (/opt/anaconda3/envs/ros2/share/rosidl_default_generators/cmake)
[4.640s] -- Found sensor_msgs: 4.2.3 (/opt/anaconda3/envs/ros2/share/sensor_msgs/cmake)
[4.956s] -- Found ament_cmake_ros: 0.10.0 (/opt/anaconda3/envs/ros2/share/ament_cmake_ros/cmake)
[5.238s] -- Using all available rosidl_typesupport_c: rosidl_typesupport_fastrtps_c;rosidl_typesupport_introspection_c
[5.339s] -- Using all available rosidl_typesupport_cpp: rosidl_typesupport_fastrtps_cpp;rosidl_typesupport_introspection_cpp
[5.359s] -- Found PythonInterp: /opt/anaconda3/envs/ros2/bin/python3 (found suitable version "3.10.6", minimum required is "3.6") 
[5.368s] -- Found python_cmake_module: 0.10.0 (/opt/anaconda3/envs/ros2/share/python_cmake_module/cmake)
[5.421s] -- Using PythonExtra_INCLUDE_DIRS: /opt/anaconda3/envs/ros2/include/python3.10;/opt/anaconda3/envs/ros2/include/python3.10
[5.448s] -- Using PythonExtra_LIBRARIES: /opt/anaconda3/envs/ros2/lib/libpython3.10.dylib
[5.465s] -- Found PythonExtra: .so  
[6.295s] -- Found Python3: /opt/anaconda3/envs/ros2/include/python3.10 (found version "3.10.6") found components: Development NumPy Interpreter Development.Module Development.Embed 
[6.364s] -- Found ament_lint_auto: 0.12.5 (/opt/anaconda3/envs/ros2/share/ament_lint_auto/cmake)
[6.441s] -- Added test 'copyright' to check source files copyright and LICENSE
[6.443s] -- Added test 'flake8' to check Python code syntax and style conventions
[6.445s] -- Added test 'lint_cmake' to check CMake code style
[6.447s] -- Added test 'pep257' to check Python code against some of the docstring style conventions in PEP 257
[6.452s] -- Added test 'uncrustify' to check C / C++ code style
[6.452s] -- Configured uncrustify additional arguments: 
[6.454s] -- Added test 'xmllint' to check XML markup files
[6.458s] -- Configuring done
[6.593s] -- Generating done
[6.603s] -- Build files have been written to: /Users/amitgedj/Library/CloudStorage/OneDrive-Personal/University/MsC/Thesis/GitHub/ROS_files/build/drone_c
[6.608s] Invoked command in '/Users/amitgedj/Library/CloudStorage/OneDrive-Personal/University/MsC/Thesis/GitHub/ROS_files/build/drone_c' returned '0': CONDA_PROMPT_MODIFIER=(ros2) SHLVL=2 _=/opt/anaconda3/envs/ros2/bin/env __CF_USER_TEXT_ENCODING=0x1F5:0x0:0x0 /opt/anaconda3/envs/ros2/bin/cmake /Users/amitgedj/Library/CloudStorage/OneDrive-Personal/University/MsC/Thesis/GitHub/ROS_files/src/drone_c -DPython3_EXECUTABLE=/opt/anaconda3/envs/ros2/bin/python -DAMENT_CMAKE_SYMLINK_INSTALL=1 -DCMAKE_INSTALL_PREFIX=/Users/amitgedj/Library/CloudStorage/OneDrive-Personal/University/MsC/Thesis/GitHub/ROS_files/install/drone_c
[6.610s] Invoking command in '/Users/amitgedj/Library/CloudStorage/OneDrive-Personal/University/MsC/Thesis/GitHub/ROS_files/build/drone_c': CONDA_PROMPT_MODIFIER=(ros2) SHLVL=2 _=/opt/anaconda3/envs/ros2/bin/env __CF_USER_TEXT_ENCODING=0x1F5:0x0:0x0 /opt/anaconda3/envs/ros2/bin/cmake --build /Users/amitgedj/Library/CloudStorage/OneDrive-Personal/University/MsC/Thesis/GitHub/ROS_files/build/drone_c -- -j10 -l10
[6.674s] [  1%] Generating C code for ROS interfaces
[6.692s] [  2%] Generating C++ code for ROS interfaces
[6.701s] [  2%] Built target ament_cmake_python_symlink_drone_c
[6.974s] /opt/anaconda3/envs/ros2/lib/python3.10/site-packages/setuptools_scm/_integration/setuptools.py:31: RuntimeWarning: 
[6.974s] ERROR: setuptools==57.5.0 is used in combination with setuptools-scm>=8.x
[6.974s] 
[6.974s] Your build configuration is incomplete and previously worked by accident!
[6.974s] setuptools-scm requires setuptools>=61
[6.974s] 
[6.974s] Suggested workaround if applicable:
[6.974s]  - migrating from the deprecated setup_requires mechanism to pep517/518
[6.974s]    and using a pyproject.toml to declare build dependencies
[6.974s]    which are reliably pre-installed before running the build tools
[6.974s] 
[6.974s]   warnings.warn(
[6.985s] running egg_info
[6.985s] creating drone_c.egg-info
[6.986s] writing manifest file 'drone_c.egg-info/SOURCES.txt'
[7.087s] [07/10/25 15:03:42] ERROR    listing git files failed - pretending     git.py:26
[7.087s]                              there aren't any                                   
[7.099s] writing manifest file 'drone_c.egg-info/SOURCES.txt'
[7.140s] [  2%] Built target drone_c__cpp
[7.156s] [  2%] Built target ament_cmake_python_build_drone_c_egg
[7.166s] [  3%] Generating C++ type support dispatch for ROS interfaces
[7.168s] [  5%] Generating C++ type support for eProsima Fast-RTPS
[7.171s] [  6%] Generating C++ introspection for ROS interfaces
[7.206s] [  7%] Building C object CMakeFiles/drone_c__rosidl_generator_c.dir/rosidl_generator_c/drone_c/msg/detail/motors__functions.c.o
[7.206s] [  8%] Building C object CMakeFiles/drone_c__rosidl_generator_c.dir/rosidl_generator_c/drone_c/msg/detail/imu_filter__functions.c.o
[7.207s] [ 10%] Building C object CMakeFiles/drone_c__rosidl_generator_c.dir/rosidl_generator_c/drone_c/msg/detail/euler_angles__functions.c.o
[7.207s] [ 11%] Building C object CMakeFiles/drone_c__rosidl_generator_c.dir/rosidl_generator_c/drone_c/msg/detail/drone_header__functions.c.o
[7.209s] [ 12%] Building C object CMakeFiles/drone_c__rosidl_generator_c.dir/rosidl_generator_c/drone_c/msg/detail/pid__functions.c.o
[7.210s] [ 13%] Building C object CMakeFiles/drone_c__rosidl_generator_c.dir/rosidl_generator_c/drone_c/msg/detail/pid_consts__functions.c.o
[7.212s] [ 15%] Building C object CMakeFiles/drone_c__rosidl_generator_c.dir/rosidl_generator_c/drone_c/msg/detail/filter__functions.c.o
[7.327s] [ 16%] Linking C shared library libdrone_c__rosidl_generator_c.dylib
[7.368s] ld: warning: -pie being ignored. It is only used when linking a main executable
[7.399s] [ 16%] Built target drone_c__rosidl_generator_c
[7.426s] [ 18%] Generating C introspection for ROS interfaces
[7.426s] [ 18%] Generating C type support for eProsima Fast-RTPS
[7.429s] [ 20%] Generating C type support dispatch for ROS interfaces
[7.482s] [ 22%] Building CXX object CMakeFiles/drone_c__rosidl_typesupport_cpp.dir/rosidl_typesupport_cpp/drone_c/msg/pid__type_support.cpp.o
[7.482s] [ 22%] Building CXX object CMakeFiles/drone_c__rosidl_typesupport_cpp.dir/rosidl_typesupport_cpp/drone_c/msg/motors__type_support.cpp.o
[7.487s] [ 24%] Building CXX object CMakeFiles/drone_c__rosidl_typesupport_cpp.dir/rosidl_typesupport_cpp/drone_c/msg/euler_angles__type_support.cpp.o
[7.489s] [ 25%] Building CXX object CMakeFiles/drone_c__rosidl_typesupport_cpp.dir/rosidl_typesupport_cpp/drone_c/msg/pid_consts__type_support.cpp.o
[7.490s] [ 26%] Building CXX object CMakeFiles/drone_c__rosidl_typesupport_cpp.dir/rosidl_typesupport_cpp/drone_c/msg/imu_filter__type_support.cpp.o
[7.778s] [ 27%] Building CXX object CMakeFiles/drone_c__rosidl_typesupport_introspection_cpp.dir/rosidl_typesupport_introspection_cpp/drone_c/msg/detail/pid__type_support.cpp.o
[7.794s] [ 29%] Building CXX object CMakeFiles/drone_c__rosidl_typesupport_fastrtps_cpp.dir/rosidl_typesupport_fastrtps_cpp/drone_c/msg/detail/dds_fastrtps/pid__type_support.cpp.o
[7.857s] [ 30%] Building CXX object CMakeFiles/drone_c__rosidl_typesupport_cpp.dir/rosidl_typesupport_cpp/drone_c/msg/drone_header__type_support.cpp.o
[7.865s] [ 31%] Building CXX object CMakeFiles/drone_c__rosidl_typesupport_cpp.dir/rosidl_typesupport_cpp/drone_c/msg/filter__type_support.cpp.o
[7.874s] [ 32%] Building CXX object CMakeFiles/drone_c__rosidl_typesupport_c.dir/rosidl_typesupport_c/drone_c/msg/pid__type_support.cpp.o
[7.909s] [ 34%] Building CXX object CMakeFiles/drone_c__rosidl_typesupport_introspection_cpp.dir/rosidl_typesupport_introspection_cpp/drone_c/msg/detail/euler_angles__type_support.cpp.o
[7.927s] [ 35%] Building CXX object CMakeFiles/drone_c__rosidl_typesupport_c.dir/rosidl_typesupport_c/drone_c/msg/euler_angles__type_support.cpp.o
[7.941s] [ 36%] Building CXX object CMakeFiles/drone_c__rosidl_typesupport_c.dir/rosidl_typesupport_c/drone_c/msg/motors__type_support.cpp.o
[7.955s] [ 37%] Building CXX object CMakeFiles/drone_c__rosidl_typesupport_introspection_cpp.dir/rosidl_typesupport_introspection_cpp/drone_c/msg/detail/motors__type_support.cpp.o
[7.983s] [ 39%] Building CXX object CMakeFiles/drone_c__rosidl_typesupport_fastrtps_c.dir/rosidl_typesupport_fastrtps_c/drone_c/msg/detail/euler_angles__type_support_c.cpp.o
[7.990s] [ 40%] Building C object CMakeFiles/drone_c__rosidl_typesupport_introspection_c.dir/rosidl_typesupport_introspection_c/drone_c/msg/detail/pid__type_support.c.o
[7.994s] [ 41%] Building CXX object CMakeFiles/drone_c__rosidl_typesupport_fastrtps_c.dir/rosidl_typesupport_fastrtps_c/drone_c/msg/detail/pid__type_support_c.cpp.o
[8.005s] [ 43%] Building CXX object CMakeFiles/drone_c__rosidl_typesupport_c.dir/rosidl_typesupport_c/drone_c/msg/imu_filter__type_support.cpp.o
[8.065s] [ 44%] Building C object CMakeFiles/drone_c__rosidl_typesupport_introspection_c.dir/rosidl_typesupport_introspection_c/drone_c/msg/detail/euler_angles__type_support.c.o
[8.065s] [ 45%] Building CXX object CMakeFiles/drone_c__rosidl_typesupport_c.dir/rosidl_typesupport_c/drone_c/msg/pid_consts__type_support.cpp.o
[8.122s] [ 46%] Building C object CMakeFiles/drone_c__rosidl_typesupport_introspection_c.dir/rosidl_typesupport_introspection_c/drone_c/msg/detail/motors__type_support.c.o
[8.125s] [ 48%] Building CXX object CMakeFiles/drone_c__rosidl_typesupport_c.dir/rosidl_typesupport_c/drone_c/msg/drone_header__type_support.cpp.o
[8.141s] [ 49%] Building CXX object CMakeFiles/drone_c__rosidl_typesupport_introspection_cpp.dir/rosidl_typesupport_introspection_cpp/drone_c/msg/detail/imu_filter__type_support.cpp.o
[8.166s] [ 50%] Building CXX object CMakeFiles/drone_c__rosidl_typesupport_introspection_cpp.dir/rosidl_typesupport_introspection_cpp/drone_c/msg/detail/pid_consts__type_support.cpp.o
[8.196s] [ 51%] Building CXX object CMakeFiles/drone_c__rosidl_typesupport_c.dir/rosidl_typesupport_c/drone_c/msg/filter__type_support.cpp.o
[8.199s] [ 53%] Linking CXX shared library libdrone_c__rosidl_typesupport_cpp.dylib
[8.206s] [ 54%] Building C object CMakeFiles/drone_c__rosidl_typesupport_introspection_c.dir/rosidl_typesupport_introspection_c/drone_c/msg/detail/imu_filter__type_support.c.o
[8.229s] [ 55%] Building CXX object CMakeFiles/drone_c__rosidl_typesupport_introspection_cpp.dir/rosidl_typesupport_introspection_cpp/drone_c/msg/detail/drone_header__type_support.cpp.o
[8.238s] [ 56%] Building CXX object CMakeFiles/drone_c__rosidl_typesupport_fastrtps_cpp.dir/rosidl_typesupport_fastrtps_cpp/drone_c/msg/detail/dds_fastrtps/euler_angles__type_support.cpp.o
[8.253s] ld: warning: -pie being ignored. It is only used when linking a main executable
[8.261s] [ 58%] Building CXX object CMakeFiles/drone_c__rosidl_typesupport_fastrtps_cpp.dir/rosidl_typesupport_fastrtps_cpp/drone_c/msg/detail/dds_fastrtps/motors__type_support.cpp.o
[8.264s] [ 59%] Linking CXX shared library libdrone_c__rosidl_typesupport_c.dylib
[8.273s] [ 60%] Building C object CMakeFiles/drone_c__rosidl_typesupport_introspection_c.dir/rosidl_typesupport_introspection_c/drone_c/msg/detail/pid_consts__type_support.c.o
[8.311s] [ 60%] Built target drone_c__rosidl_typesupport_cpp
[8.321s] ld: warning: -pie being ignored. It is only used when linking a main executable
[8.341s] [ 62%] Building CXX object CMakeFiles/drone_c__rosidl_typesupport_fastrtps_c.dir/rosidl_typesupport_fastrtps_c/drone_c/msg/detail/motors__type_support_c.cpp.o
[8.365s] [ 63%] Building C object CMakeFiles/drone_c__rosidl_typesupport_introspection_c.dir/rosidl_typesupport_introspection_c/drone_c/msg/detail/drone_header__type_support.c.o
[8.387s] [ 63%] Built target drone_c__rosidl_typesupport_c
[8.399s] [ 64%] Building CXX object CMakeFiles/drone_c__rosidl_typesupport_introspection_cpp.dir/rosidl_typesupport_introspection_cpp/drone_c/msg/detail/filter__type_support.cpp.o
[8.414s] [ 65%] Building CXX object CMakeFiles/drone_c__rosidl_typesupport_fastrtps_c.dir/rosidl_typesupport_fastrtps_c/drone_c/msg/detail/imu_filter__type_support_c.cpp.o
[8.422s] [ 67%] Building CXX object CMakeFiles/drone_c__rosidl_typesupport_fastrtps_c.dir/rosidl_typesupport_fastrtps_c/drone_c/msg/detail/pid_consts__type_support_c.cpp.o
[8.428s] [ 68%] Building CXX object CMakeFiles/drone_c__rosidl_typesupport_fastrtps_c.dir/rosidl_typesupport_fastrtps_c/drone_c/msg/detail/drone_header__type_support_c.cpp.o
[8.428s] [ 69%] Building C object CMakeFiles/drone_c__rosidl_typesupport_introspection_c.dir/rosidl_typesupport_introspection_c/drone_c/msg/detail/filter__type_support.c.o
[8.510s] [ 70%] Linking C shared library libdrone_c__rosidl_typesupport_introspection_c.dylib
[8.527s] [ 72%] Building CXX object CMakeFiles/drone_c__rosidl_typesupport_fastrtps_c.dir/rosidl_typesupport_fastrtps_c/drone_c/msg/detail/filter__type_support_c.cpp.o
[8.537s] [ 73%] Building CXX object CMakeFiles/drone_c__rosidl_typesupport_fastrtps_cpp.dir/rosidl_typesupport_fastrtps_cpp/drone_c/msg/detail/dds_fastrtps/imu_filter__type_support.cpp.o
[8.572s] ld: warning: -pie being ignored. It is only used when linking a main executable
[8.635s] [ 73%] Built target drone_c__rosidl_typesupport_introspection_c
[8.639s] [ 74%] Building CXX object CMakeFiles/drone_c__rosidl_typesupport_fastrtps_cpp.dir/rosidl_typesupport_fastrtps_cpp/drone_c/msg/detail/dds_fastrtps/pid_consts__type_support.cpp.o
[8.662s] [ 75%] Building CXX object CMakeFiles/drone_c__rosidl_typesupport_fastrtps_cpp.dir/rosidl_typesupport_fastrtps_cpp/drone_c/msg/detail/dds_fastrtps/drone_header__type_support.cpp.o
[8.703s] [ 77%] Building CXX object CMakeFiles/drone_c__rosidl_typesupport_fastrtps_cpp.dir/rosidl_typesupport_fastrtps_cpp/drone_c/msg/detail/dds_fastrtps/filter__type_support.cpp.o
[8.744s] [ 78%] Linking CXX shared library libdrone_c__rosidl_typesupport_introspection_cpp.dylib
[8.795s] ld: warning: -pie being ignored. It is only used when linking a main executable
[8.833s] [ 78%] Built target drone_c__rosidl_typesupport_introspection_cpp
[8.905s] [ 79%] Linking CXX shared library libdrone_c__rosidl_typesupport_fastrtps_c.dylib
[8.943s] ld: warning: -pie being ignored. It is only used when linking a main executable
[8.977s] [ 79%] Built target drone_c__rosidl_typesupport_fastrtps_c
[9.031s] [ 81%] Linking CXX shared library libdrone_c__rosidl_typesupport_fastrtps_cpp.dylib
[9.070s] ld: warning: -pie being ignored. It is only used when linking a main executable
[9.102s] [ 81%] Built target drone_c__rosidl_typesupport_fastrtps_cpp
[9.135s] [ 81%] Built target drone_c
[9.168s] [ 82%] Generating Python code for ROS interfaces
[9.718s] [ 82%] Built target drone_c__py
[9.753s] [ 83%] Building C object CMakeFiles/drone_c__rosidl_generator_py.dir/rosidl_generator_py/drone_c/msg/_pid_s.c.o
[9.754s] [ 84%] Building C object CMakeFiles/drone_c__rosidl_generator_py.dir/rosidl_generator_py/drone_c/msg/_motors_s.c.o
[9.754s] [ 87%] Building C object CMakeFiles/drone_c__rosidl_generator_py.dir/rosidl_generator_py/drone_c/msg/_drone_header_s.c.o
[9.754s] [ 87%] Building C object CMakeFiles/drone_c__rosidl_generator_py.dir/rosidl_generator_py/drone_c/msg/_filter_s.c.o
[9.757s] [ 89%] Building C object CMakeFiles/drone_c__rosidl_generator_py.dir/rosidl_generator_py/drone_c/msg/_euler_angles_s.c.o
[9.757s] [ 89%] Building C object CMakeFiles/drone_c__rosidl_generator_py.dir/rosidl_generator_py/drone_c/msg/_imu_filter_s.c.o
[9.758s] [ 91%] Building C object CMakeFiles/drone_c__rosidl_generator_py.dir/rosidl_generator_py/drone_c/msg/_pid_consts_s.c.o
[9.886s] [ 92%] Linking C shared library rosidl_generator_py/drone_c/libdrone_c__rosidl_generator_py.dylib
[9.926s] ld: warning: -pie being ignored. It is only used when linking a main executable
[9.956s] [ 92%] Built target drone_c__rosidl_generator_py
[9.992s] [ 93%] Building C object CMakeFiles/drone_c__rosidl_typesupport_introspection_c__pyext.dir/rosidl_generator_py/drone_c/_drone_c_s.ep.rosidl_typesupport_introspection_c.c.o
[9.993s] [ 96%] Building C object CMakeFiles/drone_c__rosidl_typesupport_c__pyext.dir/rosidl_generator_py/drone_c/_drone_c_s.ep.rosidl_typesupport_c.c.o
[9.993s] [ 96%] Building C object CMakeFiles/drone_c__rosidl_typesupport_fastrtps_c__pyext.dir/rosidl_generator_py/drone_c/_drone_c_s.ep.rosidl_typesupport_fastrtps_c.c.o
[10.092s] [ 97%] Linking C shared library rosidl_generator_py/drone_c/drone_c_s__rosidl_typesupport_c.cpython-310-darwin.so
[10.092s] [ 98%] Linking C shared library rosidl_generator_py/drone_c/drone_c_s__rosidl_typesupport_fastrtps_c.cpython-310-darwin.so
[10.092s] [100%] Linking C shared library rosidl_generator_py/drone_c/drone_c_s__rosidl_typesupport_introspection_c.cpython-310-darwin.so
[10.133s] ld: warning: -pie being ignored. It is only used when linking a main executable
[10.135s] ld: warning: -pie being ignored. It is only used when linking a main executable
[10.135s] ld: warning: -pie being ignored. It is only used when linking a main executable
[10.167s] [100%] Built target drone_c__rosidl_typesupport_c__pyext
[10.167s] [100%] Built target drone_c__rosidl_typesupport_introspection_c__pyext
[10.167s] [100%] Built target drone_c__rosidl_typesupport_fastrtps_c__pyext
[10.185s] Invoked command in '/Users/amitgedj/Library/CloudStorage/OneDrive-Personal/University/MsC/Thesis/GitHub/ROS_files/build/drone_c' returned '0': CONDA_PROMPT_MODIFIER=(ros2) SHLVL=2 _=/opt/anaconda3/envs/ros2/bin/env __CF_USER_TEXT_ENCODING=0x1F5:0x0:0x0 /opt/anaconda3/envs/ros2/bin/cmake --build /Users/amitgedj/Library/CloudStorage/OneDrive-Personal/University/MsC/Thesis/GitHub/ROS_files/build/drone_c -- -j10 -l10
[10.785s] Invoking command in '/Users/amitgedj/Library/CloudStorage/OneDrive-Personal/University/MsC/Thesis/GitHub/ROS_files/build/drone_c': CONDA_PROMPT_MODIFIER=(ros2) SHLVL=2 _=/opt/anaconda3/envs/ros2/bin/env __CF_USER_TEXT_ENCODING=0x1F5:0x0:0x0 /opt/anaconda3/envs/ros2/bin/cmake --install /Users/amitgedj/Library/CloudStorage/OneDrive-Personal/University/MsC/Thesis/GitHub/ROS_files/build/drone_c
[10.795s] -- Install configuration: ""
[10.796s] -- Execute custom install script
[10.796s] -- Symlinking: /Users/amitgedj/Library/CloudStorage/OneDrive-Personal/University/MsC/Thesis/GitHub/ROS_files/install/drone_c/share/ament_index/resource_index/rosidl_interfaces/drone_c
[10.809s] -- Symlinking: /Users/amitgedj/Library/CloudStorage/OneDrive-Personal/University/MsC/Thesis/GitHub/ROS_files/install/drone_c/include/drone_c/drone_c/msg/detail/drone_header__functions.h
[10.819s] -- Symlinking: /Users/amitgedj/Library/CloudStorage/OneDrive-Personal/University/MsC/Thesis/GitHub/ROS_files/install/drone_c/include/drone_c/drone_c/msg/detail/drone_header__struct.h
[10.830s] -- Symlinking: /Users/amitgedj/Library/CloudStorage/OneDrive-Personal/University/MsC/Thesis/GitHub/ROS_files/install/drone_c/include/drone_c/drone_c/msg/detail/drone_header__type_support.h
[10.840s] -- Symlinking: /Users/amitgedj/Library/CloudStorage/OneDrive-Personal/University/MsC/Thesis/GitHub/ROS_files/install/drone_c/include/drone_c/drone_c/msg/detail/euler_angles__functions.h
[10.850s] -- Symlinking: /Users/amitgedj/Library/CloudStorage/OneDrive-Personal/University/MsC/Thesis/GitHub/ROS_files/install/drone_c/include/drone_c/drone_c/msg/detail/euler_angles__struct.h
[10.861s] -- Symlinking: /Users/amitgedj/Library/CloudStorage/OneDrive-Personal/University/MsC/Thesis/GitHub/ROS_files/install/drone_c/include/drone_c/drone_c/msg/detail/euler_angles__type_support.h
[10.871s] -- Symlinking: /Users/amitgedj/Library/CloudStorage/OneDrive-Personal/University/MsC/Thesis/GitHub/ROS_files/install/drone_c/include/drone_c/drone_c/msg/detail/filter__functions.h
[10.882s] -- Symlinking: /Users/amitgedj/Library/CloudStorage/OneDrive-Personal/University/MsC/Thesis/GitHub/ROS_files/install/drone_c/include/drone_c/drone_c/msg/detail/filter__struct.h
[10.893s] -- Symlinking: /Users/amitgedj/Library/CloudStorage/OneDrive-Personal/University/MsC/Thesis/GitHub/ROS_files/install/drone_c/include/drone_c/drone_c/msg/detail/filter__type_support.h
[10.904s] -- Symlinking: /Users/amitgedj/Library/CloudStorage/OneDrive-Personal/University/MsC/Thesis/GitHub/ROS_files/install/drone_c/include/drone_c/drone_c/msg/detail/imu_filter__functions.h
[10.914s] -- Symlinking: /Users/amitgedj/Library/CloudStorage/OneDrive-Personal/University/MsC/Thesis/GitHub/ROS_files/install/drone_c/include/drone_c/drone_c/msg/detail/imu_filter__struct.h
[10.924s] -- Symlinking: /Users/amitgedj/Library/CloudStorage/OneDrive-Personal/University/MsC/Thesis/GitHub/ROS_files/install/drone_c/include/drone_c/drone_c/msg/detail/imu_filter__type_support.h
[10.935s] -- Symlinking: /Users/amitgedj/Library/CloudStorage/OneDrive-Personal/University/MsC/Thesis/GitHub/ROS_files/install/drone_c/include/drone_c/drone_c/msg/detail/motors__functions.h
[10.945s] -- Symlinking: /Users/amitgedj/Library/CloudStorage/OneDrive-Personal/University/MsC/Thesis/GitHub/ROS_files/install/drone_c/include/drone_c/drone_c/msg/detail/motors__struct.h
[10.956s] -- Symlinking: /Users/amitgedj/Library/CloudStorage/OneDrive-Personal/University/MsC/Thesis/GitHub/ROS_files/install/drone_c/include/drone_c/drone_c/msg/detail/motors__type_support.h
[10.967s] -- Symlinking: /Users/amitgedj/Library/CloudStorage/OneDrive-Personal/University/MsC/Thesis/GitHub/ROS_files/install/drone_c/include/drone_c/drone_c/msg/detail/pid__functions.h
[10.978s] -- Symlinking: /Users/amitgedj/Library/CloudStorage/OneDrive-Personal/University/MsC/Thesis/GitHub/ROS_files/install/drone_c/include/drone_c/drone_c/msg/detail/pid__struct.h
[10.990s] -- Symlinking: /Users/amitgedj/Library/CloudStorage/OneDrive-Personal/University/MsC/Thesis/GitHub/ROS_files/install/drone_c/include/drone_c/drone_c/msg/detail/pid__type_support.h
[11.001s] -- Symlinking: /Users/amitgedj/Library/CloudStorage/OneDrive-Personal/University/MsC/Thesis/GitHub/ROS_files/install/drone_c/include/drone_c/drone_c/msg/detail/pid_consts__functions.h
[11.012s] -- Symlinking: /Users/amitgedj/Library/CloudStorage/OneDrive-Personal/University/MsC/Thesis/GitHub/ROS_files/install/drone_c/include/drone_c/drone_c/msg/detail/pid_consts__struct.h
[11.022s] -- Symlinking: /Users/amitgedj/Library/CloudStorage/OneDrive-Personal/University/MsC/Thesis/GitHub/ROS_files/install/drone_c/include/drone_c/drone_c/msg/detail/pid_consts__type_support.h
[11.033s] -- Symlinking: /Users/amitgedj/Library/CloudStorage/OneDrive-Personal/University/MsC/Thesis/GitHub/ROS_files/install/drone_c/include/drone_c/drone_c/msg/drone_header.h
[11.044s] -- Symlinking: /Users/amitgedj/Library/CloudStorage/OneDrive-Personal/University/MsC/Thesis/GitHub/ROS_files/install/drone_c/include/drone_c/drone_c/msg/euler_angles.h
[11.055s] -- Symlinking: /Users/amitgedj/Library/CloudStorage/OneDrive-Personal/University/MsC/Thesis/GitHub/ROS_files/install/drone_c/include/drone_c/drone_c/msg/filter.h
[11.065s] -- Symlinking: /Users/amitgedj/Library/CloudStorage/OneDrive-Personal/University/MsC/Thesis/GitHub/ROS_files/install/drone_c/include/drone_c/drone_c/msg/imu_filter.h
[11.076s] -- Symlinking: /Users/amitgedj/Library/CloudStorage/OneDrive-Personal/University/MsC/Thesis/GitHub/ROS_files/install/drone_c/include/drone_c/drone_c/msg/motors.h
[11.086s] -- Symlinking: /Users/amitgedj/Library/CloudStorage/OneDrive-Personal/University/MsC/Thesis/GitHub/ROS_files/install/drone_c/include/drone_c/drone_c/msg/pid.h
[11.096s] -- Symlinking: /Users/amitgedj/Library/CloudStorage/OneDrive-Personal/University/MsC/Thesis/GitHub/ROS_files/install/drone_c/include/drone_c/drone_c/msg/pid_consts.h
[11.107s] -- Symlinking: /Users/amitgedj/Library/CloudStorage/OneDrive-Personal/University/MsC/Thesis/GitHub/ROS_files/install/drone_c/include/drone_c/drone_c/msg/rosidl_generator_c__visibility_control.h
[11.118s] -- Symlinking: /Users/amitgedj/Library/CloudStorage/OneDrive-Personal/University/MsC/Thesis/GitHub/ROS_files/install/drone_c/include/drone_c/drone_c/msg/detail/drone_header__rosidl_typesupport_fastrtps_c.h
[11.129s] -- Symlinking: /Users/amitgedj/Library/CloudStorage/OneDrive-Personal/University/MsC/Thesis/GitHub/ROS_files/install/drone_c/include/drone_c/drone_c/msg/detail/euler_angles__rosidl_typesupport_fastrtps_c.h
[11.139s] -- Symlinking: /Users/amitgedj/Library/CloudStorage/OneDrive-Personal/University/MsC/Thesis/GitHub/ROS_files/install/drone_c/include/drone_c/drone_c/msg/detail/filter__rosidl_typesupport_fastrtps_c.h
[11.150s] -- Symlinking: /Users/amitgedj/Library/CloudStorage/OneDrive-Personal/University/MsC/Thesis/GitHub/ROS_files/install/drone_c/include/drone_c/drone_c/msg/detail/imu_filter__rosidl_typesupport_fastrtps_c.h
[11.160s] -- Symlinking: /Users/amitgedj/Library/CloudStorage/OneDrive-Personal/University/MsC/Thesis/GitHub/ROS_files/install/drone_c/include/drone_c/drone_c/msg/detail/motors__rosidl_typesupport_fastrtps_c.h
[11.171s] -- Symlinking: /Users/amitgedj/Library/CloudStorage/OneDrive-Personal/University/MsC/Thesis/GitHub/ROS_files/install/drone_c/include/drone_c/drone_c/msg/detail/pid__rosidl_typesupport_fastrtps_c.h
[11.182s] -- Symlinking: /Users/amitgedj/Library/CloudStorage/OneDrive-Personal/University/MsC/Thesis/GitHub/ROS_files/install/drone_c/include/drone_c/drone_c/msg/detail/pid_consts__rosidl_typesupport_fastrtps_c.h
[11.194s] -- Symlinking: /Users/amitgedj/Library/CloudStorage/OneDrive-Personal/University/MsC/Thesis/GitHub/ROS_files/install/drone_c/include/drone_c/drone_c/msg/rosidl_typesupport_fastrtps_c__visibility_control.h
[11.206s] -- Symlinking: /Users/amitgedj/Library/CloudStorage/OneDrive-Personal/University/MsC/Thesis/GitHub/ROS_files/install/drone_c/include/drone_c/drone_c/msg/detail/drone_header__builder.hpp
[11.217s] -- Symlinking: /Users/amitgedj/Library/CloudStorage/OneDrive-Personal/University/MsC/Thesis/GitHub/ROS_files/install/drone_c/include/drone_c/drone_c/msg/detail/drone_header__struct.hpp
[11.228s] -- Symlinking: /Users/amitgedj/Library/CloudStorage/OneDrive-Personal/University/MsC/Thesis/GitHub/ROS_files/install/drone_c/include/drone_c/drone_c/msg/detail/drone_header__traits.hpp
[11.239s] -- Symlinking: /Users/amitgedj/Library/CloudStorage/OneDrive-Personal/University/MsC/Thesis/GitHub/ROS_files/install/drone_c/include/drone_c/drone_c/msg/detail/euler_angles__builder.hpp
[11.249s] -- Symlinking: /Users/amitgedj/Library/CloudStorage/OneDrive-Personal/University/MsC/Thesis/GitHub/ROS_files/install/drone_c/include/drone_c/drone_c/msg/detail/euler_angles__struct.hpp
[11.261s] -- Symlinking: /Users/amitgedj/Library/CloudStorage/OneDrive-Personal/University/MsC/Thesis/GitHub/ROS_files/install/drone_c/include/drone_c/drone_c/msg/detail/euler_angles__traits.hpp
[11.271s] -- Symlinking: /Users/amitgedj/Library/CloudStorage/OneDrive-Personal/University/MsC/Thesis/GitHub/ROS_files/install/drone_c/include/drone_c/drone_c/msg/detail/filter__builder.hpp
[11.282s] -- Symlinking: /Users/amitgedj/Library/CloudStorage/OneDrive-Personal/University/MsC/Thesis/GitHub/ROS_files/install/drone_c/include/drone_c/drone_c/msg/detail/filter__struct.hpp
[11.293s] -- Symlinking: /Users/amitgedj/Library/CloudStorage/OneDrive-Personal/University/MsC/Thesis/GitHub/ROS_files/install/drone_c/include/drone_c/drone_c/msg/detail/filter__traits.hpp
[11.303s] -- Symlinking: /Users/amitgedj/Library/CloudStorage/OneDrive-Personal/University/MsC/Thesis/GitHub/ROS_files/install/drone_c/include/drone_c/drone_c/msg/detail/imu_filter__builder.hpp
[11.314s] -- Symlinking: /Users/amitgedj/Library/CloudStorage/OneDrive-Personal/University/MsC/Thesis/GitHub/ROS_files/install/drone_c/include/drone_c/drone_c/msg/detail/imu_filter__struct.hpp
[11.324s] -- Symlinking: /Users/amitgedj/Library/CloudStorage/OneDrive-Personal/University/MsC/Thesis/GitHub/ROS_files/install/drone_c/include/drone_c/drone_c/msg/detail/imu_filter__traits.hpp
[11.335s] -- Symlinking: /Users/amitgedj/Library/CloudStorage/OneDrive-Personal/University/MsC/Thesis/GitHub/ROS_files/install/drone_c/include/drone_c/drone_c/msg/detail/motors__builder.hpp
[11.345s] -- Symlinking: /Users/amitgedj/Library/CloudStorage/OneDrive-Personal/University/MsC/Thesis/GitHub/ROS_files/install/drone_c/include/drone_c/drone_c/msg/detail/motors__struct.hpp
[11.356s] -- Symlinking: /Users/amitgedj/Library/CloudStorage/OneDrive-Personal/University/MsC/Thesis/GitHub/ROS_files/install/drone_c/include/drone_c/drone_c/msg/detail/motors__traits.hpp
[11.368s] -- Symlinking: /Users/amitgedj/Library/CloudStorage/OneDrive-Personal/University/MsC/Thesis/GitHub/ROS_files/install/drone_c/include/drone_c/drone_c/msg/detail/pid__builder.hpp
[11.379s] -- Symlinking: /Users/amitgedj/Library/CloudStorage/OneDrive-Personal/University/MsC/Thesis/GitHub/ROS_files/install/drone_c/include/drone_c/drone_c/msg/detail/pid__struct.hpp
[11.390s] -- Symlinking: /Users/amitgedj/Library/CloudStorage/OneDrive-Personal/University/MsC/Thesis/GitHub/ROS_files/install/drone_c/include/drone_c/drone_c/msg/detail/pid__traits.hpp
[11.402s] -- Symlinking: /Users/amitgedj/Library/CloudStorage/OneDrive-Personal/University/MsC/Thesis/GitHub/ROS_files/install/drone_c/include/drone_c/drone_c/msg/detail/pid_consts__builder.hpp
[11.412s] -- Symlinking: /Users/amitgedj/Library/CloudStorage/OneDrive-Personal/University/MsC/Thesis/GitHub/ROS_files/install/drone_c/include/drone_c/drone_c/msg/detail/pid_consts__struct.hpp
[11.423s] -- Symlinking: /Users/amitgedj/Library/CloudStorage/OneDrive-Personal/University/MsC/Thesis/GitHub/ROS_files/install/drone_c/include/drone_c/drone_c/msg/detail/pid_consts__traits.hpp
[11.434s] -- Symlinking: /Users/amitgedj/Library/CloudStorage/OneDrive-Personal/University/MsC/Thesis/GitHub/ROS_files/install/drone_c/include/drone_c/drone_c/msg/drone_header.hpp
[11.445s] -- Symlinking: /Users/amitgedj/Library/CloudStorage/OneDrive-Personal/University/MsC/Thesis/GitHub/ROS_files/install/drone_c/include/drone_c/drone_c/msg/euler_angles.hpp
[11.457s] -- Symlinking: /Users/amitgedj/Library/CloudStorage/OneDrive-Personal/University/MsC/Thesis/GitHub/ROS_files/install/drone_c/include/drone_c/drone_c/msg/filter.hpp
[11.469s] -- Symlinking: /Users/amitgedj/Library/CloudStorage/OneDrive-Personal/University/MsC/Thesis/GitHub/ROS_files/install/drone_c/include/drone_c/drone_c/msg/imu_filter.hpp
[11.480s] -- Symlinking: /Users/amitgedj/Library/CloudStorage/OneDrive-Personal/University/MsC/Thesis/GitHub/ROS_files/install/drone_c/include/drone_c/drone_c/msg/motors.hpp
[11.491s] -- Symlinking: /Users/amitgedj/Library/CloudStorage/OneDrive-Personal/University/MsC/Thesis/GitHub/ROS_files/install/drone_c/include/drone_c/drone_c/msg/pid.hpp
[11.502s] -- Symlinking: /Users/amitgedj/Library/CloudStorage/OneDrive-Personal/University/MsC/Thesis/GitHub/ROS_files/install/drone_c/include/drone_c/drone_c/msg/pid_consts.hpp
[11.514s] -- Symlinking: /Users/amitgedj/Library/CloudStorage/OneDrive-Personal/University/MsC/Thesis/GitHub/ROS_files/install/drone_c/include/drone_c/drone_c/msg/detail/drone_header__rosidl_typesupport_fastrtps_cpp.hpp
[11.524s] -- Symlinking: /Users/amitgedj/Library/CloudStorage/OneDrive-Personal/University/MsC/Thesis/GitHub/ROS_files/install/drone_c/include/drone_c/drone_c/msg/detail/euler_angles__rosidl_typesupport_fastrtps_cpp.hpp
[11.535s] -- Symlinking: /Users/amitgedj/Library/CloudStorage/OneDrive-Personal/University/MsC/Thesis/GitHub/ROS_files/install/drone_c/include/drone_c/drone_c/msg/detail/filter__rosidl_typesupport_fastrtps_cpp.hpp
[11.546s] -- Symlinking: /Users/amitgedj/Library/CloudStorage/OneDrive-Personal/University/MsC/Thesis/GitHub/ROS_files/install/drone_c/include/drone_c/drone_c/msg/detail/imu_filter__rosidl_typesupport_fastrtps_cpp.hpp
[11.557s] -- Symlinking: /Users/amitgedj/Library/CloudStorage/OneDrive-Personal/University/MsC/Thesis/GitHub/ROS_files/install/drone_c/include/drone_c/drone_c/msg/detail/motors__rosidl_typesupport_fastrtps_cpp.hpp
[11.568s] -- Symlinking: /Users/amitgedj/Library/CloudStorage/OneDrive-Personal/University/MsC/Thesis/GitHub/ROS_files/install/drone_c/include/drone_c/drone_c/msg/detail/pid__rosidl_typesupport_fastrtps_cpp.hpp
[11.578s] -- Symlinking: /Users/amitgedj/Library/CloudStorage/OneDrive-Personal/University/MsC/Thesis/GitHub/ROS_files/install/drone_c/include/drone_c/drone_c/msg/detail/pid_consts__rosidl_typesupport_fastrtps_cpp.hpp
[11.589s] -- Symlinking: /Users/amitgedj/Library/CloudStorage/OneDrive-Personal/University/MsC/Thesis/GitHub/ROS_files/install/drone_c/include/drone_c/drone_c/msg/rosidl_typesupport_fastrtps_cpp__visibility_control.h
[11.600s] -- Symlinking: /Users/amitgedj/Library/CloudStorage/OneDrive-Personal/University/MsC/Thesis/GitHub/ROS_files/install/drone_c/include/drone_c/drone_c/msg/detail/drone_header__rosidl_typesupport_introspection_c.h
[11.611s] -- Symlinking: /Users/amitgedj/Library/CloudStorage/OneDrive-Personal/University/MsC/Thesis/GitHub/ROS_files/install/drone_c/include/drone_c/drone_c/msg/detail/euler_angles__rosidl_typesupport_introspection_c.h
[11.622s] -- Symlinking: /Users/amitgedj/Library/CloudStorage/OneDrive-Personal/University/MsC/Thesis/GitHub/ROS_files/install/drone_c/include/drone_c/drone_c/msg/detail/filter__rosidl_typesupport_introspection_c.h
[11.634s] -- Symlinking: /Users/amitgedj/Library/CloudStorage/OneDrive-Personal/University/MsC/Thesis/GitHub/ROS_files/install/drone_c/include/drone_c/drone_c/msg/detail/imu_filter__rosidl_typesupport_introspection_c.h
[11.645s] -- Symlinking: /Users/amitgedj/Library/CloudStorage/OneDrive-Personal/University/MsC/Thesis/GitHub/ROS_files/install/drone_c/include/drone_c/drone_c/msg/detail/motors__rosidl_typesupport_introspection_c.h
[11.656s] -- Symlinking: /Users/amitgedj/Library/CloudStorage/OneDrive-Personal/University/MsC/Thesis/GitHub/ROS_files/install/drone_c/include/drone_c/drone_c/msg/detail/pid__rosidl_typesupport_introspection_c.h
[11.668s] -- Symlinking: /Users/amitgedj/Library/CloudStorage/OneDrive-Personal/University/MsC/Thesis/GitHub/ROS_files/install/drone_c/include/drone_c/drone_c/msg/detail/pid_consts__rosidl_typesupport_introspection_c.h
[11.679s] -- Symlinking: /Users/amitgedj/Library/CloudStorage/OneDrive-Personal/University/MsC/Thesis/GitHub/ROS_files/install/drone_c/include/drone_c/drone_c/msg/rosidl_typesupport_introspection_c__visibility_control.h
[11.691s] -- Symlinking: /Users/amitgedj/Library/CloudStorage/OneDrive-Personal/University/MsC/Thesis/GitHub/ROS_files/install/drone_c/include/drone_c/drone_c/msg/detail/drone_header__rosidl_typesupport_introspection_cpp.hpp
[11.702s] -- Symlinking: /Users/amitgedj/Library/CloudStorage/OneDrive-Personal/University/MsC/Thesis/GitHub/ROS_files/install/drone_c/include/drone_c/drone_c/msg/detail/euler_angles__rosidl_typesupport_introspection_cpp.hpp
[11.714s] -- Symlinking: /Users/amitgedj/Library/CloudStorage/OneDrive-Personal/University/MsC/Thesis/GitHub/ROS_files/install/drone_c/include/drone_c/drone_c/msg/detail/filter__rosidl_typesupport_introspection_cpp.hpp
[11.725s] -- Symlinking: /Users/amitgedj/Library/CloudStorage/OneDrive-Personal/University/MsC/Thesis/GitHub/ROS_files/install/drone_c/include/drone_c/drone_c/msg/detail/imu_filter__rosidl_typesupport_introspection_cpp.hpp
[11.736s] -- Symlinking: /Users/amitgedj/Library/CloudStorage/OneDrive-Personal/University/MsC/Thesis/GitHub/ROS_files/install/drone_c/include/drone_c/drone_c/msg/detail/motors__rosidl_typesupport_introspection_cpp.hpp
[11.748s] -- Symlinking: /Users/amitgedj/Library/CloudStorage/OneDrive-Personal/University/MsC/Thesis/GitHub/ROS_files/install/drone_c/include/drone_c/drone_c/msg/detail/pid__rosidl_typesupport_introspection_cpp.hpp
[11.760s] -- Symlinking: /Users/amitgedj/Library/CloudStorage/OneDrive-Personal/University/MsC/Thesis/GitHub/ROS_files/install/drone_c/include/drone_c/drone_c/msg/detail/pid_consts__rosidl_typesupport_introspection_cpp.hpp
[11.772s] -- Symlinking: /Users/amitgedj/Library/CloudStorage/OneDrive-Personal/University/MsC/Thesis/GitHub/ROS_files/install/drone_c/share/drone_c/environment/pythonpath.sh
[11.783s] -- Symlinking: /Users/amitgedj/Library/CloudStorage/OneDrive-Personal/University/MsC/Thesis/GitHub/ROS_files/install/drone_c/share/drone_c/environment/pythonpath.dsv
[11.795s] -- Symlinking: /Users/amitgedj/Library/CloudStorage/OneDrive-Personal/University/MsC/Thesis/GitHub/ROS_files/install/drone_c/lib/python3.10/site-packages/drone_c-0.0.1-py3.10.egg-info/PKG-INFO
[11.807s] -- Symlinking: /Users/amitgedj/Library/CloudStorage/OneDrive-Personal/University/MsC/Thesis/GitHub/ROS_files/install/drone_c/lib/python3.10/site-packages/drone_c-0.0.1-py3.10.egg-info/SOURCES.txt
[11.819s] -- Symlinking: /Users/amitgedj/Library/CloudStorage/OneDrive-Personal/University/MsC/Thesis/GitHub/ROS_files/install/drone_c/lib/python3.10/site-packages/drone_c-0.0.1-py3.10.egg-info/dependency_links.txt
[11.831s] -- Symlinking: /Users/amitgedj/Library/CloudStorage/OneDrive-Personal/University/MsC/Thesis/GitHub/ROS_files/install/drone_c/lib/python3.10/site-packages/drone_c-0.0.1-py3.10.egg-info/top_level.txt
[11.842s] -- Symlinking: /Users/amitgedj/Library/CloudStorage/OneDrive-Personal/University/MsC/Thesis/GitHub/ROS_files/install/drone_c/lib/python3.10/site-packages/drone_c/__init__.py
[11.854s] -- Symlinking: /Users/amitgedj/Library/CloudStorage/OneDrive-Personal/University/MsC/Thesis/GitHub/ROS_files/install/drone_c/lib/python3.10/site-packages/drone_c/_drone_c_s.ep.rosidl_typesupport_c.c
[11.865s] -- Symlinking: /Users/amitgedj/Library/CloudStorage/OneDrive-Personal/University/MsC/Thesis/GitHub/ROS_files/install/drone_c/lib/python3.10/site-packages/drone_c/_drone_c_s.ep.rosidl_typesupport_fastrtps_c.c
[11.876s] -- Symlinking: /Users/amitgedj/Library/CloudStorage/OneDrive-Personal/University/MsC/Thesis/GitHub/ROS_files/install/drone_c/lib/python3.10/site-packages/drone_c/_drone_c_s.ep.rosidl_typesupport_introspection_c.c
[11.887s] -- Symlinking: /Users/amitgedj/Library/CloudStorage/OneDrive-Personal/University/MsC/Thesis/GitHub/ROS_files/install/drone_c/lib/python3.10/site-packages/drone_c/drone_c_s__rosidl_typesupport_c.cpython-310-darwin.so
[11.898s] -- Symlinking: /Users/amitgedj/Library/CloudStorage/OneDrive-Personal/University/MsC/Thesis/GitHub/ROS_files/install/drone_c/lib/python3.10/site-packages/drone_c/drone_c_s__rosidl_typesupport_fastrtps_c.cpython-310-darwin.so
[11.909s] -- Symlinking: /Users/amitgedj/Library/CloudStorage/OneDrive-Personal/University/MsC/Thesis/GitHub/ROS_files/install/drone_c/lib/python3.10/site-packages/drone_c/drone_c_s__rosidl_typesupport_introspection_c.cpython-310-darwin.so
[11.920s] -- Symlinking: /Users/amitgedj/Library/CloudStorage/OneDrive-Personal/University/MsC/Thesis/GitHub/ROS_files/install/drone_c/lib/python3.10/site-packages/drone_c/libdrone_c__rosidl_generator_py.dylib
[11.932s] -- Symlinking: /Users/amitgedj/Library/CloudStorage/OneDrive-Personal/University/MsC/Thesis/GitHub/ROS_files/install/drone_c/lib/python3.10/site-packages/drone_c/msg/__init__.py
[11.943s] -- Symlinking: /Users/amitgedj/Library/CloudStorage/OneDrive-Personal/University/MsC/Thesis/GitHub/ROS_files/install/drone_c/lib/python3.10/site-packages/drone_c/msg/_drone_header.py
[11.954s] -- Symlinking: /Users/amitgedj/Library/CloudStorage/OneDrive-Personal/University/MsC/Thesis/GitHub/ROS_files/install/drone_c/lib/python3.10/site-packages/drone_c/msg/_drone_header_s.c
[11.965s] -- Symlinking: /Users/amitgedj/Library/CloudStorage/OneDrive-Personal/University/MsC/Thesis/GitHub/ROS_files/install/drone_c/lib/python3.10/site-packages/drone_c/msg/_euler_angles.py
[11.976s] -- Symlinking: /Users/amitgedj/Library/CloudStorage/OneDrive-Personal/University/MsC/Thesis/GitHub/ROS_files/install/drone_c/lib/python3.10/site-packages/drone_c/msg/_euler_angles_s.c
[11.988s] -- Symlinking: /Users/amitgedj/Library/CloudStorage/OneDrive-Personal/University/MsC/Thesis/GitHub/ROS_files/install/drone_c/lib/python3.10/site-packages/drone_c/msg/_filter.py
[12.000s] -- Symlinking: /Users/amitgedj/Library/CloudStorage/OneDrive-Personal/University/MsC/Thesis/GitHub/ROS_files/install/drone_c/lib/python3.10/site-packages/drone_c/msg/_filter_s.c
[12.011s] -- Symlinking: /Users/amitgedj/Library/CloudStorage/OneDrive-Personal/University/MsC/Thesis/GitHub/ROS_files/install/drone_c/lib/python3.10/site-packages/drone_c/msg/_imu_filter.py
[12.022s] -- Symlinking: /Users/amitgedj/Library/CloudStorage/OneDrive-Personal/University/MsC/Thesis/GitHub/ROS_files/install/drone_c/lib/python3.10/site-packages/drone_c/msg/_imu_filter_s.c
[12.033s] -- Symlinking: /Users/amitgedj/Library/CloudStorage/OneDrive-Personal/University/MsC/Thesis/GitHub/ROS_files/install/drone_c/lib/python3.10/site-packages/drone_c/msg/_motors.py
[12.045s] -- Symlinking: /Users/amitgedj/Library/CloudStorage/OneDrive-Personal/University/MsC/Thesis/GitHub/ROS_files/install/drone_c/lib/python3.10/site-packages/drone_c/msg/_motors_s.c
[12.056s] -- Symlinking: /Users/amitgedj/Library/CloudStorage/OneDrive-Personal/University/MsC/Thesis/GitHub/ROS_files/install/drone_c/lib/python3.10/site-packages/drone_c/msg/_pid.py
[12.067s] -- Symlinking: /Users/amitgedj/Library/CloudStorage/OneDrive-Personal/University/MsC/Thesis/GitHub/ROS_files/install/drone_c/lib/python3.10/site-packages/drone_c/msg/_pid_consts.py
[12.077s] -- Symlinking: /Users/amitgedj/Library/CloudStorage/OneDrive-Personal/University/MsC/Thesis/GitHub/ROS_files/install/drone_c/lib/python3.10/site-packages/drone_c/msg/_pid_consts_s.c
[12.088s] -- Symlinking: /Users/amitgedj/Library/CloudStorage/OneDrive-Personal/University/MsC/Thesis/GitHub/ROS_files/install/drone_c/lib/python3.10/site-packages/drone_c/msg/_pid_s.c
[12.100s] -- Up-to-date symlink: /Users/amitgedj/Library/CloudStorage/OneDrive-Personal/University/MsC/Thesis/GitHub/ROS_files/install/drone_c/lib/python3.10/site-packages/drone_c/drone_c_s__rosidl_typesupport_fastrtps_c.cpython-310-darwin.so
[12.100s] -- Up-to-date symlink: /Users/amitgedj/Library/CloudStorage/OneDrive-Personal/University/MsC/Thesis/GitHub/ROS_files/install/drone_c/lib/python3.10/site-packages/drone_c/drone_c_s__rosidl_typesupport_introspection_c.cpython-310-darwin.so
[12.101s] -- Up-to-date symlink: /Users/amitgedj/Library/CloudStorage/OneDrive-Personal/University/MsC/Thesis/GitHub/ROS_files/install/drone_c/lib/python3.10/site-packages/drone_c/drone_c_s__rosidl_typesupport_c.cpython-310-darwin.so
[12.101s] -- Symlinking: /Users/amitgedj/Library/CloudStorage/OneDrive-Personal/University/MsC/Thesis/GitHub/ROS_files/install/drone_c/share/drone_c/msg/Pid.idl
[12.112s] -- Symlinking: /Users/amitgedj/Library/CloudStorage/OneDrive-Personal/University/MsC/Thesis/GitHub/ROS_files/install/drone_c/share/drone_c/msg/EulerAngles.idl
[12.123s] -- Symlinking: /Users/amitgedj/Library/CloudStorage/OneDrive-Personal/University/MsC/Thesis/GitHub/ROS_files/install/drone_c/share/drone_c/msg/Motors.idl
[12.135s] -- Symlinking: /Users/amitgedj/Library/CloudStorage/OneDrive-Personal/University/MsC/Thesis/GitHub/ROS_files/install/drone_c/share/drone_c/msg/ImuFilter.idl
[12.145s] -- Symlinking: /Users/amitgedj/Library/CloudStorage/OneDrive-Personal/University/MsC/Thesis/GitHub/ROS_files/install/drone_c/share/drone_c/msg/PidConsts.idl
[12.157s] -- Symlinking: /Users/amitgedj/Library/CloudStorage/OneDrive-Personal/University/MsC/Thesis/GitHub/ROS_files/install/drone_c/share/drone_c/msg/DroneHeader.idl
[12.168s] -- Symlinking: /Users/amitgedj/Library/CloudStorage/OneDrive-Personal/University/MsC/Thesis/GitHub/ROS_files/install/drone_c/share/drone_c/msg/Filter.idl
[12.179s] -- Symlinking: /Users/amitgedj/Library/CloudStorage/OneDrive-Personal/University/MsC/Thesis/GitHub/ROS_files/install/drone_c/share/drone_c/msg/Pid.msg
[12.191s] -- Symlinking: /Users/amitgedj/Library/CloudStorage/OneDrive-Personal/University/MsC/Thesis/GitHub/ROS_files/install/drone_c/share/drone_c/msg/EulerAngles.msg
[12.203s] -- Symlinking: /Users/amitgedj/Library/CloudStorage/OneDrive-Personal/University/MsC/Thesis/GitHub/ROS_files/install/drone_c/share/drone_c/msg/Motors.msg
[12.214s] -- Symlinking: /Users/amitgedj/Library/CloudStorage/OneDrive-Personal/University/MsC/Thesis/GitHub/ROS_files/install/drone_c/share/drone_c/msg/ImuFilter.msg
[12.225s] -- Symlinking: /Users/amitgedj/Library/CloudStorage/OneDrive-Personal/University/MsC/Thesis/GitHub/ROS_files/install/drone_c/share/drone_c/msg/PidConsts.msg
[12.237s] -- Symlinking: /Users/amitgedj/Library/CloudStorage/OneDrive-Personal/University/MsC/Thesis/GitHub/ROS_files/install/drone_c/share/drone_c/msg/DroneHeader.msg
[12.248s] -- Symlinking: /Users/amitgedj/Library/CloudStorage/OneDrive-Personal/University/MsC/Thesis/GitHub/ROS_files/install/drone_c/share/drone_c/msg/Filter.msg
[12.260s] -- Symlinking: /Users/amitgedj/Library/CloudStorage/OneDrive-Personal/University/MsC/Thesis/GitHub/ROS_files/install/drone_c/lib/drone_c/rtcom/__init__.py
[12.272s] -- Symlinking: /Users/amitgedj/Library/CloudStorage/OneDrive-Personal/University/MsC/Thesis/GitHub/ROS_files/install/drone_c/lib/drone_c/rtcom/core.py
[12.284s] -- Symlinking: /Users/amitgedj/Library/CloudStorage/OneDrive-Personal/University/MsC/Thesis/GitHub/ROS_files/install/drone_c/lib/drone_c/rtcom/rtcom_client.py
[12.295s] -- Symlinking: /Users/amitgedj/Library/CloudStorage/OneDrive-Personal/University/MsC/Thesis/GitHub/ROS_files/install/drone_c/lib/drone_c/rtcom/rtcom_server.py
[12.307s] -- Symlinking: /Users/amitgedj/Library/CloudStorage/OneDrive-Personal/University/MsC/Thesis/GitHub/ROS_files/install/drone_c/lib/drone_c/rtcom/utils.py
[12.318s] -- Symlinking: /Users/amitgedj/Library/CloudStorage/OneDrive-Personal/University/MsC/Thesis/GitHub/ROS_files/install/drone_c/lib/drone_c/rtcom_teensy_ros.py
[12.329s] -- Symlinking: /Users/amitgedj/Library/CloudStorage/OneDrive-Personal/University/MsC/Thesis/GitHub/ROS_files/install/drone_c/share/drone_c/launch/drone_launch.launch.py
[12.340s] -- Symlinking: /Users/amitgedj/Library/CloudStorage/OneDrive-Personal/University/MsC/Thesis/GitHub/ROS_files/install/drone_c/share/drone_c/plotjuggler/plotjugller_save.xml
[12.351s] -- Symlinking: /Users/amitgedj/Library/CloudStorage/OneDrive-Personal/University/MsC/Thesis/GitHub/ROS_files/install/drone_c/share/ament_index/resource_index/package_run_dependencies/drone_c
[12.363s] -- Symlinking: /Users/amitgedj/Library/CloudStorage/OneDrive-Personal/University/MsC/Thesis/GitHub/ROS_files/install/drone_c/share/ament_index/resource_index/parent_prefix_path/drone_c
[12.375s] -- Symlinking: /Users/amitgedj/Library/CloudStorage/OneDrive-Personal/University/MsC/Thesis/GitHub/ROS_files/install/drone_c/share/drone_c/environment/ament_prefix_path.sh
[12.386s] -- Symlinking: /Users/amitgedj/Library/CloudStorage/OneDrive-Personal/University/MsC/Thesis/GitHub/ROS_files/install/drone_c/share/drone_c/environment/ament_prefix_path.dsv
[12.397s] -- Symlinking: /Users/amitgedj/Library/CloudStorage/OneDrive-Personal/University/MsC/Thesis/GitHub/ROS_files/install/drone_c/share/drone_c/environment/path.sh
[12.409s] -- Symlinking: /Users/amitgedj/Library/CloudStorage/OneDrive-Personal/University/MsC/Thesis/GitHub/ROS_files/install/drone_c/share/drone_c/environment/path.dsv
[12.420s] -- Symlinking: /Users/amitgedj/Library/CloudStorage/OneDrive-Personal/University/MsC/Thesis/GitHub/ROS_files/install/drone_c/share/drone_c/local_setup.bash
[12.431s] -- Symlinking: /Users/amitgedj/Library/CloudStorage/OneDrive-Personal/University/MsC/Thesis/GitHub/ROS_files/install/drone_c/share/drone_c/local_setup.sh
[12.442s] -- Symlinking: /Users/amitgedj/Library/CloudStorage/OneDrive-Personal/University/MsC/Thesis/GitHub/ROS_files/install/drone_c/share/drone_c/local_setup.zsh
[12.453s] -- Symlinking: /Users/amitgedj/Library/CloudStorage/OneDrive-Personal/University/MsC/Thesis/GitHub/ROS_files/install/drone_c/share/drone_c/local_setup.dsv
[12.465s] -- Symlinking: /Users/amitgedj/Library/CloudStorage/OneDrive-Personal/University/MsC/Thesis/GitHub/ROS_files/install/drone_c/share/drone_c/package.dsv
[12.476s] -- Symlinking: /Users/amitgedj/Library/CloudStorage/OneDrive-Personal/University/MsC/Thesis/GitHub/ROS_files/install/drone_c/share/ament_index/resource_index/packages/drone_c
[12.487s] -- Symlinking: /Users/amitgedj/Library/CloudStorage/OneDrive-Personal/University/MsC/Thesis/GitHub/ROS_files/install/drone_c/share/drone_c/cmake/rosidl_cmake-extras.cmake
[12.499s] -- Symlinking: /Users/amitgedj/Library/CloudStorage/OneDrive-Personal/University/MsC/Thesis/GitHub/ROS_files/install/drone_c/share/drone_c/cmake/ament_cmake_export_dependencies-extras.cmake
[12.510s] -- Symlinking: /Users/amitgedj/Library/CloudStorage/OneDrive-Personal/University/MsC/Thesis/GitHub/ROS_files/install/drone_c/share/drone_c/cmake/ament_cmake_export_include_directories-extras.cmake
[12.522s] -- Symlinking: /Users/amitgedj/Library/CloudStorage/OneDrive-Personal/University/MsC/Thesis/GitHub/ROS_files/install/drone_c/share/drone_c/cmake/ament_cmake_export_libraries-extras.cmake
[12.534s] -- Symlinking: /Users/amitgedj/Library/CloudStorage/OneDrive-Personal/University/MsC/Thesis/GitHub/ROS_files/install/drone_c/share/drone_c/cmake/ament_cmake_export_targets-extras.cmake
[12.546s] -- Symlinking: /Users/amitgedj/Library/CloudStorage/OneDrive-Personal/University/MsC/Thesis/GitHub/ROS_files/install/drone_c/share/drone_c/cmake/rosidl_cmake_export_typesupport_targets-extras.cmake
[12.558s] -- Symlinking: /Users/amitgedj/Library/CloudStorage/OneDrive-Personal/University/MsC/Thesis/GitHub/ROS_files/install/drone_c/share/drone_c/cmake/rosidl_cmake_export_typesupport_libraries-extras.cmake
[12.572s] -- Symlinking: /Users/amitgedj/Library/CloudStorage/OneDrive-Personal/University/MsC/Thesis/GitHub/ROS_files/install/drone_c/share/drone_c/cmake/drone_cConfig.cmake
[12.583s] -- Symlinking: /Users/amitgedj/Library/CloudStorage/OneDrive-Personal/University/MsC/Thesis/GitHub/ROS_files/install/drone_c/share/drone_c/cmake/drone_cConfig-version.cmake
[12.595s] -- Symlinking: /Users/amitgedj/Library/CloudStorage/OneDrive-Personal/University/MsC/Thesis/GitHub/ROS_files/install/drone_c/share/drone_c/package.xml
[12.606s] -- Installing: /Users/amitgedj/Library/CloudStorage/OneDrive-Personal/University/MsC/Thesis/GitHub/ROS_files/install/drone_c/lib/libdrone_c__rosidl_generator_c.dylib
[12.606s] -- Installing: /Users/amitgedj/Library/CloudStorage/OneDrive-Personal/University/MsC/Thesis/GitHub/ROS_files/install/drone_c/lib/libdrone_c__rosidl_typesupport_fastrtps_c.dylib
[12.649s] [cctools-port]: generating fake signature for '/Users/amitgedj/Library/CloudStorage/OneDrive-Personal/University/MsC/Thesis/GitHub/ROS_files/install/drone_c/lib/libdrone_c__rosidl_typesupport_fastrtps_c.dylib'
[12.740s] -- Installing: /Users/amitgedj/Library/CloudStorage/OneDrive-Personal/University/MsC/Thesis/GitHub/ROS_files/install/drone_c/lib/libdrone_c__rosidl_typesupport_fastrtps_cpp.dylib
[12.741s] -- Installing: /Users/amitgedj/Library/CloudStorage/OneDrive-Personal/University/MsC/Thesis/GitHub/ROS_files/install/drone_c/lib/libdrone_c__rosidl_typesupport_introspection_c.dylib
[12.744s] [cctools-port]: generating fake signature for '/Users/amitgedj/Library/CloudStorage/OneDrive-Personal/University/MsC/Thesis/GitHub/ROS_files/install/drone_c/lib/libdrone_c__rosidl_typesupport_introspection_c.dylib'
[12.755s] -- Installing: /Users/amitgedj/Library/CloudStorage/OneDrive-Personal/University/MsC/Thesis/GitHub/ROS_files/install/drone_c/lib/libdrone_c__rosidl_typesupport_c.dylib
[12.758s] [cctools-port]: generating fake signature for '/Users/amitgedj/Library/CloudStorage/OneDrive-Personal/University/MsC/Thesis/GitHub/ROS_files/install/drone_c/lib/libdrone_c__rosidl_typesupport_c.dylib'
[12.768s] -- Installing: /Users/amitgedj/Library/CloudStorage/OneDrive-Personal/University/MsC/Thesis/GitHub/ROS_files/install/drone_c/lib/libdrone_c__rosidl_typesupport_introspection_cpp.dylib
[12.768s] -- Installing: /Users/amitgedj/Library/CloudStorage/OneDrive-Personal/University/MsC/Thesis/GitHub/ROS_files/install/drone_c/lib/libdrone_c__rosidl_typesupport_cpp.dylib
[12.796s] Listing 'lib/python3.10/site-packages/drone_c'...
[12.796s] Can't list 'lib/python3.10/site-packages/drone_c'
[12.799s] -- Installing: /Users/amitgedj/Library/CloudStorage/OneDrive-Personal/University/MsC/Thesis/GitHub/ROS_files/install/drone_c/lib/libdrone_c__rosidl_generator_py.dylib
[12.802s] [cctools-port]: generating fake signature for '/Users/amitgedj/Library/CloudStorage/OneDrive-Personal/University/MsC/Thesis/GitHub/ROS_files/install/drone_c/lib/libdrone_c__rosidl_generator_py.dylib'
[12.812s] -- Installing: /Users/amitgedj/Library/CloudStorage/OneDrive-Personal/University/MsC/Thesis/GitHub/ROS_files/install/drone_c/share/drone_c/cmake/export_drone_c__rosidl_generator_cExport.cmake
[12.813s] -- Installing: /Users/amitgedj/Library/CloudStorage/OneDrive-Personal/University/MsC/Thesis/GitHub/ROS_files/install/drone_c/share/drone_c/cmake/export_drone_c__rosidl_generator_cExport-noconfig.cmake
[12.813s] -- Installing: /Users/amitgedj/Library/CloudStorage/OneDrive-Personal/University/MsC/Thesis/GitHub/ROS_files/install/drone_c/share/drone_c/cmake/export_drone_c__rosidl_typesupport_fastrtps_cExport.cmake
[12.813s] -- Installing: /Users/amitgedj/Library/CloudStorage/OneDrive-Personal/University/MsC/Thesis/GitHub/ROS_files/install/drone_c/share/drone_c/cmake/export_drone_c__rosidl_typesupport_fastrtps_cExport-noconfig.cmake
[12.814s] -- Installing: /Users/amitgedj/Library/CloudStorage/OneDrive-Personal/University/MsC/Thesis/GitHub/ROS_files/install/drone_c/share/drone_c/cmake/export_drone_c__rosidl_generator_cppExport.cmake
[12.814s] -- Installing: /Users/amitgedj/Library/CloudStorage/OneDrive-Personal/University/MsC/Thesis/GitHub/ROS_files/install/drone_c/share/drone_c/cmake/export_drone_c__rosidl_typesupport_fastrtps_cppExport.cmake
[12.814s] -- Installing: /Users/amitgedj/Library/CloudStorage/OneDrive-Personal/University/MsC/Thesis/GitHub/ROS_files/install/drone_c/share/drone_c/cmake/export_drone_c__rosidl_typesupport_fastrtps_cppExport-noconfig.cmake
[12.815s] -- Installing: /Users/amitgedj/Library/CloudStorage/OneDrive-Personal/University/MsC/Thesis/GitHub/ROS_files/install/drone_c/share/drone_c/cmake/drone_c__rosidl_typesupport_introspection_cExport.cmake
[12.815s] -- Installing: /Users/amitgedj/Library/CloudStorage/OneDrive-Personal/University/MsC/Thesis/GitHub/ROS_files/install/drone_c/share/drone_c/cmake/drone_c__rosidl_typesupport_introspection_cExport-noconfig.cmake
[12.816s] -- Installing: /Users/amitgedj/Library/CloudStorage/OneDrive-Personal/University/MsC/Thesis/GitHub/ROS_files/install/drone_c/share/drone_c/cmake/drone_c__rosidl_typesupport_cExport.cmake
[12.816s] -- Installing: /Users/amitgedj/Library/CloudStorage/OneDrive-Personal/University/MsC/Thesis/GitHub/ROS_files/install/drone_c/share/drone_c/cmake/drone_c__rosidl_typesupport_cExport-noconfig.cmake
[12.816s] -- Installing: /Users/amitgedj/Library/CloudStorage/OneDrive-Personal/University/MsC/Thesis/GitHub/ROS_files/install/drone_c/share/drone_c/cmake/drone_c__rosidl_typesupport_introspection_cppExport.cmake
[12.817s] -- Installing: /Users/amitgedj/Library/CloudStorage/OneDrive-Personal/University/MsC/Thesis/GitHub/ROS_files/install/drone_c/share/drone_c/cmake/drone_c__rosidl_typesupport_introspection_cppExport-noconfig.cmake
[12.817s] -- Installing: /Users/amitgedj/Library/CloudStorage/OneDrive-Personal/University/MsC/Thesis/GitHub/ROS_files/install/drone_c/share/drone_c/cmake/drone_c__rosidl_typesupport_cppExport.cmake
[12.818s] -- Installing: /Users/amitgedj/Library/CloudStorage/OneDrive-Personal/University/MsC/Thesis/GitHub/ROS_files/install/drone_c/share/drone_c/cmake/drone_c__rosidl_typesupport_cppExport-noconfig.cmake
[12.818s] -- Installing: /Users/amitgedj/Library/CloudStorage/OneDrive-Personal/University/MsC/Thesis/GitHub/ROS_files/install/drone_c/share/drone_c/cmake/export_drone_c__rosidl_generator_pyExport.cmake
[12.819s] -- Installing: /Users/amitgedj/Library/CloudStorage/OneDrive-Personal/University/MsC/Thesis/GitHub/ROS_files/install/drone_c/share/drone_c/cmake/export_drone_c__rosidl_generator_pyExport-noconfig.cmake
[12.822s] Invoked command in '/Users/amitgedj/Library/CloudStorage/OneDrive-Personal/University/MsC/Thesis/GitHub/ROS_files/build/drone_c' returned '0': CONDA_PROMPT_MODIFIER=(ros2) SHLVL=2 _=/opt/anaconda3/envs/ros2/bin/env __CF_USER_TEXT_ENCODING=0x1F5:0x0:0x0 /opt/anaconda3/envs/ros2/bin/cmake --install /Users/amitgedj/Library/CloudStorage/OneDrive-Personal/University/MsC/Thesis/GitHub/ROS_files/build/drone_c
