/opt/anaconda3/envs/ros2/lib/python3.10/site-packages/setuptools_scm/_integration/setuptools.py:31: RuntimeWarning: 
ERROR: setuptools==58.2.0 is used in combination with setuptools-scm>=8.x

Your build configuration is incomplete and previously worked by accident!
setuptools-scm requires setuptools>=61

Suggested workaround if applicable:
 - migrating from the deprecated setup_requires mechanism to pep517/518
   and using a pyproject.toml to declare build dependencies
   which are reliably pre-installed before running the build tools

  warnings.warn(
running egg_info
creating ../../build/drone_tuner/drone_tuner.egg-info
writing manifest file '../../build/drone_tuner/drone_tuner.egg-info/SOURCES.txt'
writing manifest file '../../build/drone_tuner/drone_tuner.egg-info/SOURCES.txt'
running build
running build_py
creating /Users/amitgedj/Library/CloudStorage/OneDrive-Personal/University/MsC/Thesis/Code/ROS_files/build/drone_tuner/build
creating /Users/amitgedj/Library/CloudStorage/OneDrive-Personal/University/MsC/Thesis/Code/ROS_files/build/drone_tuner/build/lib
creating /Users/amitgedj/Library/CloudStorage/OneDrive-Personal/University/MsC/Thesis/Code/ROS_files/build/drone_tuner/build/lib/drone_tuner
copying drone_tuner/__init__.py -> /Users/amitgedj/Library/CloudStorage/OneDrive-Personal/University/MsC/Thesis/Code/ROS_files/build/drone_tuner/build/lib/drone_tuner
copying drone_tuner/drone_tuner.py -> /Users/amitgedj/Library/CloudStorage/OneDrive-Personal/University/MsC/Thesis/Code/ROS_files/build/drone_tuner/build/lib/drone_tuner
running install
running install_lib
creating /Users/amitgedj/Library/CloudStorage/OneDrive-Personal/University/MsC/Thesis/Code/ROS_files/install/drone_tuner/lib/python3.10/site-packages/drone_tuner
byte-compiling /Users/amitgedj/Library/CloudStorage/OneDrive-Personal/University/MsC/Thesis/Code/ROS_files/install/drone_tuner/lib/python3.10/site-packages/drone_tuner/__init__.py to __init__.cpython-310.pyc
byte-compiling /Users/amitgedj/Library/CloudStorage/OneDrive-Personal/University/MsC/Thesis/Code/ROS_files/install/drone_tuner/lib/python3.10/site-packages/drone_tuner/drone_tuner.py to drone_tuner.cpython-310.pyc
running install_data
creating /Users/amitgedj/Library/CloudStorage/OneDrive-Personal/University/MsC/Thesis/Code/ROS_files/install/drone_tuner/share/ament_index
creating /Users/amitgedj/Library/CloudStorage/OneDrive-Personal/University/MsC/Thesis/Code/ROS_files/install/drone_tuner/share/ament_index/resource_index
creating /Users/amitgedj/Library/CloudStorage/OneDrive-Personal/University/MsC/Thesis/Code/ROS_files/install/drone_tuner/share/ament_index/resource_index/packages
copying resource/drone_tuner -> /Users/amitgedj/Library/CloudStorage/OneDrive-Personal/University/MsC/Thesis/Code/ROS_files/install/drone_tuner/share/ament_index/resource_index/packages
copying package.xml -> /Users/amitgedj/Library/CloudStorage/OneDrive-Personal/University/MsC/Thesis/Code/ROS_files/install/drone_tuner/share/drone_tuner
creating /Users/amitgedj/Library/CloudStorage/OneDrive-Personal/University/MsC/Thesis/Code/ROS_files/install/drone_tuner/share/drone_tuner/config
copying config/drone_mac.yaml -> /Users/amitgedj/Library/CloudStorage/OneDrive-Personal/University/MsC/Thesis/Code/ROS_files/install/drone_tuner/share/drone_tuner/config
copying config/drone_config.yaml -> /Users/amitgedj/Library/CloudStorage/OneDrive-Personal/University/MsC/Thesis/Code/ROS_files/install/drone_tuner/share/drone_tuner/config
running install_egg_info
Copying ../../build/drone_tuner/drone_tuner.egg-info to /Users/amitgedj/Library/CloudStorage/OneDrive-Personal/University/MsC/Thesis/Code/ROS_files/install/drone_tuner/lib/python3.10/site-packages/drone_tuner-0.0.0-py3.10.egg-info
running install_scripts
writing list of installed files to '/Users/amitgedj/Library/CloudStorage/OneDrive-Personal/University/MsC/Thesis/Code/ROS_files/build/drone_tuner/install.log'
